[
  {
    "test_id": "tool_brainstorm",
    "test_name": "Tool Test: brainstorm",
    "category": "Tool Coverage",
    "status": "PASS",
    "execution_time": 0.47197389602661133,
    "tools_used": [
      "brainstorm"
    ],
    "error_details": null,
    "quality_score": 1.0,
    "output_sample": "I'm here to support you with your essay! Whether you need help with ideas, structure, or writing, we can tackle this together. What would you like to focus on?",
    "bug_reports": []
  },
  {
    "test_id": "tool_brainstorm_specific",
    "test_name": "Tool Test: brainstorm_specific",
    "category": "Tool Coverage",
    "status": "PASS",
    "execution_time": 0.004380226135253906,
    "tools_used": [
      "brainstorm_specific"
    ],
    "error_details": null,
    "quality_score": 1.0,
    "output_sample": "I'm here to support you with your essay! Whether you need help with ideas, structure, or writing, we can tackle this together. What would you like to focus on?",
    "bug_reports": []
  },
  {
    "test_id": "tool_generate_story_ideas",
    "test_name": "Tool Test: generate_story_ideas",
    "category": "Tool Coverage",
    "status": "PASS",
    "execution_time": 0.003909111022949219,
    "tools_used": [
      "generate_story_ideas"
    ],
    "error_details": null,
    "quality_score": 1.0,
    "output_sample": "I'm here to support you with your essay! Whether you need help with ideas, structure, or writing, we can tackle this together. What would you like to focus on?",
    "bug_reports": []
  },
  {
    "test_id": "tool_story_development",
    "test_name": "Tool Test: story_development",
    "category": "Tool Coverage",
    "status": "PASS",
    "execution_time": 0.004168987274169922,
    "tools_used": [
      "story_development"
    ],
    "error_details": null,
    "quality_score": 1.0,
    "output_sample": "I'm here to support you with your essay! Whether you need help with ideas, structure, or writing, we can tackle this together. What would you like to focus on?",
    "bug_reports": []
  },
  {
    "test_id": "tool_story_themes",
    "test_name": "Tool Test: story_themes",
    "category": "Tool Coverage",
    "status": "PASS",
    "execution_time": 0.004245281219482422,
    "tools_used": [
      "story_themes"
    ],
    "error_details": null,
    "quality_score": 1.0,
    "output_sample": "I'm here to support you with your essay! Whether you need help with ideas, structure, or writing, we can tackle this together. What would you like to focus on?",
    "bug_reports": []
  },
  {
    "test_id": "tool_story_analysis",
    "test_name": "Tool Test: story_analysis",
    "category": "Tool Coverage",
    "status": "PASS",
    "execution_time": 0.0038919448852539062,
    "tools_used": [
      "story_analysis"
    ],
    "error_details": null,
    "quality_score": 1.0,
    "output_sample": "I'm here to support you with your essay! Whether you need help with ideas, structure, or writing, we can tackle this together. What would you like to focus on?",
    "bug_reports": []
  },
  {
    "test_id": "tool_outline",
    "test_name": "Tool Test: outline",
    "category": "Tool Coverage",
    "status": "PASS",
    "execution_time": 0.0049479007720947266,
    "tools_used": [
      "outline"
    ],
    "error_details": null,
    "quality_score": 1.0,
    "output_sample": "I'm here to support you with your essay! Whether you need help with ideas, structure, or writing, we can tackle this together. What would you like to focus on?",
    "bug_reports": []
  },
  {
    "test_id": "tool_structure_essay",
    "test_name": "Tool Test: structure_essay",
    "category": "Tool Coverage",
    "status": "PASS",
    "execution_time": 0.004919767379760742,
    "tools_used": [
      "structure_essay"
    ],
    "error_details": null,
    "quality_score": 1.0,
    "output_sample": "I'm here to support you with your essay! Whether you need help with ideas, structure, or writing, we can tackle this together. What would you like to focus on?",
    "bug_reports": []
  },
  {
    "test_id": "tool_plan_essay",
    "test_name": "Tool Test: plan_essay",
    "category": "Tool Coverage",
    "status": "PASS",
    "execution_time": 0.00500798225402832,
    "tools_used": [
      "plan_essay"
    ],
    "error_details": null,
    "quality_score": 1.0,
    "output_sample": "I'm here to support you with your essay! Whether you need help with ideas, structure, or writing, we can tackle this together. What would you like to focus on?",
    "bug_reports": []
  },
  {
    "test_id": "tool_organize_content",
    "test_name": "Tool Test: organize_content",
    "category": "Tool Coverage",
    "status": "PASS",
    "execution_time": 0.004309177398681641,
    "tools_used": [
      "organize_content"
    ],
    "error_details": null,
    "quality_score": 1.0,
    "output_sample": "I'm here to support you with your essay! Whether you need help with ideas, structure, or writing, we can tackle this together. What would you like to focus on?",
    "bug_reports": []
  },
  {
    "test_id": "tool_write_introduction",
    "test_name": "Tool Test: write_introduction",
    "category": "Tool Coverage",
    "status": "PASS",
    "execution_time": 0.00400090217590332,
    "tools_used": [
      "write_introduction"
    ],
    "error_details": null,
    "quality_score": 1.0,
    "output_sample": "I'm here to support you with your essay! Whether you need help with ideas, structure, or writing, we can tackle this together. What would you like to focus on?",
    "bug_reports": []
  },
  {
    "test_id": "tool_write_body_paragraph",
    "test_name": "Tool Test: write_body_paragraph",
    "category": "Tool Coverage",
    "status": "PASS",
    "execution_time": 0.0047779083251953125,
    "tools_used": [
      "write_body_paragraph"
    ],
    "error_details": null,
    "quality_score": 1.0,
    "output_sample": "I'm here to support you with your essay! Whether you need help with ideas, structure, or writing, we can tackle this together. What would you like to focus on?",
    "bug_reports": []
  },
  {
    "test_id": "tool_write_conclusion",
    "test_name": "Tool Test: write_conclusion",
    "category": "Tool Coverage",
    "status": "PASS",
    "execution_time": 0.004929780960083008,
    "tools_used": [
      "write_conclusion"
    ],
    "error_details": null,
    "quality_score": 1.0,
    "output_sample": "I'm here to support you with your essay! Whether you need help with ideas, structure, or writing, we can tackle this together. What would you like to focus on?",
    "bug_reports": []
  },
  {
    "test_id": "tool_draft_essay",
    "test_name": "Tool Test: draft_essay",
    "category": "Tool Coverage",
    "status": "PASS",
    "execution_time": 0.0044667720794677734,
    "tools_used": [
      "draft_essay"
    ],
    "error_details": null,
    "quality_score": 1.0,
    "output_sample": "I'm here to support you with your essay! Whether you need help with ideas, structure, or writing, we can tackle this together. What would you like to focus on?",
    "bug_reports": []
  },
  {
    "test_id": "tool_rewrite_paragraph",
    "test_name": "Tool Test: rewrite_paragraph",
    "category": "Tool Coverage",
    "status": "PASS",
    "execution_time": 0.004256010055541992,
    "tools_used": [
      "rewrite_paragraph"
    ],
    "error_details": null,
    "quality_score": 1.0,
    "output_sample": "I'm here to support you with your essay! Whether you need help with ideas, structure, or writing, we can tackle this together. What would you like to focus on?",
    "bug_reports": []
  },
  {
    "test_id": "tool_improve_transitions",
    "test_name": "Tool Test: improve_transitions",
    "category": "Tool Coverage",
    "status": "PASS",
    "execution_time": 0.0051119327545166016,
    "tools_used": [
      "improve_transitions"
    ],
    "error_details": null,
    "quality_score": 1.0,
    "output_sample": "I'm here to support you with your essay! Whether you need help with ideas, structure, or writing, we can tackle this together. What would you like to focus on?",
    "bug_reports": []
  },
  {
    "test_id": "tool_add_details",
    "test_name": "Tool Test: add_details",
    "category": "Tool Coverage",
    "status": "PASS",
    "execution_time": 0.0043792724609375,
    "tools_used": [
      "add_details"
    ],
    "error_details": null,
    "quality_score": 1.0,
    "output_sample": "I'm here to support you with your essay! Whether you need help with ideas, structure, or writing, we can tackle this together. What would you like to focus on?",
    "bug_reports": []
  },
  {
    "test_id": "tool_enhance_voice",
    "test_name": "Tool Test: enhance_voice",
    "category": "Tool Coverage",
    "status": "PASS",
    "execution_time": 0.0038950443267822266,
    "tools_used": [
      "enhance_voice"
    ],
    "error_details": null,
    "quality_score": 1.0,
    "output_sample": "I'm here to support you with your essay! Whether you need help with ideas, structure, or writing, we can tackle this together. What would you like to focus on?",
    "bug_reports": []
  },
  {
    "test_id": "tool_revise_for_clarity",
    "test_name": "Tool Test: revise_for_clarity",
    "category": "Tool Coverage",
    "status": "PASS",
    "execution_time": 0.0063130855560302734,
    "tools_used": [
      "revise_for_clarity"
    ],
    "error_details": null,
    "quality_score": 1.0,
    "output_sample": "I'm here to support you with your essay! Whether you need help with ideas, structure, or writing, we can tackle this together. What would you like to focus on?",
    "bug_reports": []
  },
  {
    "test_id": "tool_revise_for_impact",
    "test_name": "Tool Test: revise_for_impact",
    "category": "Tool Coverage",
    "status": "PASS",
    "execution_time": 0.004055976867675781,
    "tools_used": [
      "revise_for_impact"
    ],
    "error_details": null,
    "quality_score": 1.0,
    "output_sample": "I'm here to support you with your essay! Whether you need help with ideas, structure, or writing, we can tackle this together. What would you like to focus on?",
    "bug_reports": []
  },
  {
    "test_id": "tool_strengthen_opening",
    "test_name": "Tool Test: strengthen_opening",
    "category": "Tool Coverage",
    "status": "PASS",
    "execution_time": 0.0044329166412353516,
    "tools_used": [
      "strengthen_opening"
    ],
    "error_details": null,
    "quality_score": 1.0,
    "output_sample": "I'm here to support you with your essay! Whether you need help with ideas, structure, or writing, we can tackle this together. What would you like to focus on?",
    "bug_reports": []
  },
  {
    "test_id": "tool_improve_flow",
    "test_name": "Tool Test: improve_flow",
    "category": "Tool Coverage",
    "status": "PASS",
    "execution_time": 0.0040531158447265625,
    "tools_used": [
      "improve_flow"
    ],
    "error_details": null,
    "quality_score": 1.0,
    "output_sample": "I'm here to support you with your essay! Whether you need help with ideas, structure, or writing, we can tackle this together. What would you like to focus on?",
    "bug_reports": []
  },
  {
    "test_id": "tool_polish_language",
    "test_name": "Tool Test: polish_language",
    "category": "Tool Coverage",
    "status": "PASS",
    "execution_time": 0.004670858383178711,
    "tools_used": [
      "polish_language"
    ],
    "error_details": null,
    "quality_score": 1.0,
    "output_sample": "I'm here to support you with your essay! Whether you need help with ideas, structure, or writing, we can tackle this together. What would you like to focus on?",
    "bug_reports": []
  },
  {
    "test_id": "tool_adjust_tone",
    "test_name": "Tool Test: adjust_tone",
    "category": "Tool Coverage",
    "status": "PASS",
    "execution_time": 0.004099130630493164,
    "tools_used": [
      "adjust_tone"
    ],
    "error_details": null,
    "quality_score": 1.0,
    "output_sample": "I'm here to support you with your essay! Whether you need help with ideas, structure, or writing, we can tackle this together. What would you like to focus on?",
    "bug_reports": []
  },
  {
    "test_id": "tool_refine_word_choice",
    "test_name": "Tool Test: refine_word_choice",
    "category": "Tool Coverage",
    "status": "PASS",
    "execution_time": 0.0036787986755371094,
    "tools_used": [
      "refine_word_choice"
    ],
    "error_details": null,
    "quality_score": 1.0,
    "output_sample": "I'm here to support you with your essay! Whether you need help with ideas, structure, or writing, we can tackle this together. What would you like to focus on?",
    "bug_reports": []
  },
  {
    "test_id": "tool_final_edit",
    "test_name": "Tool Test: final_edit",
    "category": "Tool Coverage",
    "status": "PASS",
    "execution_time": 0.003895998001098633,
    "tools_used": [
      "final_edit"
    ],
    "error_details": null,
    "quality_score": 1.0,
    "output_sample": "I'm here to support you with your essay! Whether you need help with ideas, structure, or writing, we can tackle this together. What would you like to focus on?",
    "bug_reports": []
  },
  {
    "test_id": "tool_analyze_essay",
    "test_name": "Tool Test: analyze_essay",
    "category": "Tool Coverage",
    "status": "PASS",
    "execution_time": 0.0042819976806640625,
    "tools_used": [
      "analyze_essay"
    ],
    "error_details": null,
    "quality_score": 1.0,
    "output_sample": "I'm here to support you with your essay! Whether you need help with ideas, structure, or writing, we can tackle this together. What would you like to focus on?",
    "bug_reports": []
  },
  {
    "test_id": "tool_check_word_count",
    "test_name": "Tool Test: check_word_count",
    "category": "Tool Coverage",
    "status": "PASS",
    "execution_time": 0.0039958953857421875,
    "tools_used": [
      "check_word_count"
    ],
    "error_details": null,
    "quality_score": 1.0,
    "output_sample": "I'm here to support you with your essay! Whether you need help with ideas, structure, or writing, we can tackle this together. What would you like to focus on?",
    "bug_reports": []
  },
  {
    "test_id": "tool_evaluate_prompt_response",
    "test_name": "Tool Test: evaluate_prompt_response",
    "category": "Tool Coverage",
    "status": "PASS",
    "execution_time": 0.004167795181274414,
    "tools_used": [
      "evaluate_prompt_response"
    ],
    "error_details": null,
    "quality_score": 1.0,
    "output_sample": "I'm here to support you with your essay! Whether you need help with ideas, structure, or writing, we can tackle this together. What would you like to focus on?",
    "bug_reports": []
  },
  {
    "test_id": "tool_assess_narrative_structure",
    "test_name": "Tool Test: assess_narrative_structure",
    "category": "Tool Coverage",
    "status": "PASS",
    "execution_time": 0.004446268081665039,
    "tools_used": [
      "assess_narrative_structure"
    ],
    "error_details": null,
    "quality_score": 1.0,
    "output_sample": "I'm here to support you with your essay! Whether you need help with ideas, structure, or writing, we can tackle this together. What would you like to focus on?",
    "bug_reports": []
  },
  {
    "test_id": "tool_review_coherence",
    "test_name": "Tool Test: review_coherence",
    "category": "Tool Coverage",
    "status": "PASS",
    "execution_time": 0.00583195686340332,
    "tools_used": [
      "review_coherence"
    ],
    "error_details": null,
    "quality_score": 1.0,
    "output_sample": "I'm here to support you with your essay! Whether you need help with ideas, structure, or writing, we can tackle this together. What would you like to focus on?",
    "bug_reports": []
  },
  {
    "test_id": "tool_score_essay",
    "test_name": "Tool Test: score_essay",
    "category": "Tool Coverage",
    "status": "PASS",
    "execution_time": 0.003814220428466797,
    "tools_used": [
      "score_essay"
    ],
    "error_details": null,
    "quality_score": 1.0,
    "output_sample": "I'm here to support you with your essay! Whether you need help with ideas, structure, or writing, we can tackle this together. What would you like to focus on?",
    "bug_reports": []
  },
  {
    "test_id": "tool_clarify",
    "test_name": "Tool Test: clarify",
    "category": "Tool Coverage",
    "status": "PASS",
    "execution_time": 0.004510164260864258,
    "tools_used": [
      "clarify"
    ],
    "error_details": null,
    "quality_score": 1.0,
    "output_sample": "I'm here to support you with your essay! Whether you need help with ideas, structure, or writing, we can tackle this together. What would you like to focus on?",
    "bug_reports": []
  },
  {
    "test_id": "tool_provide_feedback",
    "test_name": "Tool Test: provide_feedback",
    "category": "Tool Coverage",
    "status": "PASS",
    "execution_time": 0.005300998687744141,
    "tools_used": [
      "provide_feedback"
    ],
    "error_details": null,
    "quality_score": 1.0,
    "output_sample": "I'm here to support you with your essay! Whether you need help with ideas, structure, or writing, we can tackle this together. What would you like to focus on?",
    "bug_reports": []
  },
  {
    "test_id": "tool_suggest_improvements",
    "test_name": "Tool Test: suggest_improvements",
    "category": "Tool Coverage",
    "status": "PASS",
    "execution_time": 0.005188703536987305,
    "tools_used": [
      "suggest_improvements"
    ],
    "error_details": null,
    "quality_score": 1.0,
    "output_sample": "I'm here to support you with your essay! Whether you need help with ideas, structure, or writing, we can tackle this together. What would you like to focus on?",
    "bug_reports": []
  },
  {
    "test_id": "tool_generate_alternatives",
    "test_name": "Tool Test: generate_alternatives",
    "category": "Tool Coverage",
    "status": "PASS",
    "execution_time": 0.00451207160949707,
    "tools_used": [
      "generate_alternatives"
    ],
    "error_details": null,
    "quality_score": 1.0,
    "output_sample": "I'm here to support you with your essay! Whether you need help with ideas, structure, or writing, we can tackle this together. What would you like to focus on?",
    "bug_reports": []
  },
  {
    "test_id": "journey_stanford_identity",
    "test_name": "User Journey: New user, blank slate to final draft",
    "category": "User Journey",
    "status": "ERROR",
    "execution_time": 0.014461278915405273,
    "tools_used": [],
    "error_details": "'EssayReActAgent' object has no attribute 'chat'",
    "quality_score": null,
    "output_sample": null,
    "bug_reports": [
      {
        "bug_id": "BUG-EVAL-001",
        "test_id": "journey_stanford_identity",
        "severity": "HIGH",
        "category": "User Journey",
        "description": "User journey stanford_identity failed",
        "error_details": "'EssayReActAgent' object has no attribute 'chat'",
        "reproduction_steps": [
          "Start stanford_identity user journey",
          "School: Stanford, Type: identity",
          "Exception: 'EssayReActAgent' object has no attribute 'chat'"
        ],
        "timestamp": "2025-07-15T22:08:45.318995",
        "tools_involved": [],
        "conversation_context": ""
      }
    ]
  },
  {
    "test_id": "journey_harvard_challenge",
    "test_name": "User Journey: New user, guided brainstorming to completion",
    "category": "User Journey",
    "status": "ERROR",
    "execution_time": 0.008230924606323242,
    "tools_used": [],
    "error_details": "'EssayReActAgent' object has no attribute 'chat'",
    "quality_score": null,
    "output_sample": null,
    "bug_reports": [
      {
        "bug_id": "BUG-EVAL-002",
        "test_id": "journey_harvard_challenge",
        "severity": "HIGH",
        "category": "User Journey",
        "description": "User journey harvard_challenge failed",
        "error_details": "'EssayReActAgent' object has no attribute 'chat'",
        "reproduction_steps": [
          "Start harvard_challenge user journey",
          "School: Harvard, Type: challenge",
          "Exception: 'EssayReActAgent' object has no attribute 'chat'"
        ],
        "timestamp": "2025-07-15T22:08:45.327149",
        "tools_involved": [],
        "conversation_context": ""
      }
    ]
  },
  {
    "test_id": "journey_mit_stem_passion",
    "test_name": "User Journey: New user, technical focus development",
    "category": "User Journey",
    "status": "ERROR",
    "execution_time": 0.007925987243652344,
    "tools_used": [],
    "error_details": "'EssayReActAgent' object has no attribute 'chat'",
    "quality_score": null,
    "output_sample": null,
    "bug_reports": [
      {
        "bug_id": "BUG-EVAL-003",
        "test_id": "journey_mit_stem_passion",
        "severity": "HIGH",
        "category": "User Journey",
        "description": "User journey mit_stem_passion failed",
        "error_details": "'EssayReActAgent' object has no attribute 'chat'",
        "reproduction_steps": [
          "Start mit_stem_passion user journey",
          "School: MIT, Type: passion",
          "Exception: 'EssayReActAgent' object has no attribute 'chat'"
        ],
        "timestamp": "2025-07-15T22:08:45.335294",
        "tools_involved": [],
        "conversation_context": ""
      }
    ]
  },
  {
    "test_id": "journey_yale_community",
    "test_name": "User Journey: New user, service experience development",
    "category": "User Journey",
    "status": "ERROR",
    "execution_time": 0.009895801544189453,
    "tools_used": [],
    "error_details": "'EssayReActAgent' object has no attribute 'chat'",
    "quality_score": null,
    "output_sample": null,
    "bug_reports": [
      {
        "bug_id": "BUG-EVAL-004",
        "test_id": "journey_yale_community",
        "severity": "HIGH",
        "category": "User Journey",
        "description": "User journey yale_community failed",
        "error_details": "'EssayReActAgent' object has no attribute 'chat'",
        "reproduction_steps": [
          "Start yale_community user journey",
          "School: Yale, Type: community",
          "Exception: 'EssayReActAgent' object has no attribute 'chat'"
        ],
        "timestamp": "2025-07-15T22:08:45.345196",
        "tools_involved": [],
        "conversation_context": ""
      }
    ]
  },
  {
    "test_id": "journey_princeton_growth",
    "test_name": "User Journey: New user, personal development narrative",
    "category": "User Journey",
    "status": "ERROR",
    "execution_time": 0.007941246032714844,
    "tools_used": [],
    "error_details": "'EssayReActAgent' object has no attribute 'chat'",
    "quality_score": null,
    "output_sample": null,
    "bug_reports": [
      {
        "bug_id": "BUG-EVAL-005",
        "test_id": "journey_princeton_growth",
        "severity": "HIGH",
        "category": "User Journey",
        "description": "User journey princeton_growth failed",
        "error_details": "'EssayReActAgent' object has no attribute 'chat'",
        "reproduction_steps": [
          "Start princeton_growth user journey",
          "School: Princeton, Type: achievement",
          "Exception: 'EssayReActAgent' object has no attribute 'chat'"
        ],
        "timestamp": "2025-07-15T22:08:45.353161",
        "tools_involved": [],
        "conversation_context": ""
      }
    ]
  },
  {
    "test_id": "journey_columbia_diversity",
    "test_name": "User Journey: New user, cultural background exploration",
    "category": "User Journey",
    "status": "ERROR",
    "execution_time": 0.007772922515869141,
    "tools_used": [],
    "error_details": "'EssayReActAgent' object has no attribute 'chat'",
    "quality_score": null,
    "output_sample": null,
    "bug_reports": [
      {
        "bug_id": "BUG-EVAL-006",
        "test_id": "journey_columbia_diversity",
        "severity": "HIGH",
        "category": "User Journey",
        "description": "User journey columbia_diversity failed",
        "error_details": "'EssayReActAgent' object has no attribute 'chat'",
        "reproduction_steps": [
          "Start columbia_diversity user journey",
          "School: Columbia, Type: identity",
          "Exception: 'EssayReActAgent' object has no attribute 'chat'"
        ],
        "timestamp": "2025-07-15T22:08:45.360935",
        "tools_involved": [],
        "conversation_context": ""
      }
    ]
  },
  {
    "test_id": "journey_upenn_intellectual",
    "test_name": "User Journey: New user, academic passion deep-dive",
    "category": "User Journey",
    "status": "ERROR",
    "execution_time": 0.008877992630004883,
    "tools_used": [],
    "error_details": "'EssayReActAgent' object has no attribute 'chat'",
    "quality_score": null,
    "output_sample": null,
    "bug_reports": [
      {
        "bug_id": "BUG-EVAL-007",
        "test_id": "journey_upenn_intellectual",
        "severity": "HIGH",
        "category": "User Journey",
        "description": "User journey upenn_intellectual failed",
        "error_details": "'EssayReActAgent' object has no attribute 'chat'",
        "reproduction_steps": [
          "Start upenn_intellectual user journey",
          "School: UPenn, Type: passion",
          "Exception: 'EssayReActAgent' object has no attribute 'chat'"
        ],
        "timestamp": "2025-07-15T22:08:45.369870",
        "tools_involved": [],
        "conversation_context": ""
      }
    ]
  },
  {
    "test_id": "journey_brown_open",
    "test_name": "User Journey: New user, interdisciplinary interests",
    "category": "User Journey",
    "status": "ERROR",
    "execution_time": 0.00850987434387207,
    "tools_used": [],
    "error_details": "'EssayReActAgent' object has no attribute 'chat'",
    "quality_score": null,
    "output_sample": null,
    "bug_reports": [
      {
        "bug_id": "BUG-EVAL-008",
        "test_id": "journey_brown_open",
        "severity": "HIGH",
        "category": "User Journey",
        "description": "User journey brown_open failed",
        "error_details": "'EssayReActAgent' object has no attribute 'chat'",
        "reproduction_steps": [
          "Start brown_open user journey",
          "School: Brown, Type: identity",
          "Exception: 'EssayReActAgent' object has no attribute 'chat'"
        ],
        "timestamp": "2025-07-15T22:08:45.378370",
        "tools_involved": [],
        "conversation_context": ""
      }
    ]
  },
  {
    "test_id": "journey_cornell_problem",
    "test_name": "User Journey: New user, analytical approach",
    "category": "User Journey",
    "status": "ERROR",
    "execution_time": 0.010820865631103516,
    "tools_used": [],
    "error_details": "'EssayReActAgent' object has no attribute 'chat'",
    "quality_score": null,
    "output_sample": null,
    "bug_reports": [
      {
        "bug_id": "BUG-EVAL-009",
        "test_id": "journey_cornell_problem",
        "severity": "HIGH",
        "category": "User Journey",
        "description": "User journey cornell_problem failed",
        "error_details": "'EssayReActAgent' object has no attribute 'chat'",
        "reproduction_steps": [
          "Start cornell_problem user journey",
          "School: Cornell, Type: achievement",
          "Exception: 'EssayReActAgent' object has no attribute 'chat'"
        ],
        "timestamp": "2025-07-15T22:08:45.389227",
        "tools_involved": [],
        "conversation_context": ""
      }
    ]
  },
  {
    "test_id": "journey_duke_leadership",
    "test_name": "User Journey: New user, leadership experience crafting",
    "category": "User Journey",
    "status": "ERROR",
    "execution_time": 0.00752711296081543,
    "tools_used": [],
    "error_details": "'EssayReActAgent' object has no attribute 'chat'",
    "quality_score": null,
    "output_sample": null,
    "bug_reports": [
      {
        "bug_id": "BUG-EVAL-010",
        "test_id": "journey_duke_leadership",
        "severity": "HIGH",
        "category": "User Journey",
        "description": "User journey duke_leadership failed",
        "error_details": "'EssayReActAgent' object has no attribute 'chat'",
        "reproduction_steps": [
          "Start duke_leadership user journey",
          "School: Duke, Type: community",
          "Exception: 'EssayReActAgent' object has no attribute 'chat'"
        ],
        "timestamp": "2025-07-15T22:08:45.396777",
        "tools_involved": [],
        "conversation_context": ""
      }
    ]
  },
  {
    "test_id": "journey_northwestern_why",
    "test_name": "User Journey: New user, fit and goals alignment",
    "category": "User Journey",
    "status": "ERROR",
    "execution_time": 0.007582902908325195,
    "tools_used": [],
    "error_details": "'EssayReActAgent' object has no attribute 'chat'",
    "quality_score": null,
    "output_sample": null,
    "bug_reports": [
      {
        "bug_id": "BUG-EVAL-011",
        "test_id": "journey_northwestern_why",
        "severity": "HIGH",
        "category": "User Journey",
        "description": "User journey northwestern_why failed",
        "error_details": "'EssayReActAgent' object has no attribute 'chat'",
        "reproduction_steps": [
          "Start northwestern_why user journey",
          "School: Northwestern, Type: identity",
          "Exception: 'EssayReActAgent' object has no attribute 'chat'"
        ],
        "timestamp": "2025-07-15T22:08:45.404354",
        "tools_involved": [],
        "conversation_context": ""
      }
    ]
  },
  {
    "test_id": "journey_uc_personal",
    "test_name": "User Journey: New user, specific prompt response",
    "category": "User Journey",
    "status": "ERROR",
    "execution_time": 0.009064912796020508,
    "tools_used": [],
    "error_details": "'EssayReActAgent' object has no attribute 'chat'",
    "quality_score": null,
    "output_sample": null,
    "bug_reports": [
      {
        "bug_id": "BUG-EVAL-012",
        "test_id": "journey_uc_personal",
        "severity": "HIGH",
        "category": "User Journey",
        "description": "User journey uc_personal failed",
        "error_details": "'EssayReActAgent' object has no attribute 'chat'",
        "reproduction_steps": [
          "Start uc_personal user journey",
          "School: UC Berkeley, Type: challenge",
          "Exception: 'EssayReActAgent' object has no attribute 'chat'"
        ],
        "timestamp": "2025-07-15T22:08:45.413427",
        "tools_involved": [],
        "conversation_context": ""
      }
    ]
  },
  {
    "test_id": "journey_returning_similar",
    "test_name": "User Journey: Suggest past essay adaptation",
    "category": "User Journey",
    "status": "ERROR",
    "execution_time": 0.0024461746215820312,
    "tools_used": [],
    "error_details": "3 validation errors for UserProfile\nuser_info\n  Field required [type=missing, input_value={'name': 'Test User', 'gr...identity', 'challenge']}, input_type=dict]\n    For further information visit https://errors.pydantic.dev/2.11/v/missing\nacademic_profile\n  Field required [type=missing, input_value={'name': 'Test User', 'gr...identity', 'challenge']}, input_type=dict]\n    For further information visit https://errors.pydantic.dev/2.11/v/missing\ncore_values\n  Field required [type=missing, input_value={'name': 'Test User', 'gr...identity', 'challenge']}, input_type=dict]\n    For further information visit https://errors.pydantic.dev/2.11/v/missing",
    "quality_score": null,
    "output_sample": null,
    "bug_reports": [
      {
        "bug_id": "BUG-EVAL-013",
        "test_id": "journey_returning_similar",
        "severity": "HIGH",
        "category": "User Journey",
        "description": "User journey returning_similar failed",
        "error_details": "3 validation errors for UserProfile\nuser_info\n  Field required [type=missing, input_value={'name': 'Test User', 'gr...identity', 'challenge']}, input_type=dict]\n    For further information visit https://errors.pydantic.dev/2.11/v/missing\nacademic_profile\n  Field required [type=missing, input_value={'name': 'Test User', 'gr...identity', 'challenge']}, input_type=dict]\n    For further information visit https://errors.pydantic.dev/2.11/v/missing\ncore_values\n  Field required [type=missing, input_value={'name': 'Test User', 'gr...identity', 'challenge']}, input_type=dict]\n    For further information visit https://errors.pydantic.dev/2.11/v/missing",
        "reproduction_steps": [
          "Start returning_similar user journey",
          "School: Stanford, Type: identity",
          "Exception: 3 validation errors for UserProfile\nuser_info\n  Field required [type=missing, input_value={'name': 'Test User', 'gr...identity', 'challenge']}, input_type=dict]\n    For further information visit https://errors.pydantic.dev/2.11/v/missing\nacademic_profile\n  Field required [type=missing, input_value={'name': 'Test User', 'gr...identity', 'challenge']}, input_type=dict]\n    For further information visit https://errors.pydantic.dev/2.11/v/missing\ncore_values\n  Field required [type=missing, input_value={'name': 'Test User', 'gr...identity', 'challenge']}, input_type=dict]\n    For further information visit https://errors.pydantic.dev/2.11/v/missing"
        ],
        "timestamp": "2025-07-15T22:08:45.415787",
        "tools_involved": [],
        "conversation_context": ""
      }
    ]
  },
  {
    "test_id": "journey_multi_essay_portfolio",
    "test_name": "User Journey: Ensure story diversity across applications",
    "category": "User Journey",
    "status": "ERROR",
    "execution_time": 0.0015130043029785156,
    "tools_used": [],
    "error_details": "3 validation errors for UserProfile\nuser_info\n  Field required [type=missing, input_value={'name': 'Test User', 'gr...identity', 'challenge']}, input_type=dict]\n    For further information visit https://errors.pydantic.dev/2.11/v/missing\nacademic_profile\n  Field required [type=missing, input_value={'name': 'Test User', 'gr...identity', 'challenge']}, input_type=dict]\n    For further information visit https://errors.pydantic.dev/2.11/v/missing\ncore_values\n  Field required [type=missing, input_value={'name': 'Test User', 'gr...identity', 'challenge']}, input_type=dict]\n    For further information visit https://errors.pydantic.dev/2.11/v/missing",
    "quality_score": null,
    "output_sample": null,
    "bug_reports": [
      {
        "bug_id": "BUG-EVAL-014",
        "test_id": "journey_multi_essay_portfolio",
        "severity": "HIGH",
        "category": "User Journey",
        "description": "User journey multi_essay_portfolio failed",
        "error_details": "3 validation errors for UserProfile\nuser_info\n  Field required [type=missing, input_value={'name': 'Test User', 'gr...identity', 'challenge']}, input_type=dict]\n    For further information visit https://errors.pydantic.dev/2.11/v/missing\nacademic_profile\n  Field required [type=missing, input_value={'name': 'Test User', 'gr...identity', 'challenge']}, input_type=dict]\n    For further information visit https://errors.pydantic.dev/2.11/v/missing\ncore_values\n  Field required [type=missing, input_value={'name': 'Test User', 'gr...identity', 'challenge']}, input_type=dict]\n    For further information visit https://errors.pydantic.dev/2.11/v/missing",
        "reproduction_steps": [
          "Start multi_essay_portfolio user journey",
          "School: Harvard, Type: challenge",
          "Exception: 3 validation errors for UserProfile\nuser_info\n  Field required [type=missing, input_value={'name': 'Test User', 'gr...identity', 'challenge']}, input_type=dict]\n    For further information visit https://errors.pydantic.dev/2.11/v/missing\nacademic_profile\n  Field required [type=missing, input_value={'name': 'Test User', 'gr...identity', 'challenge']}, input_type=dict]\n    For further information visit https://errors.pydantic.dev/2.11/v/missing\ncore_values\n  Field required [type=missing, input_value={'name': 'Test User', 'gr...identity', 'challenge']}, input_type=dict]\n    For further information visit https://errors.pydantic.dev/2.11/v/missing"
        ],
        "timestamp": "2025-07-15T22:08:45.417296",
        "tools_involved": [],
        "conversation_context": ""
      }
    ]
  },
  {
    "test_id": "journey_profile_driven_brainstorm",
    "test_name": "User Journey: Use activities/classes for ideas",
    "category": "User Journey",
    "status": "ERROR",
    "execution_time": 0.0012590885162353516,
    "tools_used": [],
    "error_details": "3 validation errors for UserProfile\nuser_info\n  Field required [type=missing, input_value={'name': 'Test User', 'gr...identity', 'challenge']}, input_type=dict]\n    For further information visit https://errors.pydantic.dev/2.11/v/missing\nacademic_profile\n  Field required [type=missing, input_value={'name': 'Test User', 'gr...identity', 'challenge']}, input_type=dict]\n    For further information visit https://errors.pydantic.dev/2.11/v/missing\ncore_values\n  Field required [type=missing, input_value={'name': 'Test User', 'gr...identity', 'challenge']}, input_type=dict]\n    For further information visit https://errors.pydantic.dev/2.11/v/missing",
    "quality_score": null,
    "output_sample": null,
    "bug_reports": [
      {
        "bug_id": "BUG-EVAL-015",
        "test_id": "journey_profile_driven_brainstorm",
        "severity": "HIGH",
        "category": "User Journey",
        "description": "User journey profile_driven_brainstorm failed",
        "error_details": "3 validation errors for UserProfile\nuser_info\n  Field required [type=missing, input_value={'name': 'Test User', 'gr...identity', 'challenge']}, input_type=dict]\n    For further information visit https://errors.pydantic.dev/2.11/v/missing\nacademic_profile\n  Field required [type=missing, input_value={'name': 'Test User', 'gr...identity', 'challenge']}, input_type=dict]\n    For further information visit https://errors.pydantic.dev/2.11/v/missing\ncore_values\n  Field required [type=missing, input_value={'name': 'Test User', 'gr...identity', 'challenge']}, input_type=dict]\n    For further information visit https://errors.pydantic.dev/2.11/v/missing",
        "reproduction_steps": [
          "Start profile_driven_brainstorm user journey",
          "School: MIT, Type: passion",
          "Exception: 3 validation errors for UserProfile\nuser_info\n  Field required [type=missing, input_value={'name': 'Test User', 'gr...identity', 'challenge']}, input_type=dict]\n    For further information visit https://errors.pydantic.dev/2.11/v/missing\nacademic_profile\n  Field required [type=missing, input_value={'name': 'Test User', 'gr...identity', 'challenge']}, input_type=dict]\n    For further information visit https://errors.pydantic.dev/2.11/v/missing\ncore_values\n  Field required [type=missing, input_value={'name': 'Test User', 'gr...identity', 'challenge']}, input_type=dict]\n    For further information visit https://errors.pydantic.dev/2.11/v/missing"
        ],
        "timestamp": "2025-07-15T22:08:45.418722",
        "tools_involved": [],
        "conversation_context": ""
      }
    ]
  },
  {
    "test_id": "journey_revision_existing",
    "test_name": "User Journey: Improve previously written essay",
    "category": "User Journey",
    "status": "ERROR",
    "execution_time": 0.0010459423065185547,
    "tools_used": [],
    "error_details": "3 validation errors for UserProfile\nuser_info\n  Field required [type=missing, input_value={'name': 'Test User', 'gr...identity', 'challenge']}, input_type=dict]\n    For further information visit https://errors.pydantic.dev/2.11/v/missing\nacademic_profile\n  Field required [type=missing, input_value={'name': 'Test User', 'gr...identity', 'challenge']}, input_type=dict]\n    For further information visit https://errors.pydantic.dev/2.11/v/missing\ncore_values\n  Field required [type=missing, input_value={'name': 'Test User', 'gr...identity', 'challenge']}, input_type=dict]\n    For further information visit https://errors.pydantic.dev/2.11/v/missing",
    "quality_score": null,
    "output_sample": null,
    "bug_reports": [
      {
        "bug_id": "BUG-EVAL-016",
        "test_id": "journey_revision_existing",
        "severity": "HIGH",
        "category": "User Journey",
        "description": "User journey revision_existing failed",
        "error_details": "3 validation errors for UserProfile\nuser_info\n  Field required [type=missing, input_value={'name': 'Test User', 'gr...identity', 'challenge']}, input_type=dict]\n    For further information visit https://errors.pydantic.dev/2.11/v/missing\nacademic_profile\n  Field required [type=missing, input_value={'name': 'Test User', 'gr...identity', 'challenge']}, input_type=dict]\n    For further information visit https://errors.pydantic.dev/2.11/v/missing\ncore_values\n  Field required [type=missing, input_value={'name': 'Test User', 'gr...identity', 'challenge']}, input_type=dict]\n    For further information visit https://errors.pydantic.dev/2.11/v/missing",
        "reproduction_steps": [
          "Start revision_existing user journey",
          "School: Yale, Type: community",
          "Exception: 3 validation errors for UserProfile\nuser_info\n  Field required [type=missing, input_value={'name': 'Test User', 'gr...identity', 'challenge']}, input_type=dict]\n    For further information visit https://errors.pydantic.dev/2.11/v/missing\nacademic_profile\n  Field required [type=missing, input_value={'name': 'Test User', 'gr...identity', 'challenge']}, input_type=dict]\n    For further information visit https://errors.pydantic.dev/2.11/v/missing\ncore_values\n  Field required [type=missing, input_value={'name': 'Test User', 'gr...identity', 'challenge']}, input_type=dict]\n    For further information visit https://errors.pydantic.dev/2.11/v/missing"
        ],
        "timestamp": "2025-07-15T22:08:45.419766",
        "tools_involved": [],
        "conversation_context": ""
      }
    ]
  },
  {
    "test_id": "journey_cross_prompt_reuse",
    "test_name": "User Journey: Adapt story for different prompt type",
    "category": "User Journey",
    "status": "ERROR",
    "execution_time": 0.0011150836944580078,
    "tools_used": [],
    "error_details": "3 validation errors for UserProfile\nuser_info\n  Field required [type=missing, input_value={'name': 'Test User', 'gr...identity', 'challenge']}, input_type=dict]\n    For further information visit https://errors.pydantic.dev/2.11/v/missing\nacademic_profile\n  Field required [type=missing, input_value={'name': 'Test User', 'gr...identity', 'challenge']}, input_type=dict]\n    For further information visit https://errors.pydantic.dev/2.11/v/missing\ncore_values\n  Field required [type=missing, input_value={'name': 'Test User', 'gr...identity', 'challenge']}, input_type=dict]\n    For further information visit https://errors.pydantic.dev/2.11/v/missing",
    "quality_score": null,
    "output_sample": null,
    "bug_reports": [
      {
        "bug_id": "BUG-EVAL-017",
        "test_id": "journey_cross_prompt_reuse",
        "severity": "HIGH",
        "category": "User Journey",
        "description": "User journey cross_prompt_reuse failed",
        "error_details": "3 validation errors for UserProfile\nuser_info\n  Field required [type=missing, input_value={'name': 'Test User', 'gr...identity', 'challenge']}, input_type=dict]\n    For further information visit https://errors.pydantic.dev/2.11/v/missing\nacademic_profile\n  Field required [type=missing, input_value={'name': 'Test User', 'gr...identity', 'challenge']}, input_type=dict]\n    For further information visit https://errors.pydantic.dev/2.11/v/missing\ncore_values\n  Field required [type=missing, input_value={'name': 'Test User', 'gr...identity', 'challenge']}, input_type=dict]\n    For further information visit https://errors.pydantic.dev/2.11/v/missing",
        "reproduction_steps": [
          "Start cross_prompt_reuse user journey",
          "School: Princeton, Type: achievement",
          "Exception: 3 validation errors for UserProfile\nuser_info\n  Field required [type=missing, input_value={'name': 'Test User', 'gr...identity', 'challenge']}, input_type=dict]\n    For further information visit https://errors.pydantic.dev/2.11/v/missing\nacademic_profile\n  Field required [type=missing, input_value={'name': 'Test User', 'gr...identity', 'challenge']}, input_type=dict]\n    For further information visit https://errors.pydantic.dev/2.11/v/missing\ncore_values\n  Field required [type=missing, input_value={'name': 'Test User', 'gr...identity', 'challenge']}, input_type=dict]\n    For further information visit https://errors.pydantic.dev/2.11/v/missing"
        ],
        "timestamp": "2025-07-15T22:08:45.420943",
        "tools_involved": [],
        "conversation_context": ""
      }
    ]
  },
  {
    "test_id": "journey_advanced_complex",
    "test_name": "User Journey: Multi-tool sophisticated workflow",
    "category": "User Journey",
    "status": "ERROR",
    "execution_time": 0.00899195671081543,
    "tools_used": [],
    "error_details": "3 validation errors for UserProfile\nuser_info\n  Field required [type=missing, input_value={'name': 'Test User', 'gr...identity', 'challenge']}, input_type=dict]\n    For further information visit https://errors.pydantic.dev/2.11/v/missing\nacademic_profile\n  Field required [type=missing, input_value={'name': 'Test User', 'gr...identity', 'challenge']}, input_type=dict]\n    For further information visit https://errors.pydantic.dev/2.11/v/missing\ncore_values\n  Field required [type=missing, input_value={'name': 'Test User', 'gr...identity', 'challenge']}, input_type=dict]\n    For further information visit https://errors.pydantic.dev/2.11/v/missing",
    "quality_score": null,
    "output_sample": null,
    "bug_reports": [
      {
        "bug_id": "BUG-EVAL-018",
        "test_id": "journey_advanced_complex",
        "severity": "HIGH",
        "category": "User Journey",
        "description": "User journey advanced_complex failed",
        "error_details": "3 validation errors for UserProfile\nuser_info\n  Field required [type=missing, input_value={'name': 'Test User', 'gr...identity', 'challenge']}, input_type=dict]\n    For further information visit https://errors.pydantic.dev/2.11/v/missing\nacademic_profile\n  Field required [type=missing, input_value={'name': 'Test User', 'gr...identity', 'challenge']}, input_type=dict]\n    For further information visit https://errors.pydantic.dev/2.11/v/missing\ncore_values\n  Field required [type=missing, input_value={'name': 'Test User', 'gr...identity', 'challenge']}, input_type=dict]\n    For further information visit https://errors.pydantic.dev/2.11/v/missing",
        "reproduction_steps": [
          "Start advanced_complex user journey",
          "School: Columbia, Type: identity",
          "Exception: 3 validation errors for UserProfile\nuser_info\n  Field required [type=missing, input_value={'name': 'Test User', 'gr...identity', 'challenge']}, input_type=dict]\n    For further information visit https://errors.pydantic.dev/2.11/v/missing\nacademic_profile\n  Field required [type=missing, input_value={'name': 'Test User', 'gr...identity', 'challenge']}, input_type=dict]\n    For further information visit https://errors.pydantic.dev/2.11/v/missing\ncore_values\n  Field required [type=missing, input_value={'name': 'Test User', 'gr...identity', 'challenge']}, input_type=dict]\n    For further information visit https://errors.pydantic.dev/2.11/v/missing"
        ],
        "timestamp": "2025-07-15T22:08:45.429799",
        "tools_involved": [],
        "conversation_context": ""
      }
    ]
  },
  {
    "test_id": "journey_rich_profile",
    "test_name": "User Journey: Leverage extensive background data",
    "category": "User Journey",
    "status": "ERROR",
    "execution_time": 0.021862030029296875,
    "tools_used": [],
    "error_details": "3 validation errors for UserProfile\nuser_info\n  Field required [type=missing, input_value={'name': 'Test User', 'gr...identity', 'challenge']}, input_type=dict]\n    For further information visit https://errors.pydantic.dev/2.11/v/missing\nacademic_profile\n  Field required [type=missing, input_value={'name': 'Test User', 'gr...identity', 'challenge']}, input_type=dict]\n    For further information visit https://errors.pydantic.dev/2.11/v/missing\ncore_values\n  Field required [type=missing, input_value={'name': 'Test User', 'gr...identity', 'challenge']}, input_type=dict]\n    For further information visit https://errors.pydantic.dev/2.11/v/missing",
    "quality_score": null,
    "output_sample": null,
    "bug_reports": [
      {
        "bug_id": "BUG-EVAL-019",
        "test_id": "journey_rich_profile",
        "severity": "HIGH",
        "category": "User Journey",
        "description": "User journey rich_profile failed",
        "error_details": "3 validation errors for UserProfile\nuser_info\n  Field required [type=missing, input_value={'name': 'Test User', 'gr...identity', 'challenge']}, input_type=dict]\n    For further information visit https://errors.pydantic.dev/2.11/v/missing\nacademic_profile\n  Field required [type=missing, input_value={'name': 'Test User', 'gr...identity', 'challenge']}, input_type=dict]\n    For further information visit https://errors.pydantic.dev/2.11/v/missing\ncore_values\n  Field required [type=missing, input_value={'name': 'Test User', 'gr...identity', 'challenge']}, input_type=dict]\n    For further information visit https://errors.pydantic.dev/2.11/v/missing",
        "reproduction_steps": [
          "Start rich_profile user journey",
          "School: UPenn, Type: passion",
          "Exception: 3 validation errors for UserProfile\nuser_info\n  Field required [type=missing, input_value={'name': 'Test User', 'gr...identity', 'challenge']}, input_type=dict]\n    For further information visit https://errors.pydantic.dev/2.11/v/missing\nacademic_profile\n  Field required [type=missing, input_value={'name': 'Test User', 'gr...identity', 'challenge']}, input_type=dict]\n    For further information visit https://errors.pydantic.dev/2.11/v/missing\ncore_values\n  Field required [type=missing, input_value={'name': 'Test User', 'gr...identity', 'challenge']}, input_type=dict]\n    For further information visit https://errors.pydantic.dev/2.11/v/missing"
        ],
        "timestamp": "2025-07-15T22:08:45.447344",
        "tools_involved": [],
        "conversation_context": ""
      }
    ]
  },
  {
    "test_id": "journey_time_constrained",
    "test_name": "User Journey: Efficient workflow under deadline pressure",
    "category": "User Journey",
    "status": "ERROR",
    "execution_time": 0.007483005523681641,
    "tools_used": [],
    "error_details": "3 validation errors for UserProfile\nuser_info\n  Field required [type=missing, input_value={'name': 'Test User', 'gr...identity', 'challenge']}, input_type=dict]\n    For further information visit https://errors.pydantic.dev/2.11/v/missing\nacademic_profile\n  Field required [type=missing, input_value={'name': 'Test User', 'gr...identity', 'challenge']}, input_type=dict]\n    For further information visit https://errors.pydantic.dev/2.11/v/missing\ncore_values\n  Field required [type=missing, input_value={'name': 'Test User', 'gr...identity', 'challenge']}, input_type=dict]\n    For further information visit https://errors.pydantic.dev/2.11/v/missing",
    "quality_score": null,
    "output_sample": null,
    "bug_reports": [
      {
        "bug_id": "BUG-EVAL-020",
        "test_id": "journey_time_constrained",
        "severity": "HIGH",
        "category": "User Journey",
        "description": "User journey time_constrained failed",
        "error_details": "3 validation errors for UserProfile\nuser_info\n  Field required [type=missing, input_value={'name': 'Test User', 'gr...identity', 'challenge']}, input_type=dict]\n    For further information visit https://errors.pydantic.dev/2.11/v/missing\nacademic_profile\n  Field required [type=missing, input_value={'name': 'Test User', 'gr...identity', 'challenge']}, input_type=dict]\n    For further information visit https://errors.pydantic.dev/2.11/v/missing\ncore_values\n  Field required [type=missing, input_value={'name': 'Test User', 'gr...identity', 'challenge']}, input_type=dict]\n    For further information visit https://errors.pydantic.dev/2.11/v/missing",
        "reproduction_steps": [
          "Start time_constrained user journey",
          "School: Brown, Type: challenge",
          "Exception: 3 validation errors for UserProfile\nuser_info\n  Field required [type=missing, input_value={'name': 'Test User', 'gr...identity', 'challenge']}, input_type=dict]\n    For further information visit https://errors.pydantic.dev/2.11/v/missing\nacademic_profile\n  Field required [type=missing, input_value={'name': 'Test User', 'gr...identity', 'challenge']}, input_type=dict]\n    For further information visit https://errors.pydantic.dev/2.11/v/missing\ncore_values\n  Field required [type=missing, input_value={'name': 'Test User', 'gr...identity', 'challenge']}, input_type=dict]\n    For further information visit https://errors.pydantic.dev/2.11/v/missing"
        ],
        "timestamp": "2025-07-15T22:08:45.458193",
        "tools_involved": [],
        "conversation_context": ""
      }
    ]
  },
  {
    "test_id": "journey_perfectionist",
    "test_name": "User Journey: Multiple revision cycles and refinement",
    "category": "User Journey",
    "status": "ERROR",
    "execution_time": 0.005661964416503906,
    "tools_used": [],
    "error_details": "3 validation errors for UserProfile\nuser_info\n  Field required [type=missing, input_value={'name': 'Test User', 'gr...identity', 'challenge']}, input_type=dict]\n    For further information visit https://errors.pydantic.dev/2.11/v/missing\nacademic_profile\n  Field required [type=missing, input_value={'name': 'Test User', 'gr...identity', 'challenge']}, input_type=dict]\n    For further information visit https://errors.pydantic.dev/2.11/v/missing\ncore_values\n  Field required [type=missing, input_value={'name': 'Test User', 'gr...identity', 'challenge']}, input_type=dict]\n    For further information visit https://errors.pydantic.dev/2.11/v/missing",
    "quality_score": null,
    "output_sample": null,
    "bug_reports": [
      {
        "bug_id": "BUG-EVAL-021",
        "test_id": "journey_perfectionist",
        "severity": "HIGH",
        "category": "User Journey",
        "description": "User journey perfectionist failed",
        "error_details": "3 validation errors for UserProfile\nuser_info\n  Field required [type=missing, input_value={'name': 'Test User', 'gr...identity', 'challenge']}, input_type=dict]\n    For further information visit https://errors.pydantic.dev/2.11/v/missing\nacademic_profile\n  Field required [type=missing, input_value={'name': 'Test User', 'gr...identity', 'challenge']}, input_type=dict]\n    For further information visit https://errors.pydantic.dev/2.11/v/missing\ncore_values\n  Field required [type=missing, input_value={'name': 'Test User', 'gr...identity', 'challenge']}, input_type=dict]\n    For further information visit https://errors.pydantic.dev/2.11/v/missing",
        "reproduction_steps": [
          "Start perfectionist user journey",
          "School: Cornell, Type: community",
          "Exception: 3 validation errors for UserProfile\nuser_info\n  Field required [type=missing, input_value={'name': 'Test User', 'gr...identity', 'challenge']}, input_type=dict]\n    For further information visit https://errors.pydantic.dev/2.11/v/missing\nacademic_profile\n  Field required [type=missing, input_value={'name': 'Test User', 'gr...identity', 'challenge']}, input_type=dict]\n    For further information visit https://errors.pydantic.dev/2.11/v/missing\ncore_values\n  Field required [type=missing, input_value={'name': 'Test User', 'gr...identity', 'challenge']}, input_type=dict]\n    For further information visit https://errors.pydantic.dev/2.11/v/missing"
        ],
        "timestamp": "2025-07-15T22:08:45.463206",
        "tools_involved": [],
        "conversation_context": ""
      }
    ]
  },
  {
    "test_id": "journey_struggling_user",
    "test_name": "User Journey: Extensive support and guidance needed",
    "category": "User Journey",
    "status": "ERROR",
    "execution_time": 0.03145790100097656,
    "tools_used": [],
    "error_details": "3 validation errors for UserProfile\nuser_info\n  Field required [type=missing, input_value={'name': 'Test User', 'gr...identity', 'challenge']}, input_type=dict]\n    For further information visit https://errors.pydantic.dev/2.11/v/missing\nacademic_profile\n  Field required [type=missing, input_value={'name': 'Test User', 'gr...identity', 'challenge']}, input_type=dict]\n    For further information visit https://errors.pydantic.dev/2.11/v/missing\ncore_values\n  Field required [type=missing, input_value={'name': 'Test User', 'gr...identity', 'challenge']}, input_type=dict]\n    For further information visit https://errors.pydantic.dev/2.11/v/missing",
    "quality_score": null,
    "output_sample": null,
    "bug_reports": [
      {
        "bug_id": "BUG-EVAL-022",
        "test_id": "journey_struggling_user",
        "severity": "HIGH",
        "category": "User Journey",
        "description": "User journey struggling_user failed",
        "error_details": "3 validation errors for UserProfile\nuser_info\n  Field required [type=missing, input_value={'name': 'Test User', 'gr...identity', 'challenge']}, input_type=dict]\n    For further information visit https://errors.pydantic.dev/2.11/v/missing\nacademic_profile\n  Field required [type=missing, input_value={'name': 'Test User', 'gr...identity', 'challenge']}, input_type=dict]\n    For further information visit https://errors.pydantic.dev/2.11/v/missing\ncore_values\n  Field required [type=missing, input_value={'name': 'Test User', 'gr...identity', 'challenge']}, input_type=dict]\n    For further information visit https://errors.pydantic.dev/2.11/v/missing",
        "reproduction_steps": [
          "Start struggling_user user journey",
          "School: Duke, Type: achievement",
          "Exception: 3 validation errors for UserProfile\nuser_info\n  Field required [type=missing, input_value={'name': 'Test User', 'gr...identity', 'challenge']}, input_type=dict]\n    For further information visit https://errors.pydantic.dev/2.11/v/missing\nacademic_profile\n  Field required [type=missing, input_value={'name': 'Test User', 'gr...identity', 'challenge']}, input_type=dict]\n    For further information visit https://errors.pydantic.dev/2.11/v/missing\ncore_values\n  Field required [type=missing, input_value={'name': 'Test User', 'gr...identity', 'challenge']}, input_type=dict]\n    For further information visit https://errors.pydantic.dev/2.11/v/missing"
        ],
        "timestamp": "2025-07-15T22:08:45.496314",
        "tools_involved": [],
        "conversation_context": ""
      }
    ]
  },
  {
    "test_id": "journey_international_user",
    "test_name": "User Journey: Cultural context and ESL considerations",
    "category": "User Journey",
    "status": "ERROR",
    "execution_time": 0.0012879371643066406,
    "tools_used": [],
    "error_details": "3 validation errors for UserProfile\nuser_info\n  Field required [type=missing, input_value={'name': 'Test User', 'gr...identity', 'challenge']}, input_type=dict]\n    For further information visit https://errors.pydantic.dev/2.11/v/missing\nacademic_profile\n  Field required [type=missing, input_value={'name': 'Test User', 'gr...identity', 'challenge']}, input_type=dict]\n    For further information visit https://errors.pydantic.dev/2.11/v/missing\ncore_values\n  Field required [type=missing, input_value={'name': 'Test User', 'gr...identity', 'challenge']}, input_type=dict]\n    For further information visit https://errors.pydantic.dev/2.11/v/missing",
    "quality_score": null,
    "output_sample": null,
    "bug_reports": [
      {
        "bug_id": "BUG-EVAL-023",
        "test_id": "journey_international_user",
        "severity": "HIGH",
        "category": "User Journey",
        "description": "User journey international_user failed",
        "error_details": "3 validation errors for UserProfile\nuser_info\n  Field required [type=missing, input_value={'name': 'Test User', 'gr...identity', 'challenge']}, input_type=dict]\n    For further information visit https://errors.pydantic.dev/2.11/v/missing\nacademic_profile\n  Field required [type=missing, input_value={'name': 'Test User', 'gr...identity', 'challenge']}, input_type=dict]\n    For further information visit https://errors.pydantic.dev/2.11/v/missing\ncore_values\n  Field required [type=missing, input_value={'name': 'Test User', 'gr...identity', 'challenge']}, input_type=dict]\n    For further information visit https://errors.pydantic.dev/2.11/v/missing",
        "reproduction_steps": [
          "Start international_user user journey",
          "School: Northwestern, Type: identity",
          "Exception: 3 validation errors for UserProfile\nuser_info\n  Field required [type=missing, input_value={'name': 'Test User', 'gr...identity', 'challenge']}, input_type=dict]\n    For further information visit https://errors.pydantic.dev/2.11/v/missing\nacademic_profile\n  Field required [type=missing, input_value={'name': 'Test User', 'gr...identity', 'challenge']}, input_type=dict]\n    For further information visit https://errors.pydantic.dev/2.11/v/missing\ncore_values\n  Field required [type=missing, input_value={'name': 'Test User', 'gr...identity', 'challenge']}, input_type=dict]\n    For further information visit https://errors.pydantic.dev/2.11/v/missing"
        ],
        "timestamp": "2025-07-15T22:08:45.497852",
        "tools_involved": [],
        "conversation_context": ""
      }
    ]
  },
  {
    "test_id": "journey_non_traditional",
    "test_name": "User Journey: Career change, gap year, unique background",
    "category": "User Journey",
    "status": "ERROR",
    "execution_time": 0.0013768672943115234,
    "tools_used": [],
    "error_details": "3 validation errors for UserProfile\nuser_info\n  Field required [type=missing, input_value={'name': 'Test User', 'gr...identity', 'challenge']}, input_type=dict]\n    For further information visit https://errors.pydantic.dev/2.11/v/missing\nacademic_profile\n  Field required [type=missing, input_value={'name': 'Test User', 'gr...identity', 'challenge']}, input_type=dict]\n    For further information visit https://errors.pydantic.dev/2.11/v/missing\ncore_values\n  Field required [type=missing, input_value={'name': 'Test User', 'gr...identity', 'challenge']}, input_type=dict]\n    For further information visit https://errors.pydantic.dev/2.11/v/missing",
    "quality_score": null,
    "output_sample": null,
    "bug_reports": [
      {
        "bug_id": "BUG-EVAL-024",
        "test_id": "journey_non_traditional",
        "severity": "HIGH",
        "category": "User Journey",
        "description": "User journey non_traditional failed",
        "error_details": "3 validation errors for UserProfile\nuser_info\n  Field required [type=missing, input_value={'name': 'Test User', 'gr...identity', 'challenge']}, input_type=dict]\n    For further information visit https://errors.pydantic.dev/2.11/v/missing\nacademic_profile\n  Field required [type=missing, input_value={'name': 'Test User', 'gr...identity', 'challenge']}, input_type=dict]\n    For further information visit https://errors.pydantic.dev/2.11/v/missing\ncore_values\n  Field required [type=missing, input_value={'name': 'Test User', 'gr...identity', 'challenge']}, input_type=dict]\n    For further information visit https://errors.pydantic.dev/2.11/v/missing",
        "reproduction_steps": [
          "Start non_traditional user journey",
          "School: UC Berkeley, Type: challenge",
          "Exception: 3 validation errors for UserProfile\nuser_info\n  Field required [type=missing, input_value={'name': 'Test User', 'gr...identity', 'challenge']}, input_type=dict]\n    For further information visit https://errors.pydantic.dev/2.11/v/missing\nacademic_profile\n  Field required [type=missing, input_value={'name': 'Test User', 'gr...identity', 'challenge']}, input_type=dict]\n    For further information visit https://errors.pydantic.dev/2.11/v/missing\ncore_values\n  Field required [type=missing, input_value={'name': 'Test User', 'gr...identity', 'challenge']}, input_type=dict]\n    For further information visit https://errors.pydantic.dev/2.11/v/missing"
        ],
        "timestamp": "2025-07-15T22:08:45.499216",
        "tools_involved": [],
        "conversation_context": ""
      }
    ]
  },
  {
    "test_id": "edge_empty_input",
    "test_name": "Edge Case: Empty/minimal user input",
    "category": "Edge Cases",
    "status": "ERROR",
    "execution_time": 0.0012590885162353516,
    "tools_used": [],
    "error_details": "'EssayReActAgent' object has no attribute 'chat'",
    "quality_score": null,
    "output_sample": null,
    "bug_reports": [
      {
        "bug_id": "BUG-EVAL-025",
        "test_id": "edge_empty_input",
        "severity": "MEDIUM",
        "category": "Edge Case Handling",
        "description": "Edge case empty_input not handled properly",
        "error_details": "'EssayReActAgent' object has no attribute 'chat'",
        "reproduction_steps": [
          "Send edge case input: Help me write",
          "Exception: 'EssayReActAgent' object has no attribute 'chat'"
        ],
        "timestamp": "2025-07-15T22:08:45.500498",
        "tools_involved": [],
        "conversation_context": ""
      }
    ]
  },
  {
    "test_id": "edge_long_input",
    "test_name": "Edge Case: Extremely long input",
    "category": "Edge Cases",
    "status": "ERROR",
    "execution_time": 0.0022957324981689453,
    "tools_used": [],
    "error_details": "'EssayReActAgent' object has no attribute 'chat'",
    "quality_score": null,
    "output_sample": null,
    "bug_reports": [
      {
        "bug_id": "BUG-EVAL-026",
        "test_id": "edge_long_input",
        "severity": "MEDIUM",
        "category": "Edge Case Handling",
        "description": "Edge case long_input not handled properly",
        "error_details": "'EssayReActAgent' object has no attribute 'chat'",
        "reproduction_steps": [
          "Send edge case input: I want to write about my life story which is very long... I want to write about my life story which is very long... I want to write about my life story which is very long... I want to write about my life story which is very long... I want to write about my life story which is very long... I want to write about my life story which is very long... I want to write about my life story which is very long... I want to write about my life story which is very long... I want to write about my life story which is very long... I want to write about my life story which is very long... I want to write about my life story which is very long... I want to write about my life story which is very long... I want to write about my life story which is very long... I want to write about my life story which is very long... I want to write about my life story which is very long... I want to write about my life story which is very long... I want to write about my life story which is very long... I want to write about my life story which is very long... I want to write about my life story which is very long... I want to write about my life story which is very long... I want to write about my life story which is very long... I want to write about my life story which is very long... I want to write about my life story which is very long... I want to write about my life story which is very long... I want to write about my life story which is very long... I want to write about my life story which is very long... I want to write about my life story which is very long... I want to write about my life story which is very long... I want to write about my life story which is very long... I want to write about my life story which is very long... I want to write about my life story which is very long... I want to write about my life story which is very long... I want to write about my life story which is very long... I want to write about my life story which is very long... I want to write about my life story which is very long... I want to write about my life story which is very long... I want to write about my life story which is very long... I want to write about my life story which is very long... I want to write about my life story which is very long... I want to write about my life story which is very long... I want to write about my life story which is very long... I want to write about my life story which is very long... I want to write about my life story which is very long... I want to write about my life story which is very long... I want to write about my life story which is very long... I want to write about my life story which is very long... I want to write about my life story which is very long... I want to write about my life story which is very long... I want to write about my life story which is very long... I want to write about my life story which is very long... I want to write about my life story which is very long... I want to write about my life story which is very long... I want to write about my life story which is very long... I want to write about my life story which is very long... I want to write about my life story which is very long... I want to write about my life story which is very long... I want to write about my life story which is very long... I want to write about my life story which is very long... I want to write about my life story which is very long... I want to write about my life story which is very long... I want to write about my life story which is very long... I want to write about my life story which is very long... I want to write about my life story which is very long... I want to write about my life story which is very long... I want to write about my life story which is very long... I want to write about my life story which is very long... I want to write about my life story which is very long... I want to write about my life story which is very long... I want to write about my life story which is very long... I want to write about my life story which is very long... I want to write about my life story which is very long... I want to write about my life story which is very long... I want to write about my life story which is very long... I want to write about my life story which is very long... I want to write about my life story which is very long... I want to write about my life story which is very long... I want to write about my life story which is very long... I want to write about my life story which is very long... I want to write about my life story which is very long... I want to write about my life story which is very long... I want to write about my life story which is very long... I want to write about my life story which is very long... I want to write about my life story which is very long... I want to write about my life story which is very long... I want to write about my life story which is very long... I want to write about my life story which is very long... I want to write about my life story which is very long... I want to write about my life story which is very long... I want to write about my life story which is very long... I want to write about my life story which is very long... I want to write about my life story which is very long... I want to write about my life story which is very long... I want to write about my life story which is very long... I want to write about my life story which is very long... I want to write about my life story which is very long... I want to write about my life story which is very long... I want to write about my life story which is very long... I want to write about my life story which is very long... I want to write about my life story which is very long... I want to write about my life story which is very long... I want to write about my life story which is very long... I want to write about my life story which is very long... I want to write about my life story which is very long... I want to write about my life story which is very long... I want to write about my life story which is very long... I want to write about my life story which is very long... I want to write about my life story which is very long... I want to write about my life story which is very long... I want to write about my life story which is very long... I want to write about my life story which is very long... I want to write about my life story which is very long... I want to write about my life story which is very long... I want to write about my life story which is very long... I want to write about my life story which is very long... I want to write about my life story which is very long... I want to write about my life story which is very long... I want to write about my life story which is very long... I want to write about my life story which is very long... I want to write about my life story which is very long... I want to write about my life story which is very long... I want to write about my life story which is very long... I want to write about my life story which is very long... I want to write about my life story which is very long... I want to write about my life story which is very long... I want to write about my life story which is very long... I want to write about my life story which is very long... I want to write about my life story which is very long... I want to write about my life story which is very long... I want to write about my life story which is very long... I want to write about my life story which is very long... I want to write about my life story which is very long... I want to write about my life story which is very long... I want to write about my life story which is very long... I want to write about my life story which is very long... I want to write about my life story which is very long... I want to write about my life story which is very long... I want to write about my life story which is very long... I want to write about my life story which is very long... I want to write about my life story which is very long... I want to write about my life story which is very long... I want to write about my life story which is very long... I want to write about my life story which is very long... I want to write about my life story which is very long... I want to write about my life story which is very long... I want to write about my life story which is very long... I want to write about my life story which is very long... I want to write about my life story which is very long... I want to write about my life story which is very long... I want to write about my life story which is very long... I want to write about my life story which is very long... I want to write about my life story which is very long... I want to write about my life story which is very long... I want to write about my life story which is very long... I want to write about my life story which is very long... I want to write about my life story which is very long... I want to write about my life story which is very long... I want to write about my life story which is very long... I want to write about my life story which is very long... I want to write about my life story which is very long... I want to write about my life story which is very long... I want to write about my life story which is very long... I want to write about my life story which is very long... I want to write about my life story which is very long... I want to write about my life story which is very long... I want to write about my life story which is very long... I want to write about my life story which is very long... I want to write about my life story which is very long... I want to write about my life story which is very long... I want to write about my life story which is very long... I want to write about my life story which is very long... I want to write about my life story which is very long... I want to write about my life story which is very long... I want to write about my life story which is very long... I want to write about my life story which is very long... I want to write about my life story which is very long... I want to write about my life story which is very long... I want to write about my life story which is very long... I want to write about my life story which is very long... I want to write about my life story which is very long... I want to write about my life story which is very long... I want to write about my life story which is very long... I want to write about my life story which is very long... I want to write about my life story which is very long... I want to write about my life story which is very long... I want to write about my life story which is very long... I want to write about my life story which is very long... I want to write about my life story which is very long... I want to write about my life story which is very long... I want to write about my life story which is very long... I want to write about my life story which is very long... I want to write about my life story which is very long... I want to write about my life story which is very long... I want to write about my life story which is very long... I want to write about my life story which is very long... I want to write about my life story which is very long... I want to write about my life story which is very long... I want to write about my life story which is very long... I want to write about my life story which is very long... I want to write about my life story which is very long... I want to write about my life story which is very long... ",
          "Exception: 'EssayReActAgent' object has no attribute 'chat'"
        ],
        "timestamp": "2025-07-15T22:08:45.501799",
        "tools_involved": [],
        "conversation_context": ""
      }
    ]
  },
  {
    "test_id": "edge_nonsensical_input",
    "test_name": "Edge Case: Nonsensical input",
    "category": "Edge Cases",
    "status": "ERROR",
    "execution_time": 0.0021958351135253906,
    "tools_used": [],
    "error_details": "'EssayReActAgent' object has no attribute 'chat'",
    "quality_score": null,
    "output_sample": null,
    "bug_reports": [
      {
        "bug_id": "BUG-EVAL-027",
        "test_id": "edge_nonsensical_input",
        "severity": "MEDIUM",
        "category": "Edge Case Handling",
        "description": "Edge case nonsensical_input not handled properly",
        "error_details": "'EssayReActAgent' object has no attribute 'chat'",
        "reproduction_steps": [
          "Send edge case input: \ud83c\udf1f\u2728\ud83d\udcab asdf qwerty random text emoji test 123 @#$%",
          "Exception: 'EssayReActAgent' object has no attribute 'chat'"
        ],
        "timestamp": "2025-07-15T22:08:45.504973",
        "tools_involved": [],
        "conversation_context": ""
      }
    ]
  },
  {
    "test_id": "edge_inappropriate_content",
    "test_name": "Edge Case: Inappropriate content",
    "category": "Edge Cases",
    "status": "ERROR",
    "execution_time": 0.0014960765838623047,
    "tools_used": [],
    "error_details": "'EssayReActAgent' object has no attribute 'chat'",
    "quality_score": null,
    "output_sample": null,
    "bug_reports": [
      {
        "bug_id": "BUG-EVAL-028",
        "test_id": "edge_inappropriate_content",
        "severity": "MEDIUM",
        "category": "Edge Case Handling",
        "description": "Edge case inappropriate_content not handled properly",
        "error_details": "'EssayReActAgent' object has no attribute 'chat'",
        "reproduction_steps": [
          "Send edge case input: Write about illegal activities and violence",
          "Exception: 'EssayReActAgent' object has no attribute 'chat'"
        ],
        "timestamp": "2025-07-15T22:08:45.506269",
        "tools_involved": [],
        "conversation_context": ""
      }
    ]
  },
  {
    "test_id": "edge_technical_input",
    "test_name": "Edge Case: Technical input",
    "category": "Edge Cases",
    "status": "ERROR",
    "execution_time": 0.0013017654418945312,
    "tools_used": [],
    "error_details": "'EssayReActAgent' object has no attribute 'chat'",
    "quality_score": null,
    "output_sample": null,
    "bug_reports": [
      {
        "bug_id": "BUG-EVAL-029",
        "test_id": "edge_technical_input",
        "severity": "MEDIUM",
        "category": "Edge Case Handling",
        "description": "Edge case technical_input not handled properly",
        "error_details": "'EssayReActAgent' object has no attribute 'chat'",
        "reproduction_steps": [
          "Send edge case input: def fibonacci(n): return n if n <= 1 else fibonacci(n-1) + fibonacci(n-2)",
          "Exception: 'EssayReActAgent' object has no attribute 'chat'"
        ],
        "timestamp": "2025-07-15T22:08:45.507862",
        "tools_involved": [],
        "conversation_context": ""
      }
    ]
  },
  {
    "test_id": "edge_tool_param_mismatch",
    "test_name": "Edge Case: Tool parameter mismatch",
    "category": "Edge Cases",
    "status": "ERROR",
    "execution_time": 0.0077779293060302734,
    "tools_used": [],
    "error_details": "'EssayReActAgent' object has no attribute 'chat'",
    "quality_score": null,
    "output_sample": null,
    "bug_reports": [
      {
        "bug_id": "BUG-EVAL-030",
        "test_id": "edge_tool_param_mismatch",
        "severity": "MEDIUM",
        "category": "Edge Case Handling",
        "description": "Edge case tool_param_mismatch not handled properly",
        "error_details": "'EssayReActAgent' object has no attribute 'chat'",
        "reproduction_steps": [
          "Send edge case input: brainstorm with wrong parameters",
          "Exception: 'EssayReActAgent' object has no attribute 'chat'"
        ],
        "timestamp": "2025-07-15T22:08:45.512753",
        "tools_involved": [],
        "conversation_context": ""
      }
    ]
  },
  {
    "test_id": "edge_missing_context",
    "test_name": "Edge Case: Missing required context",
    "category": "Edge Cases",
    "status": "ERROR",
    "execution_time": 0.005079030990600586,
    "tools_used": [],
    "error_details": "'EssayReActAgent' object has no attribute 'chat'",
    "quality_score": null,
    "output_sample": null,
    "bug_reports": [
      {
        "bug_id": "BUG-EVAL-031",
        "test_id": "edge_missing_context",
        "severity": "MEDIUM",
        "category": "Edge Case Handling",
        "description": "Edge case missing_context not handled properly",
        "error_details": "'EssayReActAgent' object has no attribute 'chat'",
        "reproduction_steps": [
          "Send edge case input: rewrite paragraph without providing text",
          "Exception: 'EssayReActAgent' object has no attribute 'chat'"
        ],
        "timestamp": "2025-07-15T22:08:45.520084",
        "tools_involved": [],
        "conversation_context": ""
      }
    ]
  },
  {
    "test_id": "edge_tool_chain_failure",
    "test_name": "Edge Case: Tool chain failures",
    "category": "Edge Cases",
    "status": "ERROR",
    "execution_time": 0.0016150474548339844,
    "tools_used": [],
    "error_details": "'EssayReActAgent' object has no attribute 'chat'",
    "quality_score": null,
    "output_sample": null,
    "bug_reports": [
      {
        "bug_id": "BUG-EVAL-032",
        "test_id": "edge_tool_chain_failure",
        "severity": "MEDIUM",
        "category": "Edge Case Handling",
        "description": "Edge case tool_chain_failure not handled properly",
        "error_details": "'EssayReActAgent' object has no attribute 'chat'",
        "reproduction_steps": [
          "Send edge case input: complex workflow with intentional failures",
          "Exception: 'EssayReActAgent' object has no attribute 'chat'"
        ],
        "timestamp": "2025-07-15T22:08:45.522470",
        "tools_involved": [],
        "conversation_context": ""
      }
    ]
  },
  {
    "test_id": "edge_timeout_scenario",
    "test_name": "Edge Case: Timeout scenarios",
    "category": "Edge Cases",
    "status": "ERROR",
    "execution_time": 0.0012998580932617188,
    "tools_used": [],
    "error_details": "'EssayReActAgent' object has no attribute 'chat'",
    "quality_score": null,
    "output_sample": null,
    "bug_reports": [
      {
        "bug_id": "BUG-EVAL-033",
        "test_id": "edge_timeout_scenario",
        "severity": "MEDIUM",
        "category": "Edge Case Handling",
        "description": "Edge case timeout_scenario not handled properly",
        "error_details": "'EssayReActAgent' object has no attribute 'chat'",
        "reproduction_steps": [
          "Send edge case input: extremely long processing request",
          "Exception: 'EssayReActAgent' object has no attribute 'chat'"
        ],
        "timestamp": "2025-07-15T22:08:45.523889",
        "tools_involved": [],
        "conversation_context": ""
      }
    ]
  },
  {
    "test_id": "edge_memory_corruption",
    "test_name": "Edge Case: Memory/state corruption",
    "category": "Edge Cases",
    "status": "ERROR",
    "execution_time": 0.0011997222900390625,
    "tools_used": [],
    "error_details": "'EssayReActAgent' object has no attribute 'chat'",
    "quality_score": null,
    "output_sample": null,
    "bug_reports": [
      {
        "bug_id": "BUG-EVAL-034",
        "test_id": "edge_memory_corruption",
        "severity": "MEDIUM",
        "category": "Edge Case Handling",
        "description": "Edge case memory_corruption not handled properly",
        "error_details": "'EssayReActAgent' object has no attribute 'chat'",
        "reproduction_steps": [
          "Send edge case input: invalid conversation state",
          "Exception: 'EssayReActAgent' object has no attribute 'chat'"
        ],
        "timestamp": "2025-07-15T22:08:45.525058",
        "tools_involved": [],
        "conversation_context": ""
      }
    ]
  },
  {
    "test_id": "edge_rapid_fire",
    "test_name": "Edge Case: Rapid-fire requests",
    "category": "Edge Cases",
    "status": "ERROR",
    "execution_time": 0.0016472339630126953,
    "tools_used": [],
    "error_details": "'EssayReActAgent' object has no attribute 'chat'",
    "quality_score": null,
    "output_sample": null,
    "bug_reports": [
      {
        "bug_id": "BUG-EVAL-035",
        "test_id": "edge_rapid_fire",
        "severity": "MEDIUM",
        "category": "Edge Case Handling",
        "description": "Edge case rapid_fire not handled properly",
        "error_details": "'EssayReActAgent' object has no attribute 'chat'",
        "reproduction_steps": [
          "Send edge case input: multiple quick commands",
          "Exception: 'EssayReActAgent' object has no attribute 'chat'"
        ],
        "timestamp": "2025-07-15T22:08:45.526212",
        "tools_involved": [],
        "conversation_context": ""
      }
    ]
  },
  {
    "test_id": "edge_context_switching",
    "test_name": "Edge Case: Context switching",
    "category": "Edge Cases",
    "status": "ERROR",
    "execution_time": 0.0022430419921875,
    "tools_used": [],
    "error_details": "'EssayReActAgent' object has no attribute 'chat'",
    "quality_score": null,
    "output_sample": null,
    "bug_reports": [
      {
        "bug_id": "BUG-EVAL-036",
        "test_id": "edge_context_switching",
        "severity": "MEDIUM",
        "category": "Edge Case Handling",
        "description": "Edge case context_switching not handled properly",
        "error_details": "'EssayReActAgent' object has no attribute 'chat'",
        "reproduction_steps": [
          "Send edge case input: jump between different essays",
          "Exception: 'EssayReActAgent' object has no attribute 'chat'"
        ],
        "timestamp": "2025-07-15T22:08:45.528925",
        "tools_involved": [],
        "conversation_context": ""
      }
    ]
  },
  {
    "test_id": "edge_conversation_interrupt",
    "test_name": "Edge Case: Conversation interruption",
    "category": "Edge Cases",
    "status": "ERROR",
    "execution_time": 0.001986980438232422,
    "tools_used": [],
    "error_details": "'EssayReActAgent' object has no attribute 'chat'",
    "quality_score": null,
    "output_sample": null,
    "bug_reports": [
      {
        "bug_id": "BUG-EVAL-037",
        "test_id": "edge_conversation_interrupt",
        "severity": "MEDIUM",
        "category": "Edge Case Handling",
        "description": "Edge case conversation_interrupt not handled properly",
        "error_details": "'EssayReActAgent' object has no attribute 'chat'",
        "reproduction_steps": [
          "Send edge case input: start new topic without finishing",
          "Exception: 'EssayReActAgent' object has no attribute 'chat'"
        ],
        "timestamp": "2025-07-15T22:08:45.530807",
        "tools_involved": [],
        "conversation_context": ""
      }
    ]
  },
  {
    "test_id": "edge_help_seeking",
    "test_name": "Edge Case: Help-seeking behavior",
    "category": "Edge Cases",
    "status": "ERROR",
    "execution_time": 0.0016360282897949219,
    "tools_used": [],
    "error_details": "'EssayReActAgent' object has no attribute 'chat'",
    "quality_score": null,
    "output_sample": null,
    "bug_reports": [
      {
        "bug_id": "BUG-EVAL-038",
        "test_id": "edge_help_seeking",
        "severity": "MEDIUM",
        "category": "Edge Case Handling",
        "description": "Edge case help_seeking not handled properly",
        "error_details": "'EssayReActAgent' object has no attribute 'chat'",
        "reproduction_steps": [
          "Send edge case input: I don't understand how this works",
          "Exception: 'EssayReActAgent' object has no attribute 'chat'"
        ],
        "timestamp": "2025-07-15T22:08:45.532499",
        "tools_involved": [],
        "conversation_context": ""
      }
    ]
  },
  {
    "test_id": "edge_frustration",
    "test_name": "Edge Case: Frustration scenarios",
    "category": "Edge Cases",
    "status": "ERROR",
    "execution_time": 0.0015957355499267578,
    "tools_used": [],
    "error_details": "'EssayReActAgent' object has no attribute 'chat'",
    "quality_score": null,
    "output_sample": null,
    "bug_reports": [
      {
        "bug_id": "BUG-EVAL-039",
        "test_id": "edge_frustration",
        "severity": "MEDIUM",
        "category": "Edge Case Handling",
        "description": "Edge case frustration not handled properly",
        "error_details": "'EssayReActAgent' object has no attribute 'chat'",
        "reproduction_steps": [
          "Send edge case input: This is confusing and not working",
          "Exception: 'EssayReActAgent' object has no attribute 'chat'"
        ],
        "timestamp": "2025-07-15T22:08:45.534243",
        "tools_involved": [],
        "conversation_context": ""
      }
    ]
  },
  {
    "test_id": "edge_non_essay_request",
    "test_name": "Edge Case: Non-essay requests",
    "category": "Edge Cases",
    "status": "ERROR",
    "execution_time": 0.0009222030639648438,
    "tools_used": [],
    "error_details": "'EssayReActAgent' object has no attribute 'chat'",
    "quality_score": null,
    "output_sample": null,
    "bug_reports": [
      {
        "bug_id": "BUG-EVAL-040",
        "test_id": "edge_non_essay_request",
        "severity": "MEDIUM",
        "category": "Edge Case Handling",
        "description": "Edge case non_essay_request not handled properly",
        "error_details": "'EssayReActAgent' object has no attribute 'chat'",
        "reproduction_steps": [
          "Send edge case input: Help me with my resume",
          "Exception: 'EssayReActAgent' object has no attribute 'chat'"
        ],
        "timestamp": "2025-07-15T22:08:45.535370",
        "tools_involved": [],
        "conversation_context": ""
      }
    ]
  },
  {
    "test_id": "edge_invalid_school",
    "test_name": "Edge Case: Out-of-scope schools",
    "category": "Edge Cases",
    "status": "ERROR",
    "execution_time": 0.0009479522705078125,
    "tools_used": [],
    "error_details": "'EssayReActAgent' object has no attribute 'chat'",
    "quality_score": null,
    "output_sample": null,
    "bug_reports": [
      {
        "bug_id": "BUG-EVAL-041",
        "test_id": "edge_invalid_school",
        "severity": "MEDIUM",
        "category": "Edge Case Handling",
        "description": "Edge case invalid_school not handled properly",
        "error_details": "'EssayReActAgent' object has no attribute 'chat'",
        "reproduction_steps": [
          "Send edge case input: University of Mars",
          "Exception: 'EssayReActAgent' object has no attribute 'chat'"
        ],
        "timestamp": "2025-07-15T22:08:45.536280",
        "tools_involved": [],
        "conversation_context": ""
      }
    ]
  },
  {
    "test_id": "edge_invalid_prompt",
    "test_name": "Edge Case: Invalid essay prompts",
    "category": "Edge Cases",
    "status": "ERROR",
    "execution_time": 0.0013418197631835938,
    "tools_used": [],
    "error_details": "'EssayReActAgent' object has no attribute 'chat'",
    "quality_score": null,
    "output_sample": null,
    "bug_reports": [
      {
        "bug_id": "BUG-EVAL-042",
        "test_id": "edge_invalid_prompt",
        "severity": "MEDIUM",
        "category": "Edge Case Handling",
        "description": "Edge case invalid_prompt not handled properly",
        "error_details": "'EssayReActAgent' object has no attribute 'chat'",
        "reproduction_steps": [
          "Send edge case input: Write about nothing in particular",
          "Exception: 'EssayReActAgent' object has no attribute 'chat'"
        ],
        "timestamp": "2025-07-15T22:08:45.537396",
        "tools_involved": [],
        "conversation_context": ""
      }
    ]
  },
  {
    "test_id": "edge_memory_limits",
    "test_name": "Edge Case: Memory limits",
    "category": "Edge Cases",
    "status": "ERROR",
    "execution_time": 0.0011072158813476562,
    "tools_used": [],
    "error_details": "'EssayReActAgent' object has no attribute 'chat'",
    "quality_score": null,
    "output_sample": null,
    "bug_reports": [
      {
        "bug_id": "BUG-EVAL-043",
        "test_id": "edge_memory_limits",
        "severity": "MEDIUM",
        "category": "Edge Case Handling",
        "description": "Edge case memory_limits not handled properly",
        "error_details": "'EssayReActAgent' object has no attribute 'chat'",
        "reproduction_steps": [
          "Send edge case input: extremely long conversation",
          "Exception: 'EssayReActAgent' object has no attribute 'chat'"
        ],
        "timestamp": "2025-07-15T22:08:45.538719",
        "tools_involved": [],
        "conversation_context": ""
      }
    ]
  },
  {
    "test_id": "edge_concurrent_usage",
    "test_name": "Edge Case: Concurrent usage",
    "category": "Edge Cases",
    "status": "ERROR",
    "execution_time": 0.0011241436004638672,
    "tools_used": [],
    "error_details": "'EssayReActAgent' object has no attribute 'chat'",
    "quality_score": null,
    "output_sample": null,
    "bug_reports": [
      {
        "bug_id": "BUG-EVAL-044",
        "test_id": "edge_concurrent_usage",
        "severity": "MEDIUM",
        "category": "Edge Case Handling",
        "description": "Edge case concurrent_usage not handled properly",
        "error_details": "'EssayReActAgent' object has no attribute 'chat'",
        "reproduction_steps": [
          "Send edge case input: multiple simultaneous conversations",
          "Exception: 'EssayReActAgent' object has no attribute 'chat'"
        ],
        "timestamp": "2025-07-15T22:08:45.539930",
        "tools_involved": [],
        "conversation_context": ""
      }
    ]
  },
  {
    "test_id": "integration_complete_essay_workflow",
    "test_name": "Integration: Complete essay from scratch",
    "category": "Integration",
    "status": "ERROR",
    "execution_time": 0.003275156021118164,
    "tools_used": [],
    "error_details": "'EssayReActAgent' object has no attribute 'chat'",
    "quality_score": null,
    "output_sample": null,
    "bug_reports": [
      {
        "bug_id": "BUG-EVAL-045",
        "test_id": "integration_complete_essay_workflow",
        "severity": "MEDIUM",
        "category": "Integration",
        "description": "Integration test complete_essay_workflow failed",
        "error_details": "'EssayReActAgent' object has no attribute 'chat'",
        "reproduction_steps": [
          "Run integration test: Complete essay from scratch",
          "Description: Full tool chain execution",
          "Exception: 'EssayReActAgent' object has no attribute 'chat'"
        ],
        "timestamp": "2025-07-15T22:08:45.542313",
        "tools_involved": [],
        "conversation_context": ""
      }
    ]
  },
  {
    "test_id": "integration_iterative_refinement",
    "test_name": "Integration: Iterative refinement",
    "category": "Integration",
    "status": "ERROR",
    "execution_time": 0.0015292167663574219,
    "tools_used": [],
    "error_details": "'EssayReActAgent' object has no attribute 'chat'",
    "quality_score": null,
    "output_sample": null,
    "bug_reports": [
      {
        "bug_id": "BUG-EVAL-046",
        "test_id": "integration_iterative_refinement",
        "severity": "MEDIUM",
        "category": "Integration",
        "description": "Integration test iterative_refinement failed",
        "error_details": "'EssayReActAgent' object has no attribute 'chat'",
        "reproduction_steps": [
          "Run integration test: Iterative refinement",
          "Description: Multiple revision cycles using different tools",
          "Exception: 'EssayReActAgent' object has no attribute 'chat'"
        ],
        "timestamp": "2025-07-15T22:08:45.544766",
        "tools_involved": [],
        "conversation_context": ""
      }
    ]
  },
  {
    "test_id": "integration_comparative_analysis",
    "test_name": "Integration: Comparative analysis",
    "category": "Integration",
    "status": "ERROR",
    "execution_time": 0.0010099411010742188,
    "tools_used": [],
    "error_details": "'EssayReActAgent' object has no attribute 'chat'",
    "quality_score": null,
    "output_sample": null,
    "bug_reports": [
      {
        "bug_id": "BUG-EVAL-047",
        "test_id": "integration_comparative_analysis",
        "severity": "MEDIUM",
        "category": "Integration",
        "description": "Integration test comparative_analysis failed",
        "error_details": "'EssayReActAgent' object has no attribute 'chat'",
        "reproduction_steps": [
          "Run integration test: Comparative analysis",
          "Description: Generate multiple versions, compare quality",
          "Exception: 'EssayReActAgent' object has no attribute 'chat'"
        ],
        "timestamp": "2025-07-15T22:08:45.545898",
        "tools_involved": [],
        "conversation_context": ""
      }
    ]
  },
  {
    "test_id": "integration_complex_restructuring",
    "test_name": "Integration: Complex restructuring",
    "category": "Integration",
    "status": "ERROR",
    "execution_time": 0.0011610984802246094,
    "tools_used": [],
    "error_details": "'EssayReActAgent' object has no attribute 'chat'",
    "quality_score": null,
    "output_sample": null,
    "bug_reports": [
      {
        "bug_id": "BUG-EVAL-048",
        "test_id": "integration_complex_restructuring",
        "severity": "MEDIUM",
        "category": "Integration",
        "description": "Integration test complex_restructuring failed",
        "error_details": "'EssayReActAgent' object has no attribute 'chat'",
        "reproduction_steps": [
          "Run integration test: Complex restructuring",
          "Description: Major essay reorganization mid-process",
          "Exception: 'EssayReActAgent' object has no attribute 'chat'"
        ],
        "timestamp": "2025-07-15T22:08:45.546882",
        "tools_involved": [],
        "conversation_context": ""
      }
    ]
  },
  {
    "test_id": "integration_style_adaptation",
    "test_name": "Integration: Style adaptation",
    "category": "Integration",
    "status": "ERROR",
    "execution_time": 0.0011148452758789062,
    "tools_used": [],
    "error_details": "'EssayReActAgent' object has no attribute 'chat'",
    "quality_score": null,
    "output_sample": null,
    "bug_reports": [
      {
        "bug_id": "BUG-EVAL-049",
        "test_id": "integration_style_adaptation",
        "severity": "MEDIUM",
        "category": "Integration",
        "description": "Integration test style_adaptation failed",
        "error_details": "'EssayReActAgent' object has no attribute 'chat'",
        "reproduction_steps": [
          "Run integration test: Style adaptation",
          "Description: Adjust essay for different school cultures",
          "Exception: 'EssayReActAgent' object has no attribute 'chat'"
        ],
        "timestamp": "2025-07-15T22:08:45.548150",
        "tools_involved": [],
        "conversation_context": ""
      }
    ]
  },
  {
    "test_id": "integration_topic_pivoting",
    "test_name": "Integration: Topic pivoting",
    "category": "Integration",
    "status": "ERROR",
    "execution_time": 0.0011022090911865234,
    "tools_used": [],
    "error_details": "'EssayReActAgent' object has no attribute 'chat'",
    "quality_score": null,
    "output_sample": null,
    "bug_reports": [
      {
        "bug_id": "BUG-EVAL-050",
        "test_id": "integration_topic_pivoting",
        "severity": "MEDIUM",
        "category": "Integration",
        "description": "Integration test topic_pivoting failed",
        "error_details": "'EssayReActAgent' object has no attribute 'chat'",
        "reproduction_steps": [
          "Run integration test: Topic pivoting",
          "Description: Change essay focus while preserving content",
          "Exception: 'EssayReActAgent' object has no attribute 'chat'"
        ],
        "timestamp": "2025-07-15T22:08:45.549270",
        "tools_involved": [],
        "conversation_context": ""
      }
    ]
  },
  {
    "test_id": "integration_quality_improvement",
    "test_name": "Integration: Quality improvement",
    "category": "Integration",
    "status": "ERROR",
    "execution_time": 0.0014047622680664062,
    "tools_used": [],
    "error_details": "'EssayReActAgent' object has no attribute 'chat'",
    "quality_score": null,
    "output_sample": null,
    "bug_reports": [
      {
        "bug_id": "BUG-EVAL-051",
        "test_id": "integration_quality_improvement",
        "severity": "MEDIUM",
        "category": "Integration",
        "description": "Integration test quality_improvement failed",
        "error_details": "'EssayReActAgent' object has no attribute 'chat'",
        "reproduction_steps": [
          "Run integration test: Quality improvement",
          "Description: Systematic enhancement using analysis tools",
          "Exception: 'EssayReActAgent' object has no attribute 'chat'"
        ],
        "timestamp": "2025-07-15T22:08:45.550763",
        "tools_involved": [],
        "conversation_context": ""
      }
    ]
  },
  {
    "test_id": "integration_deadline_pressure",
    "test_name": "Integration: Deadline pressure",
    "category": "Integration",
    "status": "ERROR",
    "execution_time": 0.0014638900756835938,
    "tools_used": [],
    "error_details": "'EssayReActAgent' object has no attribute 'chat'",
    "quality_score": null,
    "output_sample": null,
    "bug_reports": [
      {
        "bug_id": "BUG-EVAL-052",
        "test_id": "integration_deadline_pressure",
        "severity": "MEDIUM",
        "category": "Integration",
        "description": "Integration test deadline_pressure failed",
        "error_details": "'EssayReActAgent' object has no attribute 'chat'",
        "reproduction_steps": [
          "Run integration test: Deadline pressure",
          "Description: Efficient completion under time constraints",
          "Exception: 'EssayReActAgent' object has no attribute 'chat'"
        ],
        "timestamp": "2025-07-15T22:08:45.552285",
        "tools_involved": [],
        "conversation_context": ""
      }
    ]
  },
  {
    "test_id": "integration_long_conversation",
    "test_name": "Integration: Long conversation persistence",
    "category": "Integration",
    "status": "ERROR",
    "execution_time": 0.0010731220245361328,
    "tools_used": [],
    "error_details": "'EssayReActAgent' object has no attribute 'chat'",
    "quality_score": null,
    "output_sample": null,
    "bug_reports": [
      {
        "bug_id": "BUG-EVAL-053",
        "test_id": "integration_long_conversation",
        "severity": "MEDIUM",
        "category": "Integration",
        "description": "Integration test long_conversation failed",
        "error_details": "'EssayReActAgent' object has no attribute 'chat'",
        "reproduction_steps": [
          "Run integration test: Long conversation persistence",
          "Description: 50+ turn conversations",
          "Exception: 'EssayReActAgent' object has no attribute 'chat'"
        ],
        "timestamp": "2025-07-15T22:08:45.553483",
        "tools_involved": [],
        "conversation_context": ""
      }
    ]
  },
  {
    "test_id": "integration_cross_session",
    "test_name": "Integration: Cross-session continuity",
    "category": "Integration",
    "status": "ERROR",
    "execution_time": 0.001222848892211914,
    "tools_used": [],
    "error_details": "'EssayReActAgent' object has no attribute 'chat'",
    "quality_score": null,
    "output_sample": null,
    "bug_reports": [
      {
        "bug_id": "BUG-EVAL-054",
        "test_id": "integration_cross_session",
        "severity": "MEDIUM",
        "category": "Integration",
        "description": "Integration test cross_session failed",
        "error_details": "'EssayReActAgent' object has no attribute 'chat'",
        "reproduction_steps": [
          "Run integration test: Cross-session continuity",
          "Description: Resume conversations after restart",
          "Exception: 'EssayReActAgent' object has no attribute 'chat'"
        ],
        "timestamp": "2025-07-15T22:08:45.554588",
        "tools_involved": [],
        "conversation_context": ""
      }
    ]
  },
  {
    "test_id": "integration_profile_evolution",
    "test_name": "Integration: Profile evolution",
    "category": "Integration",
    "status": "ERROR",
    "execution_time": 0.0009829998016357422,
    "tools_used": [],
    "error_details": "'EssayReActAgent' object has no attribute 'chat'",
    "quality_score": null,
    "output_sample": null,
    "bug_reports": [
      {
        "bug_id": "BUG-EVAL-055",
        "test_id": "integration_profile_evolution",
        "severity": "MEDIUM",
        "category": "Integration",
        "description": "Integration test profile_evolution failed",
        "error_details": "'EssayReActAgent' object has no attribute 'chat'",
        "reproduction_steps": [
          "Run integration test: Profile evolution",
          "Description: User data updates affecting recommendations",
          "Exception: 'EssayReActAgent' object has no attribute 'chat'"
        ],
        "timestamp": "2025-07-15T22:08:45.555733",
        "tools_involved": [],
        "conversation_context": ""
      }
    ]
  },
  {
    "test_id": "integration_multi_essay_context",
    "test_name": "Integration: Multi-essay context",
    "category": "Integration",
    "status": "ERROR",
    "execution_time": 0.0011208057403564453,
    "tools_used": [],
    "error_details": "'EssayReActAgent' object has no attribute 'chat'",
    "quality_score": null,
    "output_sample": null,
    "bug_reports": [
      {
        "bug_id": "BUG-EVAL-056",
        "test_id": "integration_multi_essay_context",
        "severity": "MEDIUM",
        "category": "Integration",
        "description": "Integration test multi_essay_context failed",
        "error_details": "'EssayReActAgent' object has no attribute 'chat'",
        "reproduction_steps": [
          "Run integration test: Multi-essay context",
          "Description: Track multiple essays simultaneously",
          "Exception: 'EssayReActAgent' object has no attribute 'chat'"
        ],
        "timestamp": "2025-07-15T22:08:45.556736",
        "tools_involved": [],
        "conversation_context": ""
      }
    ]
  },
  {
    "test_id": "integration_context_retrieval",
    "test_name": "Integration: Context retrieval",
    "category": "Integration",
    "status": "ERROR",
    "execution_time": 0.0013189315795898438,
    "tools_used": [],
    "error_details": "'EssayReActAgent' object has no attribute 'chat'",
    "quality_score": null,
    "output_sample": null,
    "bug_reports": [
      {
        "bug_id": "BUG-EVAL-057",
        "test_id": "integration_context_retrieval",
        "severity": "MEDIUM",
        "category": "Integration",
        "description": "Integration test context_retrieval failed",
        "error_details": "'EssayReActAgent' object has no attribute 'chat'",
        "reproduction_steps": [
          "Run integration test: Context retrieval",
          "Description: Access relevant past conversations",
          "Exception: 'EssayReActAgent' object has no attribute 'chat'"
        ],
        "timestamp": "2025-07-15T22:08:45.557966",
        "tools_involved": [],
        "conversation_context": ""
      }
    ]
  },
  {
    "test_id": "integration_memory_conflict",
    "test_name": "Integration: Memory conflict resolution",
    "category": "Integration",
    "status": "ERROR",
    "execution_time": 0.0016047954559326172,
    "tools_used": [],
    "error_details": "'EssayReActAgent' object has no attribute 'chat'",
    "quality_score": null,
    "output_sample": null,
    "bug_reports": [
      {
        "bug_id": "BUG-EVAL-058",
        "test_id": "integration_memory_conflict",
        "severity": "MEDIUM",
        "category": "Integration",
        "description": "Integration test memory_conflict failed",
        "error_details": "'EssayReActAgent' object has no attribute 'chat'",
        "reproduction_steps": [
          "Run integration test: Memory conflict resolution",
          "Description: Handle contradictory user information",
          "Exception: 'EssayReActAgent' object has no attribute 'chat'"
        ],
        "timestamp": "2025-07-15T22:08:45.559491",
        "tools_involved": [],
        "conversation_context": ""
      }
    ]
  },
  {
    "test_id": "integration_high_load",
    "test_name": "Integration: High-load simulation",
    "category": "Integration",
    "status": "ERROR",
    "execution_time": 0.0015931129455566406,
    "tools_used": [],
    "error_details": "'EssayReActAgent' object has no attribute 'chat'",
    "quality_score": null,
    "output_sample": null,
    "bug_reports": [
      {
        "bug_id": "BUG-EVAL-059",
        "test_id": "integration_high_load",
        "severity": "MEDIUM",
        "category": "Integration",
        "description": "Integration test high_load failed",
        "error_details": "'EssayReActAgent' object has no attribute 'chat'",
        "reproduction_steps": [
          "Run integration test: High-load simulation",
          "Description: Rapid successive tool calls",
          "Exception: 'EssayReActAgent' object has no attribute 'chat'"
        ],
        "timestamp": "2025-07-15T22:08:45.561299",
        "tools_involved": [],
        "conversation_context": ""
      }
    ]
  },
  {
    "test_id": "integration_error_recovery",
    "test_name": "Integration: Error recovery",
    "category": "Integration",
    "status": "ERROR",
    "execution_time": 0.0015969276428222656,
    "tools_used": [],
    "error_details": "'EssayReActAgent' object has no attribute 'chat'",
    "quality_score": null,
    "output_sample": null,
    "bug_reports": [
      {
        "bug_id": "BUG-EVAL-060",
        "test_id": "integration_error_recovery",
        "severity": "MEDIUM",
        "category": "Integration",
        "description": "Integration test error_recovery failed",
        "error_details": "'EssayReActAgent' object has no attribute 'chat'",
        "reproduction_steps": [
          "Run integration test: Error recovery",
          "Description: Graceful handling of various failure modes",
          "Exception: 'EssayReActAgent' object has no attribute 'chat'"
        ],
        "timestamp": "2025-07-15T22:08:45.562812",
        "tools_involved": [],
        "conversation_context": ""
      }
    ]
  },
  {
    "test_id": "integration_quality_consistency",
    "test_name": "Integration: Response quality consistency",
    "category": "Integration",
    "status": "ERROR",
    "execution_time": 0.0012311935424804688,
    "tools_used": [],
    "error_details": "'EssayReActAgent' object has no attribute 'chat'",
    "quality_score": null,
    "output_sample": null,
    "bug_reports": [
      {
        "bug_id": "BUG-EVAL-061",
        "test_id": "integration_quality_consistency",
        "severity": "MEDIUM",
        "category": "Integration",
        "description": "Integration test quality_consistency failed",
        "error_details": "'EssayReActAgent' object has no attribute 'chat'",
        "reproduction_steps": [
          "Run integration test: Response quality consistency",
          "Description: Ensure stable output quality",
          "Exception: 'EssayReActAgent' object has no attribute 'chat'"
        ],
        "timestamp": "2025-07-15T22:08:45.564294",
        "tools_involved": [],
        "conversation_context": ""
      }
    ]
  },
  {
    "test_id": "integration_latency_measurement",
    "test_name": "Integration: Latency measurement",
    "category": "Integration",
    "status": "ERROR",
    "execution_time": 0.0009360313415527344,
    "tools_used": [],
    "error_details": "'EssayReActAgent' object has no attribute 'chat'",
    "quality_score": null,
    "output_sample": null,
    "bug_reports": [
      {
        "bug_id": "BUG-EVAL-062",
        "test_id": "integration_latency_measurement",
        "severity": "MEDIUM",
        "category": "Integration",
        "description": "Integration test latency_measurement failed",
        "error_details": "'EssayReActAgent' object has no attribute 'chat'",
        "reproduction_steps": [
          "Run integration test: Latency measurement",
          "Description: Track tool execution times",
          "Exception: 'EssayReActAgent' object has no attribute 'chat'"
        ],
        "timestamp": "2025-07-15T22:08:45.565305",
        "tools_involved": [],
        "conversation_context": ""
      }
    ]
  },
  {
    "test_id": "integration_resource_usage",
    "test_name": "Integration: Resource usage",
    "category": "Integration",
    "status": "ERROR",
    "execution_time": 0.0009851455688476562,
    "tools_used": [],
    "error_details": "'EssayReActAgent' object has no attribute 'chat'",
    "quality_score": null,
    "output_sample": null,
    "bug_reports": [
      {
        "bug_id": "BUG-EVAL-063",
        "test_id": "integration_resource_usage",
        "severity": "MEDIUM",
        "category": "Integration",
        "description": "Integration test resource_usage failed",
        "error_details": "'EssayReActAgent' object has no attribute 'chat'",
        "reproduction_steps": [
          "Run integration test: Resource usage",
          "Description: Monitor memory and CPU consumption",
          "Exception: 'EssayReActAgent' object has no attribute 'chat'"
        ],
        "timestamp": "2025-07-15T22:08:45.566208",
        "tools_involved": [],
        "conversation_context": ""
      }
    ]
  },
  {
    "test_id": "integration_stress_testing",
    "test_name": "Integration: Stress testing",
    "category": "Integration",
    "status": "ERROR",
    "execution_time": 0.0009059906005859375,
    "tools_used": [],
    "error_details": "'EssayReActAgent' object has no attribute 'chat'",
    "quality_score": null,
    "output_sample": null,
    "bug_reports": [
      {
        "bug_id": "BUG-EVAL-064",
        "test_id": "integration_stress_testing",
        "severity": "MEDIUM",
        "category": "Integration",
        "description": "Integration test stress_testing failed",
        "error_details": "'EssayReActAgent' object has no attribute 'chat'",
        "reproduction_steps": [
          "Run integration test: Stress testing",
          "Description: Push system to operational limits",
          "Exception: 'EssayReActAgent' object has no attribute 'chat'"
        ],
        "timestamp": "2025-07-15T22:08:45.567230",
        "tools_involved": [],
        "conversation_context": ""
      }
    ]
  }
]