[
  {
    "test_id": "tool_brainstorm",
    "test_name": "Tool Test: brainstorm",
    "category": "Tool Coverage",
    "status": "ERROR",
    "execution_time": 0.3313930034637451,
    "tools_used": [
      "brainstorm"
    ],
    "error_details": "__init__() got an unexpected keyword argument 'memory'",
    "quality_score": null,
    "output_sample": null,
    "bug_reports": [
      {
        "bug_id": "BUG-EVAL-001",
        "test_id": "tool_brainstorm",
        "severity": "HIGH",
        "category": "Tool Execution",
        "description": "Tool brainstorm failed with exception",
        "error_details": "__init__() got an unexpected keyword argument 'memory'",
        "reproduction_steps": [
          "Call tool brainstorm",
          "With input: Help me brainstorm for Stanford identity essay",
          "Exception: __init__() got an unexpected keyword argument 'memory'"
        ],
        "timestamp": "2025-07-15T22:05:08.356065",
        "tools_involved": [],
        "conversation_context": ""
      }
    ]
  },
  {
    "test_id": "tool_brainstorm_specific",
    "test_name": "Tool Test: brainstorm_specific",
    "category": "Tool Coverage",
    "status": "ERROR",
    "execution_time": 0.0015499591827392578,
    "tools_used": [
      "brainstorm_specific"
    ],
    "error_details": "__init__() got an unexpected keyword argument 'memory'",
    "quality_score": null,
    "output_sample": null,
    "bug_reports": [
      {
        "bug_id": "BUG-EVAL-002",
        "test_id": "tool_brainstorm_specific",
        "severity": "HIGH",
        "category": "Tool Execution",
        "description": "Tool brainstorm_specific failed with exception",
        "error_details": "__init__() got an unexpected keyword argument 'memory'",
        "reproduction_steps": [
          "Call tool brainstorm_specific",
          "With input: Brainstorm ideas about my robotics club experience",
          "Exception: __init__() got an unexpected keyword argument 'memory'"
        ],
        "timestamp": "2025-07-15T22:05:08.357815",
        "tools_involved": [],
        "conversation_context": ""
      }
    ]
  },
  {
    "test_id": "tool_generate_story_ideas",
    "test_name": "Tool Test: generate_story_ideas",
    "category": "Tool Coverage",
    "status": "ERROR",
    "execution_time": 0.0011126995086669922,
    "tools_used": [
      "generate_story_ideas"
    ],
    "error_details": "__init__() got an unexpected keyword argument 'memory'",
    "quality_score": null,
    "output_sample": null,
    "bug_reports": [
      {
        "bug_id": "BUG-EVAL-003",
        "test_id": "tool_generate_story_ideas",
        "severity": "HIGH",
        "category": "Tool Execution",
        "description": "Tool generate_story_ideas failed with exception",
        "error_details": "__init__() got an unexpected keyword argument 'memory'",
        "reproduction_steps": [
          "Call tool generate_story_ideas",
          "With input: Generate story ideas for overcoming challenges",
          "Exception: __init__() got an unexpected keyword argument 'memory'"
        ],
        "timestamp": "2025-07-15T22:05:08.358978",
        "tools_involved": [],
        "conversation_context": ""
      }
    ]
  },
  {
    "test_id": "tool_story_development",
    "test_name": "Tool Test: story_development",
    "category": "Tool Coverage",
    "status": "ERROR",
    "execution_time": 0.0008912086486816406,
    "tools_used": [
      "story_development"
    ],
    "error_details": "__init__() got an unexpected keyword argument 'memory'",
    "quality_score": null,
    "output_sample": null,
    "bug_reports": [
      {
        "bug_id": "BUG-EVAL-004",
        "test_id": "tool_story_development",
        "severity": "HIGH",
        "category": "Tool Execution",
        "description": "Tool story_development failed with exception",
        "error_details": "__init__() got an unexpected keyword argument 'memory'",
        "reproduction_steps": [
          "Call tool story_development",
          "With input: Develop my story about learning to code",
          "Exception: __init__() got an unexpected keyword argument 'memory'"
        ],
        "timestamp": "2025-07-15T22:05:08.359993",
        "tools_involved": [],
        "conversation_context": ""
      }
    ]
  },
  {
    "test_id": "tool_story_themes",
    "test_name": "Tool Test: story_themes",
    "category": "Tool Coverage",
    "status": "ERROR",
    "execution_time": 0.0009140968322753906,
    "tools_used": [
      "story_themes"
    ],
    "error_details": "__init__() got an unexpected keyword argument 'memory'",
    "quality_score": null,
    "output_sample": null,
    "bug_reports": [
      {
        "bug_id": "BUG-EVAL-005",
        "test_id": "tool_story_themes",
        "severity": "HIGH",
        "category": "Tool Execution",
        "description": "Tool story_themes failed with exception",
        "error_details": "__init__() got an unexpected keyword argument 'memory'",
        "reproduction_steps": [
          "Call tool story_themes",
          "With input: What themes emerge from my volunteer work?",
          "Exception: __init__() got an unexpected keyword argument 'memory'"
        ],
        "timestamp": "2025-07-15T22:05:08.360943",
        "tools_involved": [],
        "conversation_context": ""
      }
    ]
  },
  {
    "test_id": "tool_story_analysis",
    "test_name": "Tool Test: story_analysis",
    "category": "Tool Coverage",
    "status": "ERROR",
    "execution_time": 0.001657724380493164,
    "tools_used": [
      "story_analysis"
    ],
    "error_details": "__init__() got an unexpected keyword argument 'memory'",
    "quality_score": null,
    "output_sample": null,
    "bug_reports": [
      {
        "bug_id": "BUG-EVAL-006",
        "test_id": "tool_story_analysis",
        "severity": "HIGH",
        "category": "Tool Execution",
        "description": "Tool story_analysis failed with exception",
        "error_details": "__init__() got an unexpected keyword argument 'memory'",
        "reproduction_steps": [
          "Call tool story_analysis",
          "With input: Analyze why my debate tournament story is compelling",
          "Exception: __init__() got an unexpected keyword argument 'memory'"
        ],
        "timestamp": "2025-07-15T22:05:08.362317",
        "tools_involved": [],
        "conversation_context": ""
      }
    ]
  },
  {
    "test_id": "tool_outline",
    "test_name": "Tool Test: outline",
    "category": "Tool Coverage",
    "status": "ERROR",
    "execution_time": 0.0019459724426269531,
    "tools_used": [
      "outline"
    ],
    "error_details": "__init__() got an unexpected keyword argument 'memory'",
    "quality_score": null,
    "output_sample": null,
    "bug_reports": [
      {
        "bug_id": "BUG-EVAL-007",
        "test_id": "tool_outline",
        "severity": "HIGH",
        "category": "Tool Execution",
        "description": "Tool outline failed with exception",
        "error_details": "__init__() got an unexpected keyword argument 'memory'",
        "reproduction_steps": [
          "Call tool outline",
          "With input: Create outline for my Harvard leadership essay",
          "Exception: __init__() got an unexpected keyword argument 'memory'"
        ],
        "timestamp": "2025-07-15T22:05:08.364474",
        "tools_involved": [],
        "conversation_context": ""
      }
    ]
  },
  {
    "test_id": "tool_structure_essay",
    "test_name": "Tool Test: structure_essay",
    "category": "Tool Coverage",
    "status": "ERROR",
    "execution_time": 0.0009925365447998047,
    "tools_used": [
      "structure_essay"
    ],
    "error_details": "__init__() got an unexpected keyword argument 'memory'",
    "quality_score": null,
    "output_sample": null,
    "bug_reports": [
      {
        "bug_id": "BUG-EVAL-008",
        "test_id": "tool_structure_essay",
        "severity": "HIGH",
        "category": "Tool Execution",
        "description": "Tool structure_essay failed with exception",
        "error_details": "__init__() got an unexpected keyword argument 'memory'",
        "reproduction_steps": [
          "Call tool structure_essay",
          "With input: Structure my essay about cultural identity",
          "Exception: __init__() got an unexpected keyword argument 'memory'"
        ],
        "timestamp": "2025-07-15T22:05:08.365586",
        "tools_involved": [],
        "conversation_context": ""
      }
    ]
  },
  {
    "test_id": "tool_plan_essay",
    "test_name": "Tool Test: plan_essay",
    "category": "Tool Coverage",
    "status": "ERROR",
    "execution_time": 0.0008978843688964844,
    "tools_used": [
      "plan_essay"
    ],
    "error_details": "__init__() got an unexpected keyword argument 'memory'",
    "quality_score": null,
    "output_sample": null,
    "bug_reports": [
      {
        "bug_id": "BUG-EVAL-009",
        "test_id": "tool_plan_essay",
        "severity": "HIGH",
        "category": "Tool Execution",
        "description": "Tool plan_essay failed with exception",
        "error_details": "__init__() got an unexpected keyword argument 'memory'",
        "reproduction_steps": [
          "Call tool plan_essay",
          "With input: Plan my essay about academic passion for computer science",
          "Exception: __init__() got an unexpected keyword argument 'memory'"
        ],
        "timestamp": "2025-07-15T22:05:08.366522",
        "tools_involved": [],
        "conversation_context": ""
      }
    ]
  },
  {
    "test_id": "tool_organize_content",
    "test_name": "Tool Test: organize_content",
    "category": "Tool Coverage",
    "status": "ERROR",
    "execution_time": 0.001177072525024414,
    "tools_used": [
      "organize_content"
    ],
    "error_details": "__init__() got an unexpected keyword argument 'memory'",
    "quality_score": null,
    "output_sample": null,
    "bug_reports": [
      {
        "bug_id": "BUG-EVAL-010",
        "test_id": "tool_organize_content",
        "severity": "HIGH",
        "category": "Tool Execution",
        "description": "Tool organize_content failed with exception",
        "error_details": "__init__() got an unexpected keyword argument 'memory'",
        "reproduction_steps": [
          "Call tool organize_content",
          "With input: Organize my ideas about community service impact",
          "Exception: __init__() got an unexpected keyword argument 'memory'"
        ],
        "timestamp": "2025-07-15T22:05:08.367643",
        "tools_involved": [],
        "conversation_context": ""
      }
    ]
  },
  {
    "test_id": "tool_write_introduction",
    "test_name": "Tool Test: write_introduction",
    "category": "Tool Coverage",
    "status": "ERROR",
    "execution_time": 0.0009567737579345703,
    "tools_used": [
      "write_introduction"
    ],
    "error_details": "__init__() got an unexpected keyword argument 'memory'",
    "quality_score": null,
    "output_sample": null,
    "bug_reports": [
      {
        "bug_id": "BUG-EVAL-011",
        "test_id": "tool_write_introduction",
        "severity": "HIGH",
        "category": "Tool Execution",
        "description": "Tool write_introduction failed with exception",
        "error_details": "__init__() got an unexpected keyword argument 'memory'",
        "reproduction_steps": [
          "Call tool write_introduction",
          "With input: Write compelling intro for my challenge essay",
          "Exception: __init__() got an unexpected keyword argument 'memory'"
        ],
        "timestamp": "2025-07-15T22:05:08.368669",
        "tools_involved": [],
        "conversation_context": ""
      }
    ]
  },
  {
    "test_id": "tool_write_body_paragraph",
    "test_name": "Tool Test: write_body_paragraph",
    "category": "Tool Coverage",
    "status": "ERROR",
    "execution_time": 0.0010440349578857422,
    "tools_used": [
      "write_body_paragraph"
    ],
    "error_details": "__init__() got an unexpected keyword argument 'memory'",
    "quality_score": null,
    "output_sample": null,
    "bug_reports": [
      {
        "bug_id": "BUG-EVAL-012",
        "test_id": "tool_write_body_paragraph",
        "severity": "HIGH",
        "category": "Tool Execution",
        "description": "Tool write_body_paragraph failed with exception",
        "error_details": "__init__() got an unexpected keyword argument 'memory'",
        "reproduction_steps": [
          "Call tool write_body_paragraph",
          "With input: Write body paragraph about my research experience",
          "Exception: __init__() got an unexpected keyword argument 'memory'"
        ],
        "timestamp": "2025-07-15T22:05:08.369683",
        "tools_involved": [],
        "conversation_context": ""
      }
    ]
  },
  {
    "test_id": "tool_write_conclusion",
    "test_name": "Tool Test: write_conclusion",
    "category": "Tool Coverage",
    "status": "ERROR",
    "execution_time": 0.001116037368774414,
    "tools_used": [
      "write_conclusion"
    ],
    "error_details": "__init__() got an unexpected keyword argument 'memory'",
    "quality_score": null,
    "output_sample": null,
    "bug_reports": [
      {
        "bug_id": "BUG-EVAL-013",
        "test_id": "tool_write_conclusion",
        "severity": "HIGH",
        "category": "Tool Execution",
        "description": "Tool write_conclusion failed with exception",
        "error_details": "__init__() got an unexpected keyword argument 'memory'",
        "reproduction_steps": [
          "Call tool write_conclusion",
          "With input: Write conclusion tying together my growth themes",
          "Exception: __init__() got an unexpected keyword argument 'memory'"
        ],
        "timestamp": "2025-07-15T22:05:08.370782",
        "tools_involved": [],
        "conversation_context": ""
      }
    ]
  },
  {
    "test_id": "tool_draft_essay",
    "test_name": "Tool Test: draft_essay",
    "category": "Tool Coverage",
    "status": "ERROR",
    "execution_time": 0.0010192394256591797,
    "tools_used": [
      "draft_essay"
    ],
    "error_details": "__init__() got an unexpected keyword argument 'memory'",
    "quality_score": null,
    "output_sample": null,
    "bug_reports": [
      {
        "bug_id": "BUG-EVAL-014",
        "test_id": "tool_draft_essay",
        "severity": "HIGH",
        "category": "Tool Execution",
        "description": "Tool draft_essay failed with exception",
        "error_details": "__init__() got an unexpected keyword argument 'memory'",
        "reproduction_steps": [
          "Call tool draft_essay",
          "With input: Draft full essay about my identity as first-gen student",
          "Exception: __init__() got an unexpected keyword argument 'memory'"
        ],
        "timestamp": "2025-07-15T22:05:08.371895",
        "tools_involved": [],
        "conversation_context": ""
      }
    ]
  },
  {
    "test_id": "tool_rewrite_paragraph",
    "test_name": "Tool Test: rewrite_paragraph",
    "category": "Tool Coverage",
    "status": "ERROR",
    "execution_time": 0.0009272098541259766,
    "tools_used": [
      "rewrite_paragraph"
    ],
    "error_details": "__init__() got an unexpected keyword argument 'memory'",
    "quality_score": null,
    "output_sample": null,
    "bug_reports": [
      {
        "bug_id": "BUG-EVAL-015",
        "test_id": "tool_rewrite_paragraph",
        "severity": "HIGH",
        "category": "Tool Execution",
        "description": "Tool rewrite_paragraph failed with exception",
        "error_details": "__init__() got an unexpected keyword argument 'memory'",
        "reproduction_steps": [
          "Call tool rewrite_paragraph",
          "With input: Rewrite this paragraph to be more compelling",
          "Exception: __init__() got an unexpected keyword argument 'memory'"
        ],
        "timestamp": "2025-07-15T22:05:08.372859",
        "tools_involved": [],
        "conversation_context": ""
      }
    ]
  },
  {
    "test_id": "tool_improve_transitions",
    "test_name": "Tool Test: improve_transitions",
    "category": "Tool Coverage",
    "status": "ERROR",
    "execution_time": 0.0011138916015625,
    "tools_used": [
      "improve_transitions"
    ],
    "error_details": "__init__() got an unexpected keyword argument 'memory'",
    "quality_score": null,
    "output_sample": null,
    "bug_reports": [
      {
        "bug_id": "BUG-EVAL-016",
        "test_id": "tool_improve_transitions",
        "severity": "HIGH",
        "category": "Tool Execution",
        "description": "Tool improve_transitions failed with exception",
        "error_details": "__init__() got an unexpected keyword argument 'memory'",
        "reproduction_steps": [
          "Call tool improve_transitions",
          "With input: Improve transitions between these paragraphs",
          "Exception: __init__() got an unexpected keyword argument 'memory'"
        ],
        "timestamp": "2025-07-15T22:05:08.373765",
        "tools_involved": [],
        "conversation_context": ""
      }
    ]
  },
  {
    "test_id": "tool_add_details",
    "test_name": "Tool Test: add_details",
    "category": "Tool Coverage",
    "status": "ERROR",
    "execution_time": 0.0012891292572021484,
    "tools_used": [
      "add_details"
    ],
    "error_details": "__init__() got an unexpected keyword argument 'memory'",
    "quality_score": null,
    "output_sample": null,
    "bug_reports": [
      {
        "bug_id": "BUG-EVAL-017",
        "test_id": "tool_add_details",
        "severity": "HIGH",
        "category": "Tool Execution",
        "description": "Tool add_details failed with exception",
        "error_details": "__init__() got an unexpected keyword argument 'memory'",
        "reproduction_steps": [
          "Call tool add_details",
          "With input: Add vivid details to my story about moving to America",
          "Exception: __init__() got an unexpected keyword argument 'memory'"
        ],
        "timestamp": "2025-07-15T22:05:08.375190",
        "tools_involved": [],
        "conversation_context": ""
      }
    ]
  },
  {
    "test_id": "tool_enhance_voice",
    "test_name": "Tool Test: enhance_voice",
    "category": "Tool Coverage",
    "status": "ERROR",
    "execution_time": 0.0021038055419921875,
    "tools_used": [
      "enhance_voice"
    ],
    "error_details": "__init__() got an unexpected keyword argument 'memory'",
    "quality_score": null,
    "output_sample": null,
    "bug_reports": [
      {
        "bug_id": "BUG-EVAL-018",
        "test_id": "tool_enhance_voice",
        "severity": "HIGH",
        "category": "Tool Execution",
        "description": "Tool enhance_voice failed with exception",
        "error_details": "__init__() got an unexpected keyword argument 'memory'",
        "reproduction_steps": [
          "Call tool enhance_voice",
          "With input: Make my voice stronger in this personal statement",
          "Exception: __init__() got an unexpected keyword argument 'memory'"
        ],
        "timestamp": "2025-07-15T22:05:08.376808",
        "tools_involved": [],
        "conversation_context": ""
      }
    ]
  },
  {
    "test_id": "tool_revise_for_clarity",
    "test_name": "Tool Test: revise_for_clarity",
    "category": "Tool Coverage",
    "status": "ERROR",
    "execution_time": 0.0016667842864990234,
    "tools_used": [
      "revise_for_clarity"
    ],
    "error_details": "__init__() got an unexpected keyword argument 'memory'",
    "quality_score": null,
    "output_sample": null,
    "bug_reports": [
      {
        "bug_id": "BUG-EVAL-019",
        "test_id": "tool_revise_for_clarity",
        "severity": "HIGH",
        "category": "Tool Execution",
        "description": "Tool revise_for_clarity failed with exception",
        "error_details": "__init__() got an unexpected keyword argument 'memory'",
        "reproduction_steps": [
          "Call tool revise_for_clarity",
          "With input: Make this paragraph clearer and more direct",
          "Exception: __init__() got an unexpected keyword argument 'memory'"
        ],
        "timestamp": "2025-07-15T22:05:08.378955",
        "tools_involved": [],
        "conversation_context": ""
      }
    ]
  },
  {
    "test_id": "tool_revise_for_impact",
    "test_name": "Tool Test: revise_for_impact",
    "category": "Tool Coverage",
    "status": "ERROR",
    "execution_time": 0.0013070106506347656,
    "tools_used": [
      "revise_for_impact"
    ],
    "error_details": "__init__() got an unexpected keyword argument 'memory'",
    "quality_score": null,
    "output_sample": null,
    "bug_reports": [
      {
        "bug_id": "BUG-EVAL-020",
        "test_id": "tool_revise_for_impact",
        "severity": "HIGH",
        "category": "Tool Execution",
        "description": "Tool revise_for_impact failed with exception",
        "error_details": "__init__() got an unexpected keyword argument 'memory'",
        "reproduction_steps": [
          "Call tool revise_for_impact",
          "With input: Increase emotional impact of my conclusion",
          "Exception: __init__() got an unexpected keyword argument 'memory'"
        ],
        "timestamp": "2025-07-15T22:05:08.380347",
        "tools_involved": [],
        "conversation_context": ""
      }
    ]
  },
  {
    "test_id": "tool_strengthen_opening",
    "test_name": "Tool Test: strengthen_opening",
    "category": "Tool Coverage",
    "status": "ERROR",
    "execution_time": 0.0011811256408691406,
    "tools_used": [
      "strengthen_opening"
    ],
    "error_details": "__init__() got an unexpected keyword argument 'memory'",
    "quality_score": null,
    "output_sample": null,
    "bug_reports": [
      {
        "bug_id": "BUG-EVAL-021",
        "test_id": "tool_strengthen_opening",
        "severity": "HIGH",
        "category": "Tool Execution",
        "description": "Tool strengthen_opening failed with exception",
        "error_details": "__init__() got an unexpected keyword argument 'memory'",
        "reproduction_steps": [
          "Call tool strengthen_opening",
          "With input: Strengthen the opening of my diversity essay",
          "Exception: __init__() got an unexpected keyword argument 'memory'"
        ],
        "timestamp": "2025-07-15T22:05:08.381527",
        "tools_involved": [],
        "conversation_context": ""
      }
    ]
  },
  {
    "test_id": "tool_improve_flow",
    "test_name": "Tool Test: improve_flow",
    "category": "Tool Coverage",
    "status": "ERROR",
    "execution_time": 0.0013051033020019531,
    "tools_used": [
      "improve_flow"
    ],
    "error_details": "__init__() got an unexpected keyword argument 'memory'",
    "quality_score": null,
    "output_sample": null,
    "bug_reports": [
      {
        "bug_id": "BUG-EVAL-022",
        "test_id": "tool_improve_flow",
        "severity": "HIGH",
        "category": "Tool Execution",
        "description": "Tool improve_flow failed with exception",
        "error_details": "__init__() got an unexpected keyword argument 'memory'",
        "reproduction_steps": [
          "Call tool improve_flow",
          "With input: Improve flow between my intro and first body paragraph",
          "Exception: __init__() got an unexpected keyword argument 'memory'"
        ],
        "timestamp": "2025-07-15T22:05:08.382735",
        "tools_involved": [],
        "conversation_context": ""
      }
    ]
  },
  {
    "test_id": "tool_polish_language",
    "test_name": "Tool Test: polish_language",
    "category": "Tool Coverage",
    "status": "ERROR",
    "execution_time": 0.041059017181396484,
    "tools_used": [
      "polish_language"
    ],
    "error_details": "__init__() got an unexpected keyword argument 'memory'",
    "quality_score": null,
    "output_sample": null,
    "bug_reports": [
      {
        "bug_id": "BUG-EVAL-023",
        "test_id": "tool_polish_language",
        "severity": "HIGH",
        "category": "Tool Execution",
        "description": "Tool polish_language failed with exception",
        "error_details": "__init__() got an unexpected keyword argument 'memory'",
        "reproduction_steps": [
          "Call tool polish_language",
          "With input: Polish the language in my final draft",
          "Exception: __init__() got an unexpected keyword argument 'memory'"
        ],
        "timestamp": "2025-07-15T22:05:08.423569",
        "tools_involved": [],
        "conversation_context": ""
      }
    ]
  },
  {
    "test_id": "tool_adjust_tone",
    "test_name": "Tool Test: adjust_tone",
    "category": "Tool Coverage",
    "status": "ERROR",
    "execution_time": 0.0019648075103759766,
    "tools_used": [
      "adjust_tone"
    ],
    "error_details": "__init__() got an unexpected keyword argument 'memory'",
    "quality_score": null,
    "output_sample": null,
    "bug_reports": [
      {
        "bug_id": "BUG-EVAL-024",
        "test_id": "tool_adjust_tone",
        "severity": "HIGH",
        "category": "Tool Execution",
        "description": "Tool adjust_tone failed with exception",
        "error_details": "__init__() got an unexpected keyword argument 'memory'",
        "reproduction_steps": [
          "Call tool adjust_tone",
          "With input: Adjust tone to be more reflective and mature",
          "Exception: __init__() got an unexpected keyword argument 'memory'"
        ],
        "timestamp": "2025-07-15T22:05:08.425904",
        "tools_involved": [],
        "conversation_context": ""
      }
    ]
  },
  {
    "test_id": "tool_refine_word_choice",
    "test_name": "Tool Test: refine_word_choice",
    "category": "Tool Coverage",
    "status": "ERROR",
    "execution_time": 0.0012753009796142578,
    "tools_used": [
      "refine_word_choice"
    ],
    "error_details": "__init__() got an unexpected keyword argument 'memory'",
    "quality_score": null,
    "output_sample": null,
    "bug_reports": [
      {
        "bug_id": "BUG-EVAL-025",
        "test_id": "tool_refine_word_choice",
        "severity": "HIGH",
        "category": "Tool Execution",
        "description": "Tool refine_word_choice failed with exception",
        "error_details": "__init__() got an unexpected keyword argument 'memory'",
        "reproduction_steps": [
          "Call tool refine_word_choice",
          "With input: Refine word choice to avoid repetition",
          "Exception: __init__() got an unexpected keyword argument 'memory'"
        ],
        "timestamp": "2025-07-15T22:05:08.427284",
        "tools_involved": [],
        "conversation_context": ""
      }
    ]
  },
  {
    "test_id": "tool_final_edit",
    "test_name": "Tool Test: final_edit",
    "category": "Tool Coverage",
    "status": "ERROR",
    "execution_time": 0.0013551712036132812,
    "tools_used": [
      "final_edit"
    ],
    "error_details": "__init__() got an unexpected keyword argument 'memory'",
    "quality_score": null,
    "output_sample": null,
    "bug_reports": [
      {
        "bug_id": "BUG-EVAL-026",
        "test_id": "tool_final_edit",
        "severity": "HIGH",
        "category": "Tool Execution",
        "description": "Tool final_edit failed with exception",
        "error_details": "__init__() got an unexpected keyword argument 'memory'",
        "reproduction_steps": [
          "Call tool final_edit",
          "With input: Do final edit pass on my completed essay",
          "Exception: __init__() got an unexpected keyword argument 'memory'"
        ],
        "timestamp": "2025-07-15T22:05:08.428575",
        "tools_involved": [],
        "conversation_context": ""
      }
    ]
  },
  {
    "test_id": "tool_analyze_essay",
    "test_name": "Tool Test: analyze_essay",
    "category": "Tool Coverage",
    "status": "ERROR",
    "execution_time": 0.0012967586517333984,
    "tools_used": [
      "analyze_essay"
    ],
    "error_details": "__init__() got an unexpected keyword argument 'memory'",
    "quality_score": null,
    "output_sample": null,
    "bug_reports": [
      {
        "bug_id": "BUG-EVAL-027",
        "test_id": "tool_analyze_essay",
        "severity": "HIGH",
        "category": "Tool Execution",
        "description": "Tool analyze_essay failed with exception",
        "error_details": "__init__() got an unexpected keyword argument 'memory'",
        "reproduction_steps": [
          "Call tool analyze_essay",
          "With input: Analyze strengths and weaknesses of my draft",
          "Exception: __init__() got an unexpected keyword argument 'memory'"
        ],
        "timestamp": "2025-07-15T22:05:08.430039",
        "tools_involved": [],
        "conversation_context": ""
      }
    ]
  },
  {
    "test_id": "tool_check_word_count",
    "test_name": "Tool Test: check_word_count",
    "category": "Tool Coverage",
    "status": "ERROR",
    "execution_time": 0.0071752071380615234,
    "tools_used": [
      "check_word_count"
    ],
    "error_details": "__init__() got an unexpected keyword argument 'memory'",
    "quality_score": null,
    "output_sample": null,
    "bug_reports": [
      {
        "bug_id": "BUG-EVAL-028",
        "test_id": "tool_check_word_count",
        "severity": "HIGH",
        "category": "Tool Execution",
        "description": "Tool check_word_count failed with exception",
        "error_details": "__init__() got an unexpected keyword argument 'memory'",
        "reproduction_steps": [
          "Call tool check_word_count",
          "With input: Check if my essay meets 650-word requirement",
          "Exception: __init__() got an unexpected keyword argument 'memory'"
        ],
        "timestamp": "2025-07-15T22:05:08.431619",
        "tools_involved": [],
        "conversation_context": ""
      }
    ]
  },
  {
    "test_id": "tool_evaluate_prompt_response",
    "test_name": "Tool Test: evaluate_prompt_response",
    "category": "Tool Coverage",
    "status": "ERROR",
    "execution_time": 0.005621910095214844,
    "tools_used": [
      "evaluate_prompt_response"
    ],
    "error_details": "__init__() got an unexpected keyword argument 'memory'",
    "quality_score": null,
    "output_sample": null,
    "bug_reports": [
      {
        "bug_id": "BUG-EVAL-029",
        "test_id": "tool_evaluate_prompt_response",
        "severity": "HIGH",
        "category": "Tool Execution",
        "description": "Tool evaluate_prompt_response failed with exception",
        "error_details": "__init__() got an unexpected keyword argument 'memory'",
        "reproduction_steps": [
          "Call tool evaluate_prompt_response",
          "With input: Evaluate how well I addressed the prompt",
          "Exception: __init__() got an unexpected keyword argument 'memory'"
        ],
        "timestamp": "2025-07-15T22:05:08.441818",
        "tools_involved": [],
        "conversation_context": ""
      }
    ]
  },
  {
    "test_id": "tool_assess_narrative_structure",
    "test_name": "Tool Test: assess_narrative_structure",
    "category": "Tool Coverage",
    "status": "ERROR",
    "execution_time": 0.0016400814056396484,
    "tools_used": [
      "assess_narrative_structure"
    ],
    "error_details": "__init__() got an unexpected keyword argument 'memory'",
    "quality_score": null,
    "output_sample": null,
    "bug_reports": [
      {
        "bug_id": "BUG-EVAL-030",
        "test_id": "tool_assess_narrative_structure",
        "severity": "HIGH",
        "category": "Tool Execution",
        "description": "Tool assess_narrative_structure failed with exception",
        "error_details": "__init__() got an unexpected keyword argument 'memory'",
        "reproduction_steps": [
          "Call tool assess_narrative_structure",
          "With input: Assess the narrative structure of my story",
          "Exception: __init__() got an unexpected keyword argument 'memory'"
        ],
        "timestamp": "2025-07-15T22:05:08.444640",
        "tools_involved": [],
        "conversation_context": ""
      }
    ]
  },
  {
    "test_id": "tool_review_coherence",
    "test_name": "Tool Test: review_coherence",
    "category": "Tool Coverage",
    "status": "ERROR",
    "execution_time": 0.001750946044921875,
    "tools_used": [
      "review_coherence"
    ],
    "error_details": "__init__() got an unexpected keyword argument 'memory'",
    "quality_score": null,
    "output_sample": null,
    "bug_reports": [
      {
        "bug_id": "BUG-EVAL-031",
        "test_id": "tool_review_coherence",
        "severity": "HIGH",
        "category": "Tool Execution",
        "description": "Tool review_coherence failed with exception",
        "error_details": "__init__() got an unexpected keyword argument 'memory'",
        "reproduction_steps": [
          "Call tool review_coherence",
          "With input: Review coherence and logical flow",
          "Exception: __init__() got an unexpected keyword argument 'memory'"
        ],
        "timestamp": "2025-07-15T22:05:08.446473",
        "tools_involved": [],
        "conversation_context": ""
      }
    ]
  },
  {
    "test_id": "tool_score_essay",
    "test_name": "Tool Test: score_essay",
    "category": "Tool Coverage",
    "status": "ERROR",
    "execution_time": 0.0009982585906982422,
    "tools_used": [
      "score_essay"
    ],
    "error_details": "__init__() got an unexpected keyword argument 'memory'",
    "quality_score": null,
    "output_sample": null,
    "bug_reports": [
      {
        "bug_id": "BUG-EVAL-032",
        "test_id": "tool_score_essay",
        "severity": "HIGH",
        "category": "Tool Execution",
        "description": "Tool score_essay failed with exception",
        "error_details": "__init__() got an unexpected keyword argument 'memory'",
        "reproduction_steps": [
          "Call tool score_essay",
          "With input: Score my essay using college admissions rubric",
          "Exception: __init__() got an unexpected keyword argument 'memory'"
        ],
        "timestamp": "2025-07-15T22:05:08.447593",
        "tools_involved": [],
        "conversation_context": ""
      }
    ]
  },
  {
    "test_id": "tool_clarify",
    "test_name": "Tool Test: clarify",
    "category": "Tool Coverage",
    "status": "ERROR",
    "execution_time": 0.0009357929229736328,
    "tools_used": [
      "clarify"
    ],
    "error_details": "__init__() got an unexpected keyword argument 'memory'",
    "quality_score": null,
    "output_sample": null,
    "bug_reports": [
      {
        "bug_id": "BUG-EVAL-033",
        "test_id": "tool_clarify",
        "severity": "HIGH",
        "category": "Tool Execution",
        "description": "Tool clarify failed with exception",
        "error_details": "__init__() got an unexpected keyword argument 'memory'",
        "reproduction_steps": [
          "Call tool clarify",
          "With input: I'm confused about how to start my essay",
          "Exception: __init__() got an unexpected keyword argument 'memory'"
        ],
        "timestamp": "2025-07-15T22:05:08.448522",
        "tools_involved": [],
        "conversation_context": ""
      }
    ]
  },
  {
    "test_id": "tool_provide_feedback",
    "test_name": "Tool Test: provide_feedback",
    "category": "Tool Coverage",
    "status": "ERROR",
    "execution_time": 0.001219034194946289,
    "tools_used": [
      "provide_feedback"
    ],
    "error_details": "__init__() got an unexpected keyword argument 'memory'",
    "quality_score": null,
    "output_sample": null,
    "bug_reports": [
      {
        "bug_id": "BUG-EVAL-034",
        "test_id": "tool_provide_feedback",
        "severity": "HIGH",
        "category": "Tool Execution",
        "description": "Tool provide_feedback failed with exception",
        "error_details": "__init__() got an unexpected keyword argument 'memory'",
        "reproduction_steps": [
          "Call tool provide_feedback",
          "With input: Give feedback on my latest draft",
          "Exception: __init__() got an unexpected keyword argument 'memory'"
        ],
        "timestamp": "2025-07-15T22:05:08.449688",
        "tools_involved": [],
        "conversation_context": ""
      }
    ]
  },
  {
    "test_id": "tool_suggest_improvements",
    "test_name": "Tool Test: suggest_improvements",
    "category": "Tool Coverage",
    "status": "ERROR",
    "execution_time": 0.0012030601501464844,
    "tools_used": [
      "suggest_improvements"
    ],
    "error_details": "__init__() got an unexpected keyword argument 'memory'",
    "quality_score": null,
    "output_sample": null,
    "bug_reports": [
      {
        "bug_id": "BUG-EVAL-035",
        "test_id": "tool_suggest_improvements",
        "severity": "HIGH",
        "category": "Tool Execution",
        "description": "Tool suggest_improvements failed with exception",
        "error_details": "__init__() got an unexpected keyword argument 'memory'",
        "reproduction_steps": [
          "Call tool suggest_improvements",
          "With input: Suggest specific improvements for my essay",
          "Exception: __init__() got an unexpected keyword argument 'memory'"
        ],
        "timestamp": "2025-07-15T22:05:08.450913",
        "tools_involved": [],
        "conversation_context": ""
      }
    ]
  },
  {
    "test_id": "tool_generate_alternatives",
    "test_name": "Tool Test: generate_alternatives",
    "category": "Tool Coverage",
    "status": "ERROR",
    "execution_time": 0.0009181499481201172,
    "tools_used": [
      "generate_alternatives"
    ],
    "error_details": "__init__() got an unexpected keyword argument 'memory'",
    "quality_score": null,
    "output_sample": null,
    "bug_reports": [
      {
        "bug_id": "BUG-EVAL-036",
        "test_id": "tool_generate_alternatives",
        "severity": "HIGH",
        "category": "Tool Execution",
        "description": "Tool generate_alternatives failed with exception",
        "error_details": "__init__() got an unexpected keyword argument 'memory'",
        "reproduction_steps": [
          "Call tool generate_alternatives",
          "With input: Generate alternative approaches to this topic",
          "Exception: __init__() got an unexpected keyword argument 'memory'"
        ],
        "timestamp": "2025-07-15T22:05:08.451963",
        "tools_involved": [],
        "conversation_context": ""
      }
    ]
  },
  {
    "test_id": "journey_stanford_identity",
    "test_name": "User Journey: New user, blank slate to final draft",
    "category": "User Journey",
    "status": "ERROR",
    "execution_time": 0.0009129047393798828,
    "tools_used": [],
    "error_details": "__init__() got an unexpected keyword argument 'memory'",
    "quality_score": null,
    "output_sample": null,
    "bug_reports": [
      {
        "bug_id": "BUG-EVAL-037",
        "test_id": "journey_stanford_identity",
        "severity": "HIGH",
        "category": "User Journey",
        "description": "User journey stanford_identity failed",
        "error_details": "__init__() got an unexpected keyword argument 'memory'",
        "reproduction_steps": [
          "Start stanford_identity user journey",
          "School: Stanford, Type: identity",
          "Exception: __init__() got an unexpected keyword argument 'memory'"
        ],
        "timestamp": "2025-07-15T22:05:08.452915",
        "tools_involved": [],
        "conversation_context": ""
      }
    ]
  },
  {
    "test_id": "journey_harvard_challenge",
    "test_name": "User Journey: New user, guided brainstorming to completion",
    "category": "User Journey",
    "status": "ERROR",
    "execution_time": 0.0011649131774902344,
    "tools_used": [],
    "error_details": "__init__() got an unexpected keyword argument 'memory'",
    "quality_score": null,
    "output_sample": null,
    "bug_reports": [
      {
        "bug_id": "BUG-EVAL-038",
        "test_id": "journey_harvard_challenge",
        "severity": "HIGH",
        "category": "User Journey",
        "description": "User journey harvard_challenge failed",
        "error_details": "__init__() got an unexpected keyword argument 'memory'",
        "reproduction_steps": [
          "Start harvard_challenge user journey",
          "School: Harvard, Type: challenge",
          "Exception: __init__() got an unexpected keyword argument 'memory'"
        ],
        "timestamp": "2025-07-15T22:05:08.454016",
        "tools_involved": [],
        "conversation_context": ""
      }
    ]
  },
  {
    "test_id": "journey_mit_stem_passion",
    "test_name": "User Journey: New user, technical focus development",
    "category": "User Journey",
    "status": "ERROR",
    "execution_time": 0.0009200572967529297,
    "tools_used": [],
    "error_details": "__init__() got an unexpected keyword argument 'memory'",
    "quality_score": null,
    "output_sample": null,
    "bug_reports": [
      {
        "bug_id": "BUG-EVAL-039",
        "test_id": "journey_mit_stem_passion",
        "severity": "HIGH",
        "category": "User Journey",
        "description": "User journey mit_stem_passion failed",
        "error_details": "__init__() got an unexpected keyword argument 'memory'",
        "reproduction_steps": [
          "Start mit_stem_passion user journey",
          "School: MIT, Type: passion",
          "Exception: __init__() got an unexpected keyword argument 'memory'"
        ],
        "timestamp": "2025-07-15T22:05:08.455043",
        "tools_involved": [],
        "conversation_context": ""
      }
    ]
  },
  {
    "test_id": "journey_yale_community",
    "test_name": "User Journey: New user, service experience development",
    "category": "User Journey",
    "status": "ERROR",
    "execution_time": 0.0008437633514404297,
    "tools_used": [],
    "error_details": "__init__() got an unexpected keyword argument 'memory'",
    "quality_score": null,
    "output_sample": null,
    "bug_reports": [
      {
        "bug_id": "BUG-EVAL-040",
        "test_id": "journey_yale_community",
        "severity": "HIGH",
        "category": "User Journey",
        "description": "User journey yale_community failed",
        "error_details": "__init__() got an unexpected keyword argument 'memory'",
        "reproduction_steps": [
          "Start yale_community user journey",
          "School: Yale, Type: community",
          "Exception: __init__() got an unexpected keyword argument 'memory'"
        ],
        "timestamp": "2025-07-15T22:05:08.455913",
        "tools_involved": [],
        "conversation_context": ""
      }
    ]
  },
  {
    "test_id": "journey_princeton_growth",
    "test_name": "User Journey: New user, personal development narrative",
    "category": "User Journey",
    "status": "ERROR",
    "execution_time": 0.0008897781372070312,
    "tools_used": [],
    "error_details": "__init__() got an unexpected keyword argument 'memory'",
    "quality_score": null,
    "output_sample": null,
    "bug_reports": [
      {
        "bug_id": "BUG-EVAL-041",
        "test_id": "journey_princeton_growth",
        "severity": "HIGH",
        "category": "User Journey",
        "description": "User journey princeton_growth failed",
        "error_details": "__init__() got an unexpected keyword argument 'memory'",
        "reproduction_steps": [
          "Start princeton_growth user journey",
          "School: Princeton, Type: achievement",
          "Exception: __init__() got an unexpected keyword argument 'memory'"
        ],
        "timestamp": "2025-07-15T22:05:08.456762",
        "tools_involved": [],
        "conversation_context": ""
      }
    ]
  },
  {
    "test_id": "journey_columbia_diversity",
    "test_name": "User Journey: New user, cultural background exploration",
    "category": "User Journey",
    "status": "ERROR",
    "execution_time": 0.0014960765838623047,
    "tools_used": [],
    "error_details": "__init__() got an unexpected keyword argument 'memory'",
    "quality_score": null,
    "output_sample": null,
    "bug_reports": [
      {
        "bug_id": "BUG-EVAL-042",
        "test_id": "journey_columbia_diversity",
        "severity": "HIGH",
        "category": "User Journey",
        "description": "User journey columbia_diversity failed",
        "error_details": "__init__() got an unexpected keyword argument 'memory'",
        "reproduction_steps": [
          "Start columbia_diversity user journey",
          "School: Columbia, Type: identity",
          "Exception: __init__() got an unexpected keyword argument 'memory'"
        ],
        "timestamp": "2025-07-15T22:05:08.458031",
        "tools_involved": [],
        "conversation_context": ""
      }
    ]
  },
  {
    "test_id": "journey_upenn_intellectual",
    "test_name": "User Journey: New user, academic passion deep-dive",
    "category": "User Journey",
    "status": "ERROR",
    "execution_time": 0.0012707710266113281,
    "tools_used": [],
    "error_details": "__init__() got an unexpected keyword argument 'memory'",
    "quality_score": null,
    "output_sample": null,
    "bug_reports": [
      {
        "bug_id": "BUG-EVAL-043",
        "test_id": "journey_upenn_intellectual",
        "severity": "HIGH",
        "category": "User Journey",
        "description": "User journey upenn_intellectual failed",
        "error_details": "__init__() got an unexpected keyword argument 'memory'",
        "reproduction_steps": [
          "Start upenn_intellectual user journey",
          "School: UPenn, Type: passion",
          "Exception: __init__() got an unexpected keyword argument 'memory'"
        ],
        "timestamp": "2025-07-15T22:05:08.459482",
        "tools_involved": [],
        "conversation_context": ""
      }
    ]
  },
  {
    "test_id": "journey_brown_open",
    "test_name": "User Journey: New user, interdisciplinary interests",
    "category": "User Journey",
    "status": "ERROR",
    "execution_time": 0.0014231204986572266,
    "tools_used": [],
    "error_details": "__init__() got an unexpected keyword argument 'memory'",
    "quality_score": null,
    "output_sample": null,
    "bug_reports": [
      {
        "bug_id": "BUG-EVAL-044",
        "test_id": "journey_brown_open",
        "severity": "HIGH",
        "category": "User Journey",
        "description": "User journey brown_open failed",
        "error_details": "__init__() got an unexpected keyword argument 'memory'",
        "reproduction_steps": [
          "Start brown_open user journey",
          "School: Brown, Type: identity",
          "Exception: __init__() got an unexpected keyword argument 'memory'"
        ],
        "timestamp": "2025-07-15T22:05:08.460968",
        "tools_involved": [],
        "conversation_context": ""
      }
    ]
  },
  {
    "test_id": "journey_cornell_problem",
    "test_name": "User Journey: New user, analytical approach",
    "category": "User Journey",
    "status": "ERROR",
    "execution_time": 0.0014619827270507812,
    "tools_used": [],
    "error_details": "__init__() got an unexpected keyword argument 'memory'",
    "quality_score": null,
    "output_sample": null,
    "bug_reports": [
      {
        "bug_id": "BUG-EVAL-045",
        "test_id": "journey_cornell_problem",
        "severity": "HIGH",
        "category": "User Journey",
        "description": "User journey cornell_problem failed",
        "error_details": "__init__() got an unexpected keyword argument 'memory'",
        "reproduction_steps": [
          "Start cornell_problem user journey",
          "School: Cornell, Type: achievement",
          "Exception: __init__() got an unexpected keyword argument 'memory'"
        ],
        "timestamp": "2025-07-15T22:05:08.462456",
        "tools_involved": [],
        "conversation_context": ""
      }
    ]
  },
  {
    "test_id": "journey_duke_leadership",
    "test_name": "User Journey: New user, leadership experience crafting",
    "category": "User Journey",
    "status": "ERROR",
    "execution_time": 0.0011320114135742188,
    "tools_used": [],
    "error_details": "__init__() got an unexpected keyword argument 'memory'",
    "quality_score": null,
    "output_sample": null,
    "bug_reports": [
      {
        "bug_id": "BUG-EVAL-046",
        "test_id": "journey_duke_leadership",
        "severity": "HIGH",
        "category": "User Journey",
        "description": "User journey duke_leadership failed",
        "error_details": "__init__() got an unexpected keyword argument 'memory'",
        "reproduction_steps": [
          "Start duke_leadership user journey",
          "School: Duke, Type: community",
          "Exception: __init__() got an unexpected keyword argument 'memory'"
        ],
        "timestamp": "2025-07-15T22:05:08.463583",
        "tools_involved": [],
        "conversation_context": ""
      }
    ]
  },
  {
    "test_id": "journey_northwestern_why",
    "test_name": "User Journey: New user, fit and goals alignment",
    "category": "User Journey",
    "status": "ERROR",
    "execution_time": 0.0008950233459472656,
    "tools_used": [],
    "error_details": "__init__() got an unexpected keyword argument 'memory'",
    "quality_score": null,
    "output_sample": null,
    "bug_reports": [
      {
        "bug_id": "BUG-EVAL-047",
        "test_id": "journey_northwestern_why",
        "severity": "HIGH",
        "category": "User Journey",
        "description": "User journey northwestern_why failed",
        "error_details": "__init__() got an unexpected keyword argument 'memory'",
        "reproduction_steps": [
          "Start northwestern_why user journey",
          "School: Northwestern, Type: identity",
          "Exception: __init__() got an unexpected keyword argument 'memory'"
        ],
        "timestamp": "2025-07-15T22:05:08.464623",
        "tools_involved": [],
        "conversation_context": ""
      }
    ]
  },
  {
    "test_id": "journey_uc_personal",
    "test_name": "User Journey: New user, specific prompt response",
    "category": "User Journey",
    "status": "ERROR",
    "execution_time": 0.0008330345153808594,
    "tools_used": [],
    "error_details": "__init__() got an unexpected keyword argument 'memory'",
    "quality_score": null,
    "output_sample": null,
    "bug_reports": [
      {
        "bug_id": "BUG-EVAL-048",
        "test_id": "journey_uc_personal",
        "severity": "HIGH",
        "category": "User Journey",
        "description": "User journey uc_personal failed",
        "error_details": "__init__() got an unexpected keyword argument 'memory'",
        "reproduction_steps": [
          "Start uc_personal user journey",
          "School: UC Berkeley, Type: challenge",
          "Exception: __init__() got an unexpected keyword argument 'memory'"
        ],
        "timestamp": "2025-07-15T22:05:08.465484",
        "tools_involved": [],
        "conversation_context": ""
      }
    ]
  },
  {
    "test_id": "journey_returning_similar",
    "test_name": "User Journey: Suggest past essay adaptation",
    "category": "User Journey",
    "status": "ERROR",
    "execution_time": 0.0016689300537109375,
    "tools_used": [],
    "error_details": "3 validation errors for UserProfile\nuser_info\n  Field required [type=missing, input_value={'name': 'Test User', 'gr...identity', 'challenge']}, input_type=dict]\n    For further information visit https://errors.pydantic.dev/2.11/v/missing\nacademic_profile\n  Field required [type=missing, input_value={'name': 'Test User', 'gr...identity', 'challenge']}, input_type=dict]\n    For further information visit https://errors.pydantic.dev/2.11/v/missing\ncore_values\n  Field required [type=missing, input_value={'name': 'Test User', 'gr...identity', 'challenge']}, input_type=dict]\n    For further information visit https://errors.pydantic.dev/2.11/v/missing",
    "quality_score": null,
    "output_sample": null,
    "bug_reports": [
      {
        "bug_id": "BUG-EVAL-049",
        "test_id": "journey_returning_similar",
        "severity": "HIGH",
        "category": "User Journey",
        "description": "User journey returning_similar failed",
        "error_details": "3 validation errors for UserProfile\nuser_info\n  Field required [type=missing, input_value={'name': 'Test User', 'gr...identity', 'challenge']}, input_type=dict]\n    For further information visit https://errors.pydantic.dev/2.11/v/missing\nacademic_profile\n  Field required [type=missing, input_value={'name': 'Test User', 'gr...identity', 'challenge']}, input_type=dict]\n    For further information visit https://errors.pydantic.dev/2.11/v/missing\ncore_values\n  Field required [type=missing, input_value={'name': 'Test User', 'gr...identity', 'challenge']}, input_type=dict]\n    For further information visit https://errors.pydantic.dev/2.11/v/missing",
        "reproduction_steps": [
          "Start returning_similar user journey",
          "School: Stanford, Type: identity",
          "Exception: 3 validation errors for UserProfile\nuser_info\n  Field required [type=missing, input_value={'name': 'Test User', 'gr...identity', 'challenge']}, input_type=dict]\n    For further information visit https://errors.pydantic.dev/2.11/v/missing\nacademic_profile\n  Field required [type=missing, input_value={'name': 'Test User', 'gr...identity', 'challenge']}, input_type=dict]\n    For further information visit https://errors.pydantic.dev/2.11/v/missing\ncore_values\n  Field required [type=missing, input_value={'name': 'Test User', 'gr...identity', 'challenge']}, input_type=dict]\n    For further information visit https://errors.pydantic.dev/2.11/v/missing"
        ],
        "timestamp": "2025-07-15T22:05:08.467128",
        "tools_involved": [],
        "conversation_context": ""
      }
    ]
  },
  {
    "test_id": "journey_multi_essay_portfolio",
    "test_name": "User Journey: Ensure story diversity across applications",
    "category": "User Journey",
    "status": "ERROR",
    "execution_time": 0.0009951591491699219,
    "tools_used": [],
    "error_details": "3 validation errors for UserProfile\nuser_info\n  Field required [type=missing, input_value={'name': 'Test User', 'gr...identity', 'challenge']}, input_type=dict]\n    For further information visit https://errors.pydantic.dev/2.11/v/missing\nacademic_profile\n  Field required [type=missing, input_value={'name': 'Test User', 'gr...identity', 'challenge']}, input_type=dict]\n    For further information visit https://errors.pydantic.dev/2.11/v/missing\ncore_values\n  Field required [type=missing, input_value={'name': 'Test User', 'gr...identity', 'challenge']}, input_type=dict]\n    For further information visit https://errors.pydantic.dev/2.11/v/missing",
    "quality_score": null,
    "output_sample": null,
    "bug_reports": [
      {
        "bug_id": "BUG-EVAL-050",
        "test_id": "journey_multi_essay_portfolio",
        "severity": "HIGH",
        "category": "User Journey",
        "description": "User journey multi_essay_portfolio failed",
        "error_details": "3 validation errors for UserProfile\nuser_info\n  Field required [type=missing, input_value={'name': 'Test User', 'gr...identity', 'challenge']}, input_type=dict]\n    For further information visit https://errors.pydantic.dev/2.11/v/missing\nacademic_profile\n  Field required [type=missing, input_value={'name': 'Test User', 'gr...identity', 'challenge']}, input_type=dict]\n    For further information visit https://errors.pydantic.dev/2.11/v/missing\ncore_values\n  Field required [type=missing, input_value={'name': 'Test User', 'gr...identity', 'challenge']}, input_type=dict]\n    For further information visit https://errors.pydantic.dev/2.11/v/missing",
        "reproduction_steps": [
          "Start multi_essay_portfolio user journey",
          "School: Harvard, Type: challenge",
          "Exception: 3 validation errors for UserProfile\nuser_info\n  Field required [type=missing, input_value={'name': 'Test User', 'gr...identity', 'challenge']}, input_type=dict]\n    For further information visit https://errors.pydantic.dev/2.11/v/missing\nacademic_profile\n  Field required [type=missing, input_value={'name': 'Test User', 'gr...identity', 'challenge']}, input_type=dict]\n    For further information visit https://errors.pydantic.dev/2.11/v/missing\ncore_values\n  Field required [type=missing, input_value={'name': 'Test User', 'gr...identity', 'challenge']}, input_type=dict]\n    For further information visit https://errors.pydantic.dev/2.11/v/missing"
        ],
        "timestamp": "2025-07-15T22:05:08.468161",
        "tools_involved": [],
        "conversation_context": ""
      }
    ]
  },
  {
    "test_id": "journey_profile_driven_brainstorm",
    "test_name": "User Journey: Use activities/classes for ideas",
    "category": "User Journey",
    "status": "ERROR",
    "execution_time": 0.0009729862213134766,
    "tools_used": [],
    "error_details": "3 validation errors for UserProfile\nuser_info\n  Field required [type=missing, input_value={'name': 'Test User', 'gr...identity', 'challenge']}, input_type=dict]\n    For further information visit https://errors.pydantic.dev/2.11/v/missing\nacademic_profile\n  Field required [type=missing, input_value={'name': 'Test User', 'gr...identity', 'challenge']}, input_type=dict]\n    For further information visit https://errors.pydantic.dev/2.11/v/missing\ncore_values\n  Field required [type=missing, input_value={'name': 'Test User', 'gr...identity', 'challenge']}, input_type=dict]\n    For further information visit https://errors.pydantic.dev/2.11/v/missing",
    "quality_score": null,
    "output_sample": null,
    "bug_reports": [
      {
        "bug_id": "BUG-EVAL-051",
        "test_id": "journey_profile_driven_brainstorm",
        "severity": "HIGH",
        "category": "User Journey",
        "description": "User journey profile_driven_brainstorm failed",
        "error_details": "3 validation errors for UserProfile\nuser_info\n  Field required [type=missing, input_value={'name': 'Test User', 'gr...identity', 'challenge']}, input_type=dict]\n    For further information visit https://errors.pydantic.dev/2.11/v/missing\nacademic_profile\n  Field required [type=missing, input_value={'name': 'Test User', 'gr...identity', 'challenge']}, input_type=dict]\n    For further information visit https://errors.pydantic.dev/2.11/v/missing\ncore_values\n  Field required [type=missing, input_value={'name': 'Test User', 'gr...identity', 'challenge']}, input_type=dict]\n    For further information visit https://errors.pydantic.dev/2.11/v/missing",
        "reproduction_steps": [
          "Start profile_driven_brainstorm user journey",
          "School: MIT, Type: passion",
          "Exception: 3 validation errors for UserProfile\nuser_info\n  Field required [type=missing, input_value={'name': 'Test User', 'gr...identity', 'challenge']}, input_type=dict]\n    For further information visit https://errors.pydantic.dev/2.11/v/missing\nacademic_profile\n  Field required [type=missing, input_value={'name': 'Test User', 'gr...identity', 'challenge']}, input_type=dict]\n    For further information visit https://errors.pydantic.dev/2.11/v/missing\ncore_values\n  Field required [type=missing, input_value={'name': 'Test User', 'gr...identity', 'challenge']}, input_type=dict]\n    For further information visit https://errors.pydantic.dev/2.11/v/missing"
        ],
        "timestamp": "2025-07-15T22:05:08.469108",
        "tools_involved": [],
        "conversation_context": ""
      }
    ]
  },
  {
    "test_id": "journey_revision_existing",
    "test_name": "User Journey: Improve previously written essay",
    "category": "User Journey",
    "status": "ERROR",
    "execution_time": 0.0009868144989013672,
    "tools_used": [],
    "error_details": "3 validation errors for UserProfile\nuser_info\n  Field required [type=missing, input_value={'name': 'Test User', 'gr...identity', 'challenge']}, input_type=dict]\n    For further information visit https://errors.pydantic.dev/2.11/v/missing\nacademic_profile\n  Field required [type=missing, input_value={'name': 'Test User', 'gr...identity', 'challenge']}, input_type=dict]\n    For further information visit https://errors.pydantic.dev/2.11/v/missing\ncore_values\n  Field required [type=missing, input_value={'name': 'Test User', 'gr...identity', 'challenge']}, input_type=dict]\n    For further information visit https://errors.pydantic.dev/2.11/v/missing",
    "quality_score": null,
    "output_sample": null,
    "bug_reports": [
      {
        "bug_id": "BUG-EVAL-052",
        "test_id": "journey_revision_existing",
        "severity": "HIGH",
        "category": "User Journey",
        "description": "User journey revision_existing failed",
        "error_details": "3 validation errors for UserProfile\nuser_info\n  Field required [type=missing, input_value={'name': 'Test User', 'gr...identity', 'challenge']}, input_type=dict]\n    For further information visit https://errors.pydantic.dev/2.11/v/missing\nacademic_profile\n  Field required [type=missing, input_value={'name': 'Test User', 'gr...identity', 'challenge']}, input_type=dict]\n    For further information visit https://errors.pydantic.dev/2.11/v/missing\ncore_values\n  Field required [type=missing, input_value={'name': 'Test User', 'gr...identity', 'challenge']}, input_type=dict]\n    For further information visit https://errors.pydantic.dev/2.11/v/missing",
        "reproduction_steps": [
          "Start revision_existing user journey",
          "School: Yale, Type: community",
          "Exception: 3 validation errors for UserProfile\nuser_info\n  Field required [type=missing, input_value={'name': 'Test User', 'gr...identity', 'challenge']}, input_type=dict]\n    For further information visit https://errors.pydantic.dev/2.11/v/missing\nacademic_profile\n  Field required [type=missing, input_value={'name': 'Test User', 'gr...identity', 'challenge']}, input_type=dict]\n    For further information visit https://errors.pydantic.dev/2.11/v/missing\ncore_values\n  Field required [type=missing, input_value={'name': 'Test User', 'gr...identity', 'challenge']}, input_type=dict]\n    For further information visit https://errors.pydantic.dev/2.11/v/missing"
        ],
        "timestamp": "2025-07-15T22:05:08.470161",
        "tools_involved": [],
        "conversation_context": ""
      }
    ]
  },
  {
    "test_id": "journey_cross_prompt_reuse",
    "test_name": "User Journey: Adapt story for different prompt type",
    "category": "User Journey",
    "status": "ERROR",
    "execution_time": 0.0009489059448242188,
    "tools_used": [],
    "error_details": "3 validation errors for UserProfile\nuser_info\n  Field required [type=missing, input_value={'name': 'Test User', 'gr...identity', 'challenge']}, input_type=dict]\n    For further information visit https://errors.pydantic.dev/2.11/v/missing\nacademic_profile\n  Field required [type=missing, input_value={'name': 'Test User', 'gr...identity', 'challenge']}, input_type=dict]\n    For further information visit https://errors.pydantic.dev/2.11/v/missing\ncore_values\n  Field required [type=missing, input_value={'name': 'Test User', 'gr...identity', 'challenge']}, input_type=dict]\n    For further information visit https://errors.pydantic.dev/2.11/v/missing",
    "quality_score": null,
    "output_sample": null,
    "bug_reports": [
      {
        "bug_id": "BUG-EVAL-053",
        "test_id": "journey_cross_prompt_reuse",
        "severity": "HIGH",
        "category": "User Journey",
        "description": "User journey cross_prompt_reuse failed",
        "error_details": "3 validation errors for UserProfile\nuser_info\n  Field required [type=missing, input_value={'name': 'Test User', 'gr...identity', 'challenge']}, input_type=dict]\n    For further information visit https://errors.pydantic.dev/2.11/v/missing\nacademic_profile\n  Field required [type=missing, input_value={'name': 'Test User', 'gr...identity', 'challenge']}, input_type=dict]\n    For further information visit https://errors.pydantic.dev/2.11/v/missing\ncore_values\n  Field required [type=missing, input_value={'name': 'Test User', 'gr...identity', 'challenge']}, input_type=dict]\n    For further information visit https://errors.pydantic.dev/2.11/v/missing",
        "reproduction_steps": [
          "Start cross_prompt_reuse user journey",
          "School: Princeton, Type: achievement",
          "Exception: 3 validation errors for UserProfile\nuser_info\n  Field required [type=missing, input_value={'name': 'Test User', 'gr...identity', 'challenge']}, input_type=dict]\n    For further information visit https://errors.pydantic.dev/2.11/v/missing\nacademic_profile\n  Field required [type=missing, input_value={'name': 'Test User', 'gr...identity', 'challenge']}, input_type=dict]\n    For further information visit https://errors.pydantic.dev/2.11/v/missing\ncore_values\n  Field required [type=missing, input_value={'name': 'Test User', 'gr...identity', 'challenge']}, input_type=dict]\n    For further information visit https://errors.pydantic.dev/2.11/v/missing"
        ],
        "timestamp": "2025-07-15T22:05:08.471139",
        "tools_involved": [],
        "conversation_context": ""
      }
    ]
  },
  {
    "test_id": "journey_advanced_complex",
    "test_name": "User Journey: Multi-tool sophisticated workflow",
    "category": "User Journey",
    "status": "ERROR",
    "execution_time": 0.0009129047393798828,
    "tools_used": [],
    "error_details": "3 validation errors for UserProfile\nuser_info\n  Field required [type=missing, input_value={'name': 'Test User', 'gr...identity', 'challenge']}, input_type=dict]\n    For further information visit https://errors.pydantic.dev/2.11/v/missing\nacademic_profile\n  Field required [type=missing, input_value={'name': 'Test User', 'gr...identity', 'challenge']}, input_type=dict]\n    For further information visit https://errors.pydantic.dev/2.11/v/missing\ncore_values\n  Field required [type=missing, input_value={'name': 'Test User', 'gr...identity', 'challenge']}, input_type=dict]\n    For further information visit https://errors.pydantic.dev/2.11/v/missing",
    "quality_score": null,
    "output_sample": null,
    "bug_reports": [
      {
        "bug_id": "BUG-EVAL-054",
        "test_id": "journey_advanced_complex",
        "severity": "HIGH",
        "category": "User Journey",
        "description": "User journey advanced_complex failed",
        "error_details": "3 validation errors for UserProfile\nuser_info\n  Field required [type=missing, input_value={'name': 'Test User', 'gr...identity', 'challenge']}, input_type=dict]\n    For further information visit https://errors.pydantic.dev/2.11/v/missing\nacademic_profile\n  Field required [type=missing, input_value={'name': 'Test User', 'gr...identity', 'challenge']}, input_type=dict]\n    For further information visit https://errors.pydantic.dev/2.11/v/missing\ncore_values\n  Field required [type=missing, input_value={'name': 'Test User', 'gr...identity', 'challenge']}, input_type=dict]\n    For further information visit https://errors.pydantic.dev/2.11/v/missing",
        "reproduction_steps": [
          "Start advanced_complex user journey",
          "School: Columbia, Type: identity",
          "Exception: 3 validation errors for UserProfile\nuser_info\n  Field required [type=missing, input_value={'name': 'Test User', 'gr...identity', 'challenge']}, input_type=dict]\n    For further information visit https://errors.pydantic.dev/2.11/v/missing\nacademic_profile\n  Field required [type=missing, input_value={'name': 'Test User', 'gr...identity', 'challenge']}, input_type=dict]\n    For further information visit https://errors.pydantic.dev/2.11/v/missing\ncore_values\n  Field required [type=missing, input_value={'name': 'Test User', 'gr...identity', 'challenge']}, input_type=dict]\n    For further information visit https://errors.pydantic.dev/2.11/v/missing"
        ],
        "timestamp": "2025-07-15T22:05:08.472079",
        "tools_involved": [],
        "conversation_context": ""
      }
    ]
  },
  {
    "test_id": "journey_rich_profile",
    "test_name": "User Journey: Leverage extensive background data",
    "category": "User Journey",
    "status": "ERROR",
    "execution_time": 0.0009810924530029297,
    "tools_used": [],
    "error_details": "3 validation errors for UserProfile\nuser_info\n  Field required [type=missing, input_value={'name': 'Test User', 'gr...identity', 'challenge']}, input_type=dict]\n    For further information visit https://errors.pydantic.dev/2.11/v/missing\nacademic_profile\n  Field required [type=missing, input_value={'name': 'Test User', 'gr...identity', 'challenge']}, input_type=dict]\n    For further information visit https://errors.pydantic.dev/2.11/v/missing\ncore_values\n  Field required [type=missing, input_value={'name': 'Test User', 'gr...identity', 'challenge']}, input_type=dict]\n    For further information visit https://errors.pydantic.dev/2.11/v/missing",
    "quality_score": null,
    "output_sample": null,
    "bug_reports": [
      {
        "bug_id": "BUG-EVAL-055",
        "test_id": "journey_rich_profile",
        "severity": "HIGH",
        "category": "User Journey",
        "description": "User journey rich_profile failed",
        "error_details": "3 validation errors for UserProfile\nuser_info\n  Field required [type=missing, input_value={'name': 'Test User', 'gr...identity', 'challenge']}, input_type=dict]\n    For further information visit https://errors.pydantic.dev/2.11/v/missing\nacademic_profile\n  Field required [type=missing, input_value={'name': 'Test User', 'gr...identity', 'challenge']}, input_type=dict]\n    For further information visit https://errors.pydantic.dev/2.11/v/missing\ncore_values\n  Field required [type=missing, input_value={'name': 'Test User', 'gr...identity', 'challenge']}, input_type=dict]\n    For further information visit https://errors.pydantic.dev/2.11/v/missing",
        "reproduction_steps": [
          "Start rich_profile user journey",
          "School: UPenn, Type: passion",
          "Exception: 3 validation errors for UserProfile\nuser_info\n  Field required [type=missing, input_value={'name': 'Test User', 'gr...identity', 'challenge']}, input_type=dict]\n    For further information visit https://errors.pydantic.dev/2.11/v/missing\nacademic_profile\n  Field required [type=missing, input_value={'name': 'Test User', 'gr...identity', 'challenge']}, input_type=dict]\n    For further information visit https://errors.pydantic.dev/2.11/v/missing\ncore_values\n  Field required [type=missing, input_value={'name': 'Test User', 'gr...identity', 'challenge']}, input_type=dict]\n    For further information visit https://errors.pydantic.dev/2.11/v/missing"
        ],
        "timestamp": "2025-07-15T22:05:08.472982",
        "tools_involved": [],
        "conversation_context": ""
      }
    ]
  },
  {
    "test_id": "journey_time_constrained",
    "test_name": "User Journey: Efficient workflow under deadline pressure",
    "category": "User Journey",
    "status": "ERROR",
    "execution_time": 0.0014369487762451172,
    "tools_used": [],
    "error_details": "3 validation errors for UserProfile\nuser_info\n  Field required [type=missing, input_value={'name': 'Test User', 'gr...identity', 'challenge']}, input_type=dict]\n    For further information visit https://errors.pydantic.dev/2.11/v/missing\nacademic_profile\n  Field required [type=missing, input_value={'name': 'Test User', 'gr...identity', 'challenge']}, input_type=dict]\n    For further information visit https://errors.pydantic.dev/2.11/v/missing\ncore_values\n  Field required [type=missing, input_value={'name': 'Test User', 'gr...identity', 'challenge']}, input_type=dict]\n    For further information visit https://errors.pydantic.dev/2.11/v/missing",
    "quality_score": null,
    "output_sample": null,
    "bug_reports": [
      {
        "bug_id": "BUG-EVAL-056",
        "test_id": "journey_time_constrained",
        "severity": "HIGH",
        "category": "User Journey",
        "description": "User journey time_constrained failed",
        "error_details": "3 validation errors for UserProfile\nuser_info\n  Field required [type=missing, input_value={'name': 'Test User', 'gr...identity', 'challenge']}, input_type=dict]\n    For further information visit https://errors.pydantic.dev/2.11/v/missing\nacademic_profile\n  Field required [type=missing, input_value={'name': 'Test User', 'gr...identity', 'challenge']}, input_type=dict]\n    For further information visit https://errors.pydantic.dev/2.11/v/missing\ncore_values\n  Field required [type=missing, input_value={'name': 'Test User', 'gr...identity', 'challenge']}, input_type=dict]\n    For further information visit https://errors.pydantic.dev/2.11/v/missing",
        "reproduction_steps": [
          "Start time_constrained user journey",
          "School: Brown, Type: challenge",
          "Exception: 3 validation errors for UserProfile\nuser_info\n  Field required [type=missing, input_value={'name': 'Test User', 'gr...identity', 'challenge']}, input_type=dict]\n    For further information visit https://errors.pydantic.dev/2.11/v/missing\nacademic_profile\n  Field required [type=missing, input_value={'name': 'Test User', 'gr...identity', 'challenge']}, input_type=dict]\n    For further information visit https://errors.pydantic.dev/2.11/v/missing\ncore_values\n  Field required [type=missing, input_value={'name': 'Test User', 'gr...identity', 'challenge']}, input_type=dict]\n    For further information visit https://errors.pydantic.dev/2.11/v/missing"
        ],
        "timestamp": "2025-07-15T22:05:08.474478",
        "tools_involved": [],
        "conversation_context": ""
      }
    ]
  },
  {
    "test_id": "journey_perfectionist",
    "test_name": "User Journey: Multiple revision cycles and refinement",
    "category": "User Journey",
    "status": "ERROR",
    "execution_time": 0.002087831497192383,
    "tools_used": [],
    "error_details": "3 validation errors for UserProfile\nuser_info\n  Field required [type=missing, input_value={'name': 'Test User', 'gr...identity', 'challenge']}, input_type=dict]\n    For further information visit https://errors.pydantic.dev/2.11/v/missing\nacademic_profile\n  Field required [type=missing, input_value={'name': 'Test User', 'gr...identity', 'challenge']}, input_type=dict]\n    For further information visit https://errors.pydantic.dev/2.11/v/missing\ncore_values\n  Field required [type=missing, input_value={'name': 'Test User', 'gr...identity', 'challenge']}, input_type=dict]\n    For further information visit https://errors.pydantic.dev/2.11/v/missing",
    "quality_score": null,
    "output_sample": null,
    "bug_reports": [
      {
        "bug_id": "BUG-EVAL-057",
        "test_id": "journey_perfectionist",
        "severity": "HIGH",
        "category": "User Journey",
        "description": "User journey perfectionist failed",
        "error_details": "3 validation errors for UserProfile\nuser_info\n  Field required [type=missing, input_value={'name': 'Test User', 'gr...identity', 'challenge']}, input_type=dict]\n    For further information visit https://errors.pydantic.dev/2.11/v/missing\nacademic_profile\n  Field required [type=missing, input_value={'name': 'Test User', 'gr...identity', 'challenge']}, input_type=dict]\n    For further information visit https://errors.pydantic.dev/2.11/v/missing\ncore_values\n  Field required [type=missing, input_value={'name': 'Test User', 'gr...identity', 'challenge']}, input_type=dict]\n    For further information visit https://errors.pydantic.dev/2.11/v/missing",
        "reproduction_steps": [
          "Start perfectionist user journey",
          "School: Cornell, Type: community",
          "Exception: 3 validation errors for UserProfile\nuser_info\n  Field required [type=missing, input_value={'name': 'Test User', 'gr...identity', 'challenge']}, input_type=dict]\n    For further information visit https://errors.pydantic.dev/2.11/v/missing\nacademic_profile\n  Field required [type=missing, input_value={'name': 'Test User', 'gr...identity', 'challenge']}, input_type=dict]\n    For further information visit https://errors.pydantic.dev/2.11/v/missing\ncore_values\n  Field required [type=missing, input_value={'name': 'Test User', 'gr...identity', 'challenge']}, input_type=dict]\n    For further information visit https://errors.pydantic.dev/2.11/v/missing"
        ],
        "timestamp": "2025-07-15T22:05:08.475801",
        "tools_involved": [],
        "conversation_context": ""
      }
    ]
  },
  {
    "test_id": "journey_struggling_user",
    "test_name": "User Journey: Extensive support and guidance needed",
    "category": "User Journey",
    "status": "ERROR",
    "execution_time": 0.0020720958709716797,
    "tools_used": [],
    "error_details": "3 validation errors for UserProfile\nuser_info\n  Field required [type=missing, input_value={'name': 'Test User', 'gr...identity', 'challenge']}, input_type=dict]\n    For further information visit https://errors.pydantic.dev/2.11/v/missing\nacademic_profile\n  Field required [type=missing, input_value={'name': 'Test User', 'gr...identity', 'challenge']}, input_type=dict]\n    For further information visit https://errors.pydantic.dev/2.11/v/missing\ncore_values\n  Field required [type=missing, input_value={'name': 'Test User', 'gr...identity', 'challenge']}, input_type=dict]\n    For further information visit https://errors.pydantic.dev/2.11/v/missing",
    "quality_score": null,
    "output_sample": null,
    "bug_reports": [
      {
        "bug_id": "BUG-EVAL-058",
        "test_id": "journey_struggling_user",
        "severity": "HIGH",
        "category": "User Journey",
        "description": "User journey struggling_user failed",
        "error_details": "3 validation errors for UserProfile\nuser_info\n  Field required [type=missing, input_value={'name': 'Test User', 'gr...identity', 'challenge']}, input_type=dict]\n    For further information visit https://errors.pydantic.dev/2.11/v/missing\nacademic_profile\n  Field required [type=missing, input_value={'name': 'Test User', 'gr...identity', 'challenge']}, input_type=dict]\n    For further information visit https://errors.pydantic.dev/2.11/v/missing\ncore_values\n  Field required [type=missing, input_value={'name': 'Test User', 'gr...identity', 'challenge']}, input_type=dict]\n    For further information visit https://errors.pydantic.dev/2.11/v/missing",
        "reproduction_steps": [
          "Start struggling_user user journey",
          "School: Duke, Type: achievement",
          "Exception: 3 validation errors for UserProfile\nuser_info\n  Field required [type=missing, input_value={'name': 'Test User', 'gr...identity', 'challenge']}, input_type=dict]\n    For further information visit https://errors.pydantic.dev/2.11/v/missing\nacademic_profile\n  Field required [type=missing, input_value={'name': 'Test User', 'gr...identity', 'challenge']}, input_type=dict]\n    For further information visit https://errors.pydantic.dev/2.11/v/missing\ncore_values\n  Field required [type=missing, input_value={'name': 'Test User', 'gr...identity', 'challenge']}, input_type=dict]\n    For further information visit https://errors.pydantic.dev/2.11/v/missing"
        ],
        "timestamp": "2025-07-15T22:05:08.478621",
        "tools_involved": [],
        "conversation_context": ""
      }
    ]
  },
  {
    "test_id": "journey_international_user",
    "test_name": "User Journey: Cultural context and ESL considerations",
    "category": "User Journey",
    "status": "ERROR",
    "execution_time": 0.0013108253479003906,
    "tools_used": [],
    "error_details": "3 validation errors for UserProfile\nuser_info\n  Field required [type=missing, input_value={'name': 'Test User', 'gr...identity', 'challenge']}, input_type=dict]\n    For further information visit https://errors.pydantic.dev/2.11/v/missing\nacademic_profile\n  Field required [type=missing, input_value={'name': 'Test User', 'gr...identity', 'challenge']}, input_type=dict]\n    For further information visit https://errors.pydantic.dev/2.11/v/missing\ncore_values\n  Field required [type=missing, input_value={'name': 'Test User', 'gr...identity', 'challenge']}, input_type=dict]\n    For further information visit https://errors.pydantic.dev/2.11/v/missing",
    "quality_score": null,
    "output_sample": null,
    "bug_reports": [
      {
        "bug_id": "BUG-EVAL-059",
        "test_id": "journey_international_user",
        "severity": "HIGH",
        "category": "User Journey",
        "description": "User journey international_user failed",
        "error_details": "3 validation errors for UserProfile\nuser_info\n  Field required [type=missing, input_value={'name': 'Test User', 'gr...identity', 'challenge']}, input_type=dict]\n    For further information visit https://errors.pydantic.dev/2.11/v/missing\nacademic_profile\n  Field required [type=missing, input_value={'name': 'Test User', 'gr...identity', 'challenge']}, input_type=dict]\n    For further information visit https://errors.pydantic.dev/2.11/v/missing\ncore_values\n  Field required [type=missing, input_value={'name': 'Test User', 'gr...identity', 'challenge']}, input_type=dict]\n    For further information visit https://errors.pydantic.dev/2.11/v/missing",
        "reproduction_steps": [
          "Start international_user user journey",
          "School: Northwestern, Type: identity",
          "Exception: 3 validation errors for UserProfile\nuser_info\n  Field required [type=missing, input_value={'name': 'Test User', 'gr...identity', 'challenge']}, input_type=dict]\n    For further information visit https://errors.pydantic.dev/2.11/v/missing\nacademic_profile\n  Field required [type=missing, input_value={'name': 'Test User', 'gr...identity', 'challenge']}, input_type=dict]\n    For further information visit https://errors.pydantic.dev/2.11/v/missing\ncore_values\n  Field required [type=missing, input_value={'name': 'Test User', 'gr...identity', 'challenge']}, input_type=dict]\n    For further information visit https://errors.pydantic.dev/2.11/v/missing"
        ],
        "timestamp": "2025-07-15T22:05:08.479932",
        "tools_involved": [],
        "conversation_context": ""
      }
    ]
  },
  {
    "test_id": "journey_non_traditional",
    "test_name": "User Journey: Career change, gap year, unique background",
    "category": "User Journey",
    "status": "ERROR",
    "execution_time": 0.0010199546813964844,
    "tools_used": [],
    "error_details": "3 validation errors for UserProfile\nuser_info\n  Field required [type=missing, input_value={'name': 'Test User', 'gr...identity', 'challenge']}, input_type=dict]\n    For further information visit https://errors.pydantic.dev/2.11/v/missing\nacademic_profile\n  Field required [type=missing, input_value={'name': 'Test User', 'gr...identity', 'challenge']}, input_type=dict]\n    For further information visit https://errors.pydantic.dev/2.11/v/missing\ncore_values\n  Field required [type=missing, input_value={'name': 'Test User', 'gr...identity', 'challenge']}, input_type=dict]\n    For further information visit https://errors.pydantic.dev/2.11/v/missing",
    "quality_score": null,
    "output_sample": null,
    "bug_reports": [
      {
        "bug_id": "BUG-EVAL-060",
        "test_id": "journey_non_traditional",
        "severity": "HIGH",
        "category": "User Journey",
        "description": "User journey non_traditional failed",
        "error_details": "3 validation errors for UserProfile\nuser_info\n  Field required [type=missing, input_value={'name': 'Test User', 'gr...identity', 'challenge']}, input_type=dict]\n    For further information visit https://errors.pydantic.dev/2.11/v/missing\nacademic_profile\n  Field required [type=missing, input_value={'name': 'Test User', 'gr...identity', 'challenge']}, input_type=dict]\n    For further information visit https://errors.pydantic.dev/2.11/v/missing\ncore_values\n  Field required [type=missing, input_value={'name': 'Test User', 'gr...identity', 'challenge']}, input_type=dict]\n    For further information visit https://errors.pydantic.dev/2.11/v/missing",
        "reproduction_steps": [
          "Start non_traditional user journey",
          "School: UC Berkeley, Type: challenge",
          "Exception: 3 validation errors for UserProfile\nuser_info\n  Field required [type=missing, input_value={'name': 'Test User', 'gr...identity', 'challenge']}, input_type=dict]\n    For further information visit https://errors.pydantic.dev/2.11/v/missing\nacademic_profile\n  Field required [type=missing, input_value={'name': 'Test User', 'gr...identity', 'challenge']}, input_type=dict]\n    For further information visit https://errors.pydantic.dev/2.11/v/missing\ncore_values\n  Field required [type=missing, input_value={'name': 'Test User', 'gr...identity', 'challenge']}, input_type=dict]\n    For further information visit https://errors.pydantic.dev/2.11/v/missing"
        ],
        "timestamp": "2025-07-15T22:05:08.481209",
        "tools_involved": [],
        "conversation_context": ""
      }
    ]
  },
  {
    "test_id": "edge_empty_input",
    "test_name": "Edge Case: Empty/minimal user input",
    "category": "Edge Cases",
    "status": "ERROR",
    "execution_time": 0.0008931159973144531,
    "tools_used": [],
    "error_details": "__init__() got an unexpected keyword argument 'memory'",
    "quality_score": null,
    "output_sample": null,
    "bug_reports": [
      {
        "bug_id": "BUG-EVAL-061",
        "test_id": "edge_empty_input",
        "severity": "MEDIUM",
        "category": "Edge Case Handling",
        "description": "Edge case empty_input not handled properly",
        "error_details": "__init__() got an unexpected keyword argument 'memory'",
        "reproduction_steps": [
          "Send edge case input: Help me write",
          "Exception: __init__() got an unexpected keyword argument 'memory'"
        ],
        "timestamp": "2025-07-15T22:05:08.482162",
        "tools_involved": [],
        "conversation_context": ""
      }
    ]
  },
  {
    "test_id": "edge_long_input",
    "test_name": "Edge Case: Extremely long input",
    "category": "Edge Cases",
    "status": "ERROR",
    "execution_time": 0.0014090538024902344,
    "tools_used": [],
    "error_details": "__init__() got an unexpected keyword argument 'memory'",
    "quality_score": null,
    "output_sample": null,
    "bug_reports": [
      {
        "bug_id": "BUG-EVAL-062",
        "test_id": "edge_long_input",
        "severity": "MEDIUM",
        "category": "Edge Case Handling",
        "description": "Edge case long_input not handled properly",
        "error_details": "__init__() got an unexpected keyword argument 'memory'",
        "reproduction_steps": [
          "Send edge case input: I want to write about my life story which is very long... I want to write about my life story which is very long... I want to write about my life story which is very long... I want to write about my life story which is very long... I want to write about my life story which is very long... I want to write about my life story which is very long... I want to write about my life story which is very long... I want to write about my life story which is very long... I want to write about my life story which is very long... I want to write about my life story which is very long... I want to write about my life story which is very long... I want to write about my life story which is very long... I want to write about my life story which is very long... I want to write about my life story which is very long... I want to write about my life story which is very long... I want to write about my life story which is very long... I want to write about my life story which is very long... I want to write about my life story which is very long... I want to write about my life story which is very long... I want to write about my life story which is very long... I want to write about my life story which is very long... I want to write about my life story which is very long... I want to write about my life story which is very long... I want to write about my life story which is very long... I want to write about my life story which is very long... I want to write about my life story which is very long... I want to write about my life story which is very long... I want to write about my life story which is very long... I want to write about my life story which is very long... I want to write about my life story which is very long... I want to write about my life story which is very long... I want to write about my life story which is very long... I want to write about my life story which is very long... I want to write about my life story which is very long... I want to write about my life story which is very long... I want to write about my life story which is very long... I want to write about my life story which is very long... I want to write about my life story which is very long... I want to write about my life story which is very long... I want to write about my life story which is very long... I want to write about my life story which is very long... I want to write about my life story which is very long... I want to write about my life story which is very long... I want to write about my life story which is very long... I want to write about my life story which is very long... I want to write about my life story which is very long... I want to write about my life story which is very long... I want to write about my life story which is very long... I want to write about my life story which is very long... I want to write about my life story which is very long... I want to write about my life story which is very long... I want to write about my life story which is very long... I want to write about my life story which is very long... I want to write about my life story which is very long... I want to write about my life story which is very long... I want to write about my life story which is very long... I want to write about my life story which is very long... I want to write about my life story which is very long... I want to write about my life story which is very long... I want to write about my life story which is very long... I want to write about my life story which is very long... I want to write about my life story which is very long... I want to write about my life story which is very long... I want to write about my life story which is very long... I want to write about my life story which is very long... I want to write about my life story which is very long... I want to write about my life story which is very long... I want to write about my life story which is very long... I want to write about my life story which is very long... I want to write about my life story which is very long... I want to write about my life story which is very long... I want to write about my life story which is very long... I want to write about my life story which is very long... I want to write about my life story which is very long... I want to write about my life story which is very long... I want to write about my life story which is very long... I want to write about my life story which is very long... I want to write about my life story which is very long... I want to write about my life story which is very long... I want to write about my life story which is very long... I want to write about my life story which is very long... I want to write about my life story which is very long... I want to write about my life story which is very long... I want to write about my life story which is very long... I want to write about my life story which is very long... I want to write about my life story which is very long... I want to write about my life story which is very long... I want to write about my life story which is very long... I want to write about my life story which is very long... I want to write about my life story which is very long... I want to write about my life story which is very long... I want to write about my life story which is very long... I want to write about my life story which is very long... I want to write about my life story which is very long... I want to write about my life story which is very long... I want to write about my life story which is very long... I want to write about my life story which is very long... I want to write about my life story which is very long... I want to write about my life story which is very long... I want to write about my life story which is very long... I want to write about my life story which is very long... I want to write about my life story which is very long... I want to write about my life story which is very long... I want to write about my life story which is very long... I want to write about my life story which is very long... I want to write about my life story which is very long... I want to write about my life story which is very long... I want to write about my life story which is very long... I want to write about my life story which is very long... I want to write about my life story which is very long... I want to write about my life story which is very long... I want to write about my life story which is very long... I want to write about my life story which is very long... I want to write about my life story which is very long... I want to write about my life story which is very long... I want to write about my life story which is very long... I want to write about my life story which is very long... I want to write about my life story which is very long... I want to write about my life story which is very long... I want to write about my life story which is very long... I want to write about my life story which is very long... I want to write about my life story which is very long... I want to write about my life story which is very long... I want to write about my life story which is very long... I want to write about my life story which is very long... I want to write about my life story which is very long... I want to write about my life story which is very long... I want to write about my life story which is very long... I want to write about my life story which is very long... I want to write about my life story which is very long... I want to write about my life story which is very long... I want to write about my life story which is very long... I want to write about my life story which is very long... I want to write about my life story which is very long... I want to write about my life story which is very long... I want to write about my life story which is very long... I want to write about my life story which is very long... I want to write about my life story which is very long... I want to write about my life story which is very long... I want to write about my life story which is very long... I want to write about my life story which is very long... I want to write about my life story which is very long... I want to write about my life story which is very long... I want to write about my life story which is very long... I want to write about my life story which is very long... I want to write about my life story which is very long... I want to write about my life story which is very long... I want to write about my life story which is very long... I want to write about my life story which is very long... I want to write about my life story which is very long... I want to write about my life story which is very long... I want to write about my life story which is very long... I want to write about my life story which is very long... I want to write about my life story which is very long... I want to write about my life story which is very long... I want to write about my life story which is very long... I want to write about my life story which is very long... I want to write about my life story which is very long... I want to write about my life story which is very long... I want to write about my life story which is very long... I want to write about my life story which is very long... I want to write about my life story which is very long... I want to write about my life story which is very long... I want to write about my life story which is very long... I want to write about my life story which is very long... I want to write about my life story which is very long... I want to write about my life story which is very long... I want to write about my life story which is very long... I want to write about my life story which is very long... I want to write about my life story which is very long... I want to write about my life story which is very long... I want to write about my life story which is very long... I want to write about my life story which is very long... I want to write about my life story which is very long... I want to write about my life story which is very long... I want to write about my life story which is very long... I want to write about my life story which is very long... I want to write about my life story which is very long... I want to write about my life story which is very long... I want to write about my life story which is very long... I want to write about my life story which is very long... I want to write about my life story which is very long... I want to write about my life story which is very long... I want to write about my life story which is very long... I want to write about my life story which is very long... I want to write about my life story which is very long... I want to write about my life story which is very long... I want to write about my life story which is very long... I want to write about my life story which is very long... I want to write about my life story which is very long... I want to write about my life story which is very long... I want to write about my life story which is very long... I want to write about my life story which is very long... I want to write about my life story which is very long... I want to write about my life story which is very long... I want to write about my life story which is very long... I want to write about my life story which is very long... I want to write about my life story which is very long... I want to write about my life story which is very long... I want to write about my life story which is very long... ",
          "Exception: __init__() got an unexpected keyword argument 'memory'"
        ],
        "timestamp": "2025-07-15T22:05:08.483034",
        "tools_involved": [],
        "conversation_context": ""
      }
    ]
  },
  {
    "test_id": "edge_nonsensical_input",
    "test_name": "Edge Case: Nonsensical input",
    "category": "Edge Cases",
    "status": "ERROR",
    "execution_time": 0.0012378692626953125,
    "tools_used": [],
    "error_details": "__init__() got an unexpected keyword argument 'memory'",
    "quality_score": null,
    "output_sample": null,
    "bug_reports": [
      {
        "bug_id": "BUG-EVAL-063",
        "test_id": "edge_nonsensical_input",
        "severity": "MEDIUM",
        "category": "Edge Case Handling",
        "description": "Edge case nonsensical_input not handled properly",
        "error_details": "__init__() got an unexpected keyword argument 'memory'",
        "reproduction_steps": [
          "Send edge case input: \ud83c\udf1f\u2728\ud83d\udcab asdf qwerty random text emoji test 123 @#$%",
          "Exception: __init__() got an unexpected keyword argument 'memory'"
        ],
        "timestamp": "2025-07-15T22:05:08.484760",
        "tools_involved": [],
        "conversation_context": ""
      }
    ]
  },
  {
    "test_id": "edge_inappropriate_content",
    "test_name": "Edge Case: Inappropriate content",
    "category": "Edge Cases",
    "status": "ERROR",
    "execution_time": 0.0009868144989013672,
    "tools_used": [],
    "error_details": "__init__() got an unexpected keyword argument 'memory'",
    "quality_score": null,
    "output_sample": null,
    "bug_reports": [
      {
        "bug_id": "BUG-EVAL-064",
        "test_id": "edge_inappropriate_content",
        "severity": "MEDIUM",
        "category": "Edge Case Handling",
        "description": "Edge case inappropriate_content not handled properly",
        "error_details": "__init__() got an unexpected keyword argument 'memory'",
        "reproduction_steps": [
          "Send edge case input: Write about illegal activities and violence",
          "Exception: __init__() got an unexpected keyword argument 'memory'"
        ],
        "timestamp": "2025-07-15T22:05:08.485843",
        "tools_involved": [],
        "conversation_context": ""
      }
    ]
  },
  {
    "test_id": "edge_technical_input",
    "test_name": "Edge Case: Technical input",
    "category": "Edge Cases",
    "status": "ERROR",
    "execution_time": 0.0008590221405029297,
    "tools_used": [],
    "error_details": "__init__() got an unexpected keyword argument 'memory'",
    "quality_score": null,
    "output_sample": null,
    "bug_reports": [
      {
        "bug_id": "BUG-EVAL-065",
        "test_id": "edge_technical_input",
        "severity": "MEDIUM",
        "category": "Edge Case Handling",
        "description": "Edge case technical_input not handled properly",
        "error_details": "__init__() got an unexpected keyword argument 'memory'",
        "reproduction_steps": [
          "Send edge case input: def fibonacci(n): return n if n <= 1 else fibonacci(n-1) + fibonacci(n-2)",
          "Exception: __init__() got an unexpected keyword argument 'memory'"
        ],
        "timestamp": "2025-07-15T22:05:08.486742",
        "tools_involved": [],
        "conversation_context": ""
      }
    ]
  },
  {
    "test_id": "edge_tool_param_mismatch",
    "test_name": "Edge Case: Tool parameter mismatch",
    "category": "Edge Cases",
    "status": "ERROR",
    "execution_time": 0.0008649826049804688,
    "tools_used": [],
    "error_details": "__init__() got an unexpected keyword argument 'memory'",
    "quality_score": null,
    "output_sample": null,
    "bug_reports": [
      {
        "bug_id": "BUG-EVAL-066",
        "test_id": "edge_tool_param_mismatch",
        "severity": "MEDIUM",
        "category": "Edge Case Handling",
        "description": "Edge case tool_param_mismatch not handled properly",
        "error_details": "__init__() got an unexpected keyword argument 'memory'",
        "reproduction_steps": [
          "Send edge case input: brainstorm with wrong parameters",
          "Exception: __init__() got an unexpected keyword argument 'memory'"
        ],
        "timestamp": "2025-07-15T22:05:08.487626",
        "tools_involved": [],
        "conversation_context": ""
      }
    ]
  },
  {
    "test_id": "edge_missing_context",
    "test_name": "Edge Case: Missing required context",
    "category": "Edge Cases",
    "status": "ERROR",
    "execution_time": 0.000888824462890625,
    "tools_used": [],
    "error_details": "__init__() got an unexpected keyword argument 'memory'",
    "quality_score": null,
    "output_sample": null,
    "bug_reports": [
      {
        "bug_id": "BUG-EVAL-067",
        "test_id": "edge_missing_context",
        "severity": "MEDIUM",
        "category": "Edge Case Handling",
        "description": "Edge case missing_context not handled properly",
        "error_details": "__init__() got an unexpected keyword argument 'memory'",
        "reproduction_steps": [
          "Send edge case input: rewrite paragraph without providing text",
          "Exception: __init__() got an unexpected keyword argument 'memory'"
        ],
        "timestamp": "2025-07-15T22:05:08.488500",
        "tools_involved": [],
        "conversation_context": ""
      }
    ]
  },
  {
    "test_id": "edge_tool_chain_failure",
    "test_name": "Edge Case: Tool chain failures",
    "category": "Edge Cases",
    "status": "ERROR",
    "execution_time": 0.0011000633239746094,
    "tools_used": [],
    "error_details": "__init__() got an unexpected keyword argument 'memory'",
    "quality_score": null,
    "output_sample": null,
    "bug_reports": [
      {
        "bug_id": "BUG-EVAL-068",
        "test_id": "edge_tool_chain_failure",
        "severity": "MEDIUM",
        "category": "Edge Case Handling",
        "description": "Edge case tool_chain_failure not handled properly",
        "error_details": "__init__() got an unexpected keyword argument 'memory'",
        "reproduction_steps": [
          "Send edge case input: complex workflow with intentional failures",
          "Exception: __init__() got an unexpected keyword argument 'memory'"
        ],
        "timestamp": "2025-07-15T22:05:08.489509",
        "tools_involved": [],
        "conversation_context": ""
      }
    ]
  },
  {
    "test_id": "edge_timeout_scenario",
    "test_name": "Edge Case: Timeout scenarios",
    "category": "Edge Cases",
    "status": "ERROR",
    "execution_time": 0.0011110305786132812,
    "tools_used": [],
    "error_details": "__init__() got an unexpected keyword argument 'memory'",
    "quality_score": null,
    "output_sample": null,
    "bug_reports": [
      {
        "bug_id": "BUG-EVAL-069",
        "test_id": "edge_timeout_scenario",
        "severity": "MEDIUM",
        "category": "Edge Case Handling",
        "description": "Edge case timeout_scenario not handled properly",
        "error_details": "__init__() got an unexpected keyword argument 'memory'",
        "reproduction_steps": [
          "Send edge case input: extremely long processing request",
          "Exception: __init__() got an unexpected keyword argument 'memory'"
        ],
        "timestamp": "2025-07-15T22:05:08.490682",
        "tools_involved": [],
        "conversation_context": ""
      }
    ]
  },
  {
    "test_id": "edge_memory_corruption",
    "test_name": "Edge Case: Memory/state corruption",
    "category": "Edge Cases",
    "status": "ERROR",
    "execution_time": 0.0012030601501464844,
    "tools_used": [],
    "error_details": "__init__() got an unexpected keyword argument 'memory'",
    "quality_score": null,
    "output_sample": null,
    "bug_reports": [
      {
        "bug_id": "BUG-EVAL-070",
        "test_id": "edge_memory_corruption",
        "severity": "MEDIUM",
        "category": "Edge Case Handling",
        "description": "Edge case memory_corruption not handled properly",
        "error_details": "__init__() got an unexpected keyword argument 'memory'",
        "reproduction_steps": [
          "Send edge case input: invalid conversation state",
          "Exception: __init__() got an unexpected keyword argument 'memory'"
        ],
        "timestamp": "2025-07-15T22:05:08.491888",
        "tools_involved": [],
        "conversation_context": ""
      }
    ]
  },
  {
    "test_id": "edge_rapid_fire",
    "test_name": "Edge Case: Rapid-fire requests",
    "category": "Edge Cases",
    "status": "ERROR",
    "execution_time": 0.001363992691040039,
    "tools_used": [],
    "error_details": "__init__() got an unexpected keyword argument 'memory'",
    "quality_score": null,
    "output_sample": null,
    "bug_reports": [
      {
        "bug_id": "BUG-EVAL-071",
        "test_id": "edge_rapid_fire",
        "severity": "MEDIUM",
        "category": "Edge Case Handling",
        "description": "Edge case rapid_fire not handled properly",
        "error_details": "__init__() got an unexpected keyword argument 'memory'",
        "reproduction_steps": [
          "Send edge case input: multiple quick commands",
          "Exception: __init__() got an unexpected keyword argument 'memory'"
        ],
        "timestamp": "2025-07-15T22:05:08.493019",
        "tools_involved": [],
        "conversation_context": ""
      }
    ]
  },
  {
    "test_id": "edge_context_switching",
    "test_name": "Edge Case: Context switching",
    "category": "Edge Cases",
    "status": "ERROR",
    "execution_time": 0.0020530223846435547,
    "tools_used": [],
    "error_details": "__init__() got an unexpected keyword argument 'memory'",
    "quality_score": null,
    "output_sample": null,
    "bug_reports": [
      {
        "bug_id": "BUG-EVAL-072",
        "test_id": "edge_context_switching",
        "severity": "MEDIUM",
        "category": "Edge Case Handling",
        "description": "Edge case context_switching not handled properly",
        "error_details": "__init__() got an unexpected keyword argument 'memory'",
        "reproduction_steps": [
          "Send edge case input: jump between different essays",
          "Exception: __init__() got an unexpected keyword argument 'memory'"
        ],
        "timestamp": "2025-07-15T22:05:08.495134",
        "tools_involved": [],
        "conversation_context": ""
      }
    ]
  },
  {
    "test_id": "edge_conversation_interrupt",
    "test_name": "Edge Case: Conversation interruption",
    "category": "Edge Cases",
    "status": "ERROR",
    "execution_time": 0.001239776611328125,
    "tools_used": [],
    "error_details": "__init__() got an unexpected keyword argument 'memory'",
    "quality_score": null,
    "output_sample": null,
    "bug_reports": [
      {
        "bug_id": "BUG-EVAL-073",
        "test_id": "edge_conversation_interrupt",
        "severity": "MEDIUM",
        "category": "Edge Case Handling",
        "description": "Edge case conversation_interrupt not handled properly",
        "error_details": "__init__() got an unexpected keyword argument 'memory'",
        "reproduction_steps": [
          "Send edge case input: start new topic without finishing",
          "Exception: __init__() got an unexpected keyword argument 'memory'"
        ],
        "timestamp": "2025-07-15T22:05:08.496596",
        "tools_involved": [],
        "conversation_context": ""
      }
    ]
  },
  {
    "test_id": "edge_help_seeking",
    "test_name": "Edge Case: Help-seeking behavior",
    "category": "Edge Cases",
    "status": "ERROR",
    "execution_time": 0.0010852813720703125,
    "tools_used": [],
    "error_details": "__init__() got an unexpected keyword argument 'memory'",
    "quality_score": null,
    "output_sample": null,
    "bug_reports": [
      {
        "bug_id": "BUG-EVAL-074",
        "test_id": "edge_help_seeking",
        "severity": "MEDIUM",
        "category": "Edge Case Handling",
        "description": "Edge case help_seeking not handled properly",
        "error_details": "__init__() got an unexpected keyword argument 'memory'",
        "reproduction_steps": [
          "Send edge case input: I don't understand how this works",
          "Exception: __init__() got an unexpected keyword argument 'memory'"
        ],
        "timestamp": "2025-07-15T22:05:08.497799",
        "tools_involved": [],
        "conversation_context": ""
      }
    ]
  },
  {
    "test_id": "edge_frustration",
    "test_name": "Edge Case: Frustration scenarios",
    "category": "Edge Cases",
    "status": "ERROR",
    "execution_time": 0.0013990402221679688,
    "tools_used": [],
    "error_details": "__init__() got an unexpected keyword argument 'memory'",
    "quality_score": null,
    "output_sample": null,
    "bug_reports": [
      {
        "bug_id": "BUG-EVAL-075",
        "test_id": "edge_frustration",
        "severity": "MEDIUM",
        "category": "Edge Case Handling",
        "description": "Edge case frustration not handled properly",
        "error_details": "__init__() got an unexpected keyword argument 'memory'",
        "reproduction_steps": [
          "Send edge case input: This is confusing and not working",
          "Exception: __init__() got an unexpected keyword argument 'memory'"
        ],
        "timestamp": "2025-07-15T22:05:08.499185",
        "tools_involved": [],
        "conversation_context": ""
      }
    ]
  },
  {
    "test_id": "edge_non_essay_request",
    "test_name": "Edge Case: Non-essay requests",
    "category": "Edge Cases",
    "status": "ERROR",
    "execution_time": 0.0009510517120361328,
    "tools_used": [],
    "error_details": "__init__() got an unexpected keyword argument 'memory'",
    "quality_score": null,
    "output_sample": null,
    "bug_reports": [
      {
        "bug_id": "BUG-EVAL-076",
        "test_id": "edge_non_essay_request",
        "severity": "MEDIUM",
        "category": "Edge Case Handling",
        "description": "Edge case non_essay_request not handled properly",
        "error_details": "__init__() got an unexpected keyword argument 'memory'",
        "reproduction_steps": [
          "Send edge case input: Help me with my resume",
          "Exception: __init__() got an unexpected keyword argument 'memory'"
        ],
        "timestamp": "2025-07-15T22:05:08.500227",
        "tools_involved": [],
        "conversation_context": ""
      }
    ]
  },
  {
    "test_id": "edge_invalid_school",
    "test_name": "Edge Case: Out-of-scope schools",
    "category": "Edge Cases",
    "status": "ERROR",
    "execution_time": 0.0008971691131591797,
    "tools_used": [],
    "error_details": "__init__() got an unexpected keyword argument 'memory'",
    "quality_score": null,
    "output_sample": null,
    "bug_reports": [
      {
        "bug_id": "BUG-EVAL-077",
        "test_id": "edge_invalid_school",
        "severity": "MEDIUM",
        "category": "Edge Case Handling",
        "description": "Edge case invalid_school not handled properly",
        "error_details": "__init__() got an unexpected keyword argument 'memory'",
        "reproduction_steps": [
          "Send edge case input: University of Mars",
          "Exception: __init__() got an unexpected keyword argument 'memory'"
        ],
        "timestamp": "2025-07-15T22:05:08.501151",
        "tools_involved": [],
        "conversation_context": ""
      }
    ]
  },
  {
    "test_id": "edge_invalid_prompt",
    "test_name": "Edge Case: Invalid essay prompts",
    "category": "Edge Cases",
    "status": "ERROR",
    "execution_time": 0.0008451938629150391,
    "tools_used": [],
    "error_details": "__init__() got an unexpected keyword argument 'memory'",
    "quality_score": null,
    "output_sample": null,
    "bug_reports": [
      {
        "bug_id": "BUG-EVAL-078",
        "test_id": "edge_invalid_prompt",
        "severity": "MEDIUM",
        "category": "Edge Case Handling",
        "description": "Edge case invalid_prompt not handled properly",
        "error_details": "__init__() got an unexpected keyword argument 'memory'",
        "reproduction_steps": [
          "Send edge case input: Write about nothing in particular",
          "Exception: __init__() got an unexpected keyword argument 'memory'"
        ],
        "timestamp": "2025-07-15T22:05:08.502019",
        "tools_involved": [],
        "conversation_context": ""
      }
    ]
  },
  {
    "test_id": "edge_memory_limits",
    "test_name": "Edge Case: Memory limits",
    "category": "Edge Cases",
    "status": "ERROR",
    "execution_time": 0.0009279251098632812,
    "tools_used": [],
    "error_details": "__init__() got an unexpected keyword argument 'memory'",
    "quality_score": null,
    "output_sample": null,
    "bug_reports": [
      {
        "bug_id": "BUG-EVAL-079",
        "test_id": "edge_memory_limits",
        "severity": "MEDIUM",
        "category": "Edge Case Handling",
        "description": "Edge case memory_limits not handled properly",
        "error_details": "__init__() got an unexpected keyword argument 'memory'",
        "reproduction_steps": [
          "Send edge case input: extremely long conversation",
          "Exception: __init__() got an unexpected keyword argument 'memory'"
        ],
        "timestamp": "2025-07-15T22:05:08.502881",
        "tools_involved": [],
        "conversation_context": ""
      }
    ]
  },
  {
    "test_id": "edge_concurrent_usage",
    "test_name": "Edge Case: Concurrent usage",
    "category": "Edge Cases",
    "status": "ERROR",
    "execution_time": 0.0009119510650634766,
    "tools_used": [],
    "error_details": "__init__() got an unexpected keyword argument 'memory'",
    "quality_score": null,
    "output_sample": null,
    "bug_reports": [
      {
        "bug_id": "BUG-EVAL-080",
        "test_id": "edge_concurrent_usage",
        "severity": "MEDIUM",
        "category": "Edge Case Handling",
        "description": "Edge case concurrent_usage not handled properly",
        "error_details": "__init__() got an unexpected keyword argument 'memory'",
        "reproduction_steps": [
          "Send edge case input: multiple simultaneous conversations",
          "Exception: __init__() got an unexpected keyword argument 'memory'"
        ],
        "timestamp": "2025-07-15T22:05:08.503885",
        "tools_involved": [],
        "conversation_context": ""
      }
    ]
  },
  {
    "test_id": "integration_complete_essay_workflow",
    "test_name": "Integration: Complete essay from scratch",
    "category": "Integration",
    "status": "ERROR",
    "execution_time": 0.0012140274047851562,
    "tools_used": [],
    "error_details": "__init__() got an unexpected keyword argument 'memory'",
    "quality_score": null,
    "output_sample": null,
    "bug_reports": [
      {
        "bug_id": "BUG-EVAL-081",
        "test_id": "integration_complete_essay_workflow",
        "severity": "MEDIUM",
        "category": "Integration",
        "description": "Integration test complete_essay_workflow failed",
        "error_details": "__init__() got an unexpected keyword argument 'memory'",
        "reproduction_steps": [
          "Run integration test: Complete essay from scratch",
          "Description: Full tool chain execution",
          "Exception: __init__() got an unexpected keyword argument 'memory'"
        ],
        "timestamp": "2025-07-15T22:05:08.505063",
        "tools_involved": [],
        "conversation_context": ""
      }
    ]
  },
  {
    "test_id": "integration_iterative_refinement",
    "test_name": "Integration: Iterative refinement",
    "category": "Integration",
    "status": "ERROR",
    "execution_time": 0.0010449886322021484,
    "tools_used": [],
    "error_details": "__init__() got an unexpected keyword argument 'memory'",
    "quality_score": null,
    "output_sample": null,
    "bug_reports": [
      {
        "bug_id": "BUG-EVAL-082",
        "test_id": "integration_iterative_refinement",
        "severity": "MEDIUM",
        "category": "Integration",
        "description": "Integration test iterative_refinement failed",
        "error_details": "__init__() got an unexpected keyword argument 'memory'",
        "reproduction_steps": [
          "Run integration test: Iterative refinement",
          "Description: Multiple revision cycles using different tools",
          "Exception: __init__() got an unexpected keyword argument 'memory'"
        ],
        "timestamp": "2025-07-15T22:05:08.506171",
        "tools_involved": [],
        "conversation_context": ""
      }
    ]
  },
  {
    "test_id": "integration_comparative_analysis",
    "test_name": "Integration: Comparative analysis",
    "category": "Integration",
    "status": "ERROR",
    "execution_time": 0.002007007598876953,
    "tools_used": [],
    "error_details": "__init__() got an unexpected keyword argument 'memory'",
    "quality_score": null,
    "output_sample": null,
    "bug_reports": [
      {
        "bug_id": "BUG-EVAL-083",
        "test_id": "integration_comparative_analysis",
        "severity": "MEDIUM",
        "category": "Integration",
        "description": "Integration test comparative_analysis failed",
        "error_details": "__init__() got an unexpected keyword argument 'memory'",
        "reproduction_steps": [
          "Run integration test: Comparative analysis",
          "Description: Generate multiple versions, compare quality",
          "Exception: __init__() got an unexpected keyword argument 'memory'"
        ],
        "timestamp": "2025-07-15T22:05:08.507981",
        "tools_involved": [],
        "conversation_context": ""
      }
    ]
  },
  {
    "test_id": "integration_complex_restructuring",
    "test_name": "Integration: Complex restructuring",
    "category": "Integration",
    "status": "ERROR",
    "execution_time": 0.0012028217315673828,
    "tools_used": [],
    "error_details": "__init__() got an unexpected keyword argument 'memory'",
    "quality_score": null,
    "output_sample": null,
    "bug_reports": [
      {
        "bug_id": "BUG-EVAL-084",
        "test_id": "integration_complex_restructuring",
        "severity": "MEDIUM",
        "category": "Integration",
        "description": "Integration test complex_restructuring failed",
        "error_details": "__init__() got an unexpected keyword argument 'memory'",
        "reproduction_steps": [
          "Run integration test: Complex restructuring",
          "Description: Major essay reorganization mid-process",
          "Exception: __init__() got an unexpected keyword argument 'memory'"
        ],
        "timestamp": "2025-07-15T22:05:08.509382",
        "tools_involved": [],
        "conversation_context": ""
      }
    ]
  },
  {
    "test_id": "integration_style_adaptation",
    "test_name": "Integration: Style adaptation",
    "category": "Integration",
    "status": "ERROR",
    "execution_time": 0.0014929771423339844,
    "tools_used": [],
    "error_details": "__init__() got an unexpected keyword argument 'memory'",
    "quality_score": null,
    "output_sample": null,
    "bug_reports": [
      {
        "bug_id": "BUG-EVAL-085",
        "test_id": "integration_style_adaptation",
        "severity": "MEDIUM",
        "category": "Integration",
        "description": "Integration test style_adaptation failed",
        "error_details": "__init__() got an unexpected keyword argument 'memory'",
        "reproduction_steps": [
          "Run integration test: Style adaptation",
          "Description: Adjust essay for different school cultures",
          "Exception: __init__() got an unexpected keyword argument 'memory'"
        ],
        "timestamp": "2025-07-15T22:05:08.510497",
        "tools_involved": [],
        "conversation_context": ""
      }
    ]
  },
  {
    "test_id": "integration_topic_pivoting",
    "test_name": "Integration: Topic pivoting",
    "category": "Integration",
    "status": "ERROR",
    "execution_time": 0.0011548995971679688,
    "tools_used": [],
    "error_details": "__init__() got an unexpected keyword argument 'memory'",
    "quality_score": null,
    "output_sample": null,
    "bug_reports": [
      {
        "bug_id": "BUG-EVAL-086",
        "test_id": "integration_topic_pivoting",
        "severity": "MEDIUM",
        "category": "Integration",
        "description": "Integration test topic_pivoting failed",
        "error_details": "__init__() got an unexpected keyword argument 'memory'",
        "reproduction_steps": [
          "Run integration test: Topic pivoting",
          "Description: Change essay focus while preserving content",
          "Exception: __init__() got an unexpected keyword argument 'memory'"
        ],
        "timestamp": "2025-07-15T22:05:08.512104",
        "tools_involved": [],
        "conversation_context": ""
      }
    ]
  },
  {
    "test_id": "integration_quality_improvement",
    "test_name": "Integration: Quality improvement",
    "category": "Integration",
    "status": "ERROR",
    "execution_time": 0.0009329319000244141,
    "tools_used": [],
    "error_details": "__init__() got an unexpected keyword argument 'memory'",
    "quality_score": null,
    "output_sample": null,
    "bug_reports": [
      {
        "bug_id": "BUG-EVAL-087",
        "test_id": "integration_quality_improvement",
        "severity": "MEDIUM",
        "category": "Integration",
        "description": "Integration test quality_improvement failed",
        "error_details": "__init__() got an unexpected keyword argument 'memory'",
        "reproduction_steps": [
          "Run integration test: Quality improvement",
          "Description: Systematic enhancement using analysis tools",
          "Exception: __init__() got an unexpected keyword argument 'memory'"
        ],
        "timestamp": "2025-07-15T22:05:08.513100",
        "tools_involved": [],
        "conversation_context": ""
      }
    ]
  },
  {
    "test_id": "integration_deadline_pressure",
    "test_name": "Integration: Deadline pressure",
    "category": "Integration",
    "status": "ERROR",
    "execution_time": 0.0009539127349853516,
    "tools_used": [],
    "error_details": "__init__() got an unexpected keyword argument 'memory'",
    "quality_score": null,
    "output_sample": null,
    "bug_reports": [
      {
        "bug_id": "BUG-EVAL-088",
        "test_id": "integration_deadline_pressure",
        "severity": "MEDIUM",
        "category": "Integration",
        "description": "Integration test deadline_pressure failed",
        "error_details": "__init__() got an unexpected keyword argument 'memory'",
        "reproduction_steps": [
          "Run integration test: Deadline pressure",
          "Description: Efficient completion under time constraints",
          "Exception: __init__() got an unexpected keyword argument 'memory'"
        ],
        "timestamp": "2025-07-15T22:05:08.513990",
        "tools_involved": [],
        "conversation_context": ""
      }
    ]
  },
  {
    "test_id": "integration_long_conversation",
    "test_name": "Integration: Long conversation persistence",
    "category": "Integration",
    "status": "ERROR",
    "execution_time": 0.0010399818420410156,
    "tools_used": [],
    "error_details": "__init__() got an unexpected keyword argument 'memory'",
    "quality_score": null,
    "output_sample": null,
    "bug_reports": [
      {
        "bug_id": "BUG-EVAL-089",
        "test_id": "integration_long_conversation",
        "severity": "MEDIUM",
        "category": "Integration",
        "description": "Integration test long_conversation failed",
        "error_details": "__init__() got an unexpected keyword argument 'memory'",
        "reproduction_steps": [
          "Run integration test: Long conversation persistence",
          "Description: 50+ turn conversations",
          "Exception: __init__() got an unexpected keyword argument 'memory'"
        ],
        "timestamp": "2025-07-15T22:05:08.515114",
        "tools_involved": [],
        "conversation_context": ""
      }
    ]
  },
  {
    "test_id": "integration_cross_session",
    "test_name": "Integration: Cross-session continuity",
    "category": "Integration",
    "status": "ERROR",
    "execution_time": 0.0009920597076416016,
    "tools_used": [],
    "error_details": "__init__() got an unexpected keyword argument 'memory'",
    "quality_score": null,
    "output_sample": null,
    "bug_reports": [
      {
        "bug_id": "BUG-EVAL-090",
        "test_id": "integration_cross_session",
        "severity": "MEDIUM",
        "category": "Integration",
        "description": "Integration test cross_session failed",
        "error_details": "__init__() got an unexpected keyword argument 'memory'",
        "reproduction_steps": [
          "Run integration test: Cross-session continuity",
          "Description: Resume conversations after restart",
          "Exception: __init__() got an unexpected keyword argument 'memory'"
        ],
        "timestamp": "2025-07-15T22:05:08.516061",
        "tools_involved": [],
        "conversation_context": ""
      }
    ]
  },
  {
    "test_id": "integration_profile_evolution",
    "test_name": "Integration: Profile evolution",
    "category": "Integration",
    "status": "ERROR",
    "execution_time": 0.0009491443634033203,
    "tools_used": [],
    "error_details": "__init__() got an unexpected keyword argument 'memory'",
    "quality_score": null,
    "output_sample": null,
    "bug_reports": [
      {
        "bug_id": "BUG-EVAL-091",
        "test_id": "integration_profile_evolution",
        "severity": "MEDIUM",
        "category": "Integration",
        "description": "Integration test profile_evolution failed",
        "error_details": "__init__() got an unexpected keyword argument 'memory'",
        "reproduction_steps": [
          "Run integration test: Profile evolution",
          "Description: User data updates affecting recommendations",
          "Exception: __init__() got an unexpected keyword argument 'memory'"
        ],
        "timestamp": "2025-07-15T22:05:08.517106",
        "tools_involved": [],
        "conversation_context": ""
      }
    ]
  },
  {
    "test_id": "integration_multi_essay_context",
    "test_name": "Integration: Multi-essay context",
    "category": "Integration",
    "status": "ERROR",
    "execution_time": 0.0009081363677978516,
    "tools_used": [],
    "error_details": "__init__() got an unexpected keyword argument 'memory'",
    "quality_score": null,
    "output_sample": null,
    "bug_reports": [
      {
        "bug_id": "BUG-EVAL-092",
        "test_id": "integration_multi_essay_context",
        "severity": "MEDIUM",
        "category": "Integration",
        "description": "Integration test multi_essay_context failed",
        "error_details": "__init__() got an unexpected keyword argument 'memory'",
        "reproduction_steps": [
          "Run integration test: Multi-essay context",
          "Description: Track multiple essays simultaneously",
          "Exception: __init__() got an unexpected keyword argument 'memory'"
        ],
        "timestamp": "2025-07-15T22:05:08.518050",
        "tools_involved": [],
        "conversation_context": ""
      }
    ]
  },
  {
    "test_id": "integration_context_retrieval",
    "test_name": "Integration: Context retrieval",
    "category": "Integration",
    "status": "ERROR",
    "execution_time": 0.0008687973022460938,
    "tools_used": [],
    "error_details": "__init__() got an unexpected keyword argument 'memory'",
    "quality_score": null,
    "output_sample": null,
    "bug_reports": [
      {
        "bug_id": "BUG-EVAL-093",
        "test_id": "integration_context_retrieval",
        "severity": "MEDIUM",
        "category": "Integration",
        "description": "Integration test context_retrieval failed",
        "error_details": "__init__() got an unexpected keyword argument 'memory'",
        "reproduction_steps": [
          "Run integration test: Context retrieval",
          "Description: Access relevant past conversations",
          "Exception: __init__() got an unexpected keyword argument 'memory'"
        ],
        "timestamp": "2025-07-15T22:05:08.518948",
        "tools_involved": [],
        "conversation_context": ""
      }
    ]
  },
  {
    "test_id": "integration_memory_conflict",
    "test_name": "Integration: Memory conflict resolution",
    "category": "Integration",
    "status": "ERROR",
    "execution_time": 0.0009338855743408203,
    "tools_used": [],
    "error_details": "__init__() got an unexpected keyword argument 'memory'",
    "quality_score": null,
    "output_sample": null,
    "bug_reports": [
      {
        "bug_id": "BUG-EVAL-094",
        "test_id": "integration_memory_conflict",
        "severity": "MEDIUM",
        "category": "Integration",
        "description": "Integration test memory_conflict failed",
        "error_details": "__init__() got an unexpected keyword argument 'memory'",
        "reproduction_steps": [
          "Run integration test: Memory conflict resolution",
          "Description: Handle contradictory user information",
          "Exception: __init__() got an unexpected keyword argument 'memory'"
        ],
        "timestamp": "2025-07-15T22:05:08.519877",
        "tools_involved": [],
        "conversation_context": ""
      }
    ]
  },
  {
    "test_id": "integration_high_load",
    "test_name": "Integration: High-load simulation",
    "category": "Integration",
    "status": "ERROR",
    "execution_time": 0.0009510517120361328,
    "tools_used": [],
    "error_details": "__init__() got an unexpected keyword argument 'memory'",
    "quality_score": null,
    "output_sample": null,
    "bug_reports": [
      {
        "bug_id": "BUG-EVAL-095",
        "test_id": "integration_high_load",
        "severity": "MEDIUM",
        "category": "Integration",
        "description": "Integration test high_load failed",
        "error_details": "__init__() got an unexpected keyword argument 'memory'",
        "reproduction_steps": [
          "Run integration test: High-load simulation",
          "Description: Rapid successive tool calls",
          "Exception: __init__() got an unexpected keyword argument 'memory'"
        ],
        "timestamp": "2025-07-15T22:05:08.520831",
        "tools_involved": [],
        "conversation_context": ""
      }
    ]
  },
  {
    "test_id": "integration_error_recovery",
    "test_name": "Integration: Error recovery",
    "category": "Integration",
    "status": "ERROR",
    "execution_time": 0.0008950233459472656,
    "tools_used": [],
    "error_details": "__init__() got an unexpected keyword argument 'memory'",
    "quality_score": null,
    "output_sample": null,
    "bug_reports": [
      {
        "bug_id": "BUG-EVAL-096",
        "test_id": "integration_error_recovery",
        "severity": "MEDIUM",
        "category": "Integration",
        "description": "Integration test error_recovery failed",
        "error_details": "__init__() got an unexpected keyword argument 'memory'",
        "reproduction_steps": [
          "Run integration test: Error recovery",
          "Description: Graceful handling of various failure modes",
          "Exception: __init__() got an unexpected keyword argument 'memory'"
        ],
        "timestamp": "2025-07-15T22:05:08.521773",
        "tools_involved": [],
        "conversation_context": ""
      }
    ]
  },
  {
    "test_id": "integration_quality_consistency",
    "test_name": "Integration: Response quality consistency",
    "category": "Integration",
    "status": "ERROR",
    "execution_time": 0.0008471012115478516,
    "tools_used": [],
    "error_details": "__init__() got an unexpected keyword argument 'memory'",
    "quality_score": null,
    "output_sample": null,
    "bug_reports": [
      {
        "bug_id": "BUG-EVAL-097",
        "test_id": "integration_quality_consistency",
        "severity": "MEDIUM",
        "category": "Integration",
        "description": "Integration test quality_consistency failed",
        "error_details": "__init__() got an unexpected keyword argument 'memory'",
        "reproduction_steps": [
          "Run integration test: Response quality consistency",
          "Description: Ensure stable output quality",
          "Exception: __init__() got an unexpected keyword argument 'memory'"
        ],
        "timestamp": "2025-07-15T22:05:08.522642",
        "tools_involved": [],
        "conversation_context": ""
      }
    ]
  },
  {
    "test_id": "integration_latency_measurement",
    "test_name": "Integration: Latency measurement",
    "category": "Integration",
    "status": "ERROR",
    "execution_time": 0.0015060901641845703,
    "tools_used": [],
    "error_details": "__init__() got an unexpected keyword argument 'memory'",
    "quality_score": null,
    "output_sample": null,
    "bug_reports": [
      {
        "bug_id": "BUG-EVAL-098",
        "test_id": "integration_latency_measurement",
        "severity": "MEDIUM",
        "category": "Integration",
        "description": "Integration test latency_measurement failed",
        "error_details": "__init__() got an unexpected keyword argument 'memory'",
        "reproduction_steps": [
          "Run integration test: Latency measurement",
          "Description: Track tool execution times",
          "Exception: __init__() got an unexpected keyword argument 'memory'"
        ],
        "timestamp": "2025-07-15T22:05:08.523797",
        "tools_involved": [],
        "conversation_context": ""
      }
    ]
  },
  {
    "test_id": "integration_resource_usage",
    "test_name": "Integration: Resource usage",
    "category": "Integration",
    "status": "ERROR",
    "execution_time": 0.0016798973083496094,
    "tools_used": [],
    "error_details": "__init__() got an unexpected keyword argument 'memory'",
    "quality_score": null,
    "output_sample": null,
    "bug_reports": [
      {
        "bug_id": "BUG-EVAL-099",
        "test_id": "integration_resource_usage",
        "severity": "MEDIUM",
        "category": "Integration",
        "description": "Integration test resource_usage failed",
        "error_details": "__init__() got an unexpected keyword argument 'memory'",
        "reproduction_steps": [
          "Run integration test: Resource usage",
          "Description: Monitor memory and CPU consumption",
          "Exception: __init__() got an unexpected keyword argument 'memory'"
        ],
        "timestamp": "2025-07-15T22:05:08.525878",
        "tools_involved": [],
        "conversation_context": ""
      }
    ]
  },
  {
    "test_id": "integration_stress_testing",
    "test_name": "Integration: Stress testing",
    "category": "Integration",
    "status": "ERROR",
    "execution_time": 0.0008921623229980469,
    "tools_used": [],
    "error_details": "__init__() got an unexpected keyword argument 'memory'",
    "quality_score": null,
    "output_sample": null,
    "bug_reports": [
      {
        "bug_id": "BUG-EVAL-100",
        "test_id": "integration_stress_testing",
        "severity": "MEDIUM",
        "category": "Integration",
        "description": "Integration test stress_testing failed",
        "error_details": "__init__() got an unexpected keyword argument 'memory'",
        "reproduction_steps": [
          "Run integration test: Stress testing",
          "Description: Push system to operational limits",
          "Exception: __init__() got an unexpected keyword argument 'memory'"
        ],
        "timestamp": "2025-07-15T22:05:08.526872",
        "tools_involved": [],
        "conversation_context": ""
      }
    ]
  }
]